[21/05/2025, 08:19:00] info: Logging was started to file.
[21/05/2025, 08:19:00] info: Start application inspector initialization
[21/05/2025, 08:19:00] info: Hide developer mode UI
[21/05/2025, 08:19:00] info: Infrastructure Configurations: {"port":8000,"infrastructureAssemblyFolderPath":"C:\\Users\\papel\\AppData\\Local\\Application Inspector Analyzer","applicationResourcesFolderPath":"C:\\Users\\papel\\AppData\\Local\\Application Inspector Analyzer","scanTargetFolderPath":"c:\\Users\\papel\\Desktop\\papelaria-carrinho","isDebugging":false,"logLevel":{"i2_1":"Error","j2_1":5,"type":5,"key":"Settings.LogLevel.Error.Text"},"logDir":"c:\\Users\\papel\\Desktop\\papelaria-carrinho\\.ai\\Logs\\Infrastructure\\2025-05-21-08-19-00","tipsFoundNotificationThreshold":15,"similarIssuesFoundNotificationThreshold":15,"applicationLocalDataFolderPath":"c:\\Users\\papel\\Desktop\\papelaria-carrinho\\.ai"}
[21/05/2025, 08:19:00] info: Start infrastructure initialization
[21/05/2025, 08:19:02] info: Infrastructure was started
[21/05/2025, 08:19:05] info: Initialize aie integration isn't initialized
[21/05/2025, 08:19:05] info: Infrastructure was initialized
[21/05/2025, 08:19:05] info: Infrastructure Installer was deleted
[21/05/2025, 08:19:06] warn: Localization 2070 was not found for apache mod_negotiation resource location disclosure
[21/05/2025, 08:19:06] warn: Localization 2070 was not found for arbitrary directory copying
[21/05/2025, 08:19:06] warn: Localization 2070 was not found for arbitrary directory creation
[21/05/2025, 08:19:06] warn: Localization 2070 was not found for arbitrary directory deletion
[21/05/2025, 08:19:06] warn: Localization 2070 was not found for arbitrary directory listing
[21/05/2025, 08:19:06] warn: Localization 2070 was not found for arbitrary directory moving
[21/05/2025, 08:19:06] warn: Localization 2070 was not found for arbitrary file copying
[21/05/2025, 08:19:06] warn: Localization 2070 was not found for arbitrary file creation
[21/05/2025, 08:19:06] warn: Localization 2070 was not found for arbitrary file deletion
[21/05/2025, 08:19:06] warn: Localization 2070 was not found for arbitrary file modification
[21/05/2025, 08:19:06] warn: Localization 2070 was not found for arbitrary file moving
[21/05/2025, 08:19:06] warn: Localization 2070 was not found for arbitrary file reading
[21/05/2025, 08:19:06] warn: Localization 2070 was not found for cookie injection
[21/05/2025, 08:19:06] warn: Localization 2070 was not found for credentials brute-force
[21/05/2025, 08:19:06] warn: Localization 2070 was not found for cross-site request forgery
[21/05/2025, 08:19:06] warn: Localization 2070 was not found for cross-site scripting
[21/05/2025, 08:19:06] warn: Localization 2070 was not found for cursor injection
[21/05/2025, 08:19:06] warn: Localization 2070 was not found for cursor sqli
[21/05/2025, 08:19:06] warn: Localization 2070 was not found for default
[21/05/2025, 08:19:06] warn: Localization 2070 was not found for denial of service
[21/05/2025, 08:19:06] warn: Localization 2070 was not found for deserialization of untrusted data
[21/05/2025, 08:19:06] warn: Localization 2070 was not found for df
[21/05/2025, 08:19:06] warn: Localization 2070 was not found for djangoorminjection
[21/05/2025, 08:19:06] warn: Localization 2070 was not found for dll injection
[21/05/2025, 08:19:06] warn: Localization 2070 was not found for double free
[21/05/2025, 08:19:06] warn: Localization 2070 was not found for dynamic code injection
[21/05/2025, 08:19:06] warn: Localization 2070 was not found for dynamic query injection
[21/05/2025, 08:19:06] warn: Localization 2070 was not found for external control of configuration
[21/05/2025, 08:19:06] warn: Localization 2070 was not found for fingerprinting
[21/05/2025, 08:19:06] warn: Localization 2070 was not found for format string
[21/05/2025, 08:19:06] warn: Localization 2070 was not found for hardcoded password
[21/05/2025, 08:19:06] warn: Localization 2070 was not found for heap overflow
[21/05/2025, 08:19:06] warn: Localization 2070 was not found for http header injection
[21/05/2025, 08:19:06] warn: Localization 2070 was not found for http request splitting
[21/05/2025, 08:19:06] warn: Localization 2070 was not found for http response splitting
[21/05/2025, 08:19:06] warn: Localization 2070 was not found for improper access control taint
[21/05/2025, 08:19:06] warn: Localization 2070 was not found for improper resource shutdown or release
[21/05/2025, 08:19:06] warn: Localization 2070 was not found for information exposure
[21/05/2025, 08:19:06] warn: Localization 2070 was not found for injection
[21/05/2025, 08:19:06] warn: Localization 2070 was not found for insecure direct object references
[21/05/2025, 08:19:06] warn: Localization 2070 was not found for insufficient session expiration
[21/05/2025, 08:19:06] warn: Localization 2070 was not found for integer overflow
[21/05/2025, 08:19:06] warn: Localization 2070 was not found for ldap injection
[21/05/2025, 08:19:06] warn: Localization 2070 was not found for like injection
[21/05/2025, 08:19:06] warn: Localization 2070 was not found for linq injection
[21/05/2025, 08:19:06] warn: Localization 2070 was not found for local file inclusion
[21/05/2025, 08:19:06] warn: Localization 2070 was not found for log forging
[21/05/2025, 08:19:06] warn: Localization 2070 was not found for nosql injection
[21/05/2025, 08:19:06] warn: Localization 2070 was not found for null dereference
[21/05/2025, 08:19:06] warn: Localization 2070 was not found for object injection
[21/05/2025, 08:19:06] warn: Localization 2070 was not found for open redirect
[21/05/2025, 08:19:06] warn: Localization 2070 was not found for orm injection
[21/05/2025, 08:19:06] warn: Localization 2070 was not found for os commanding
[21/05/2025, 08:19:06] warn: Localization 2070 was not found for padding oracle attack
[21/05/2025, 08:19:06] warn: Localization 2070 was not found for path traversal
[21/05/2025, 08:19:06] warn: Localization 2070 was not found for persistent cookie exposing
[21/05/2025, 08:19:06] warn: Localization 2070 was not found for potential path traversal
[21/05/2025, 08:19:06] warn: Localization 2070 was not found for process control
[21/05/2025, 08:19:06] warn: Localization 2070 was not found for redos
[21/05/2025, 08:19:06] warn: Localization 2070 was not found for remote code execution
[21/05/2025, 08:19:06] warn: Localization 2070 was not found for remote file inclusion
[21/05/2025, 08:19:06] warn: Localization 2070 was not found for resource exhaustion
[21/05/2025, 08:19:06] warn: Localization 2070 was not found for resource location brute-force
[21/05/2025, 08:19:06] warn: Localization 2070 was not found for server-side request forgery
[21/05/2025, 08:19:06] warn: Localization 2070 was not found for server-side template injection
[21/05/2025, 08:19:06] warn: Localization 2070 was not found for serverfingerprinting
[21/05/2025, 08:19:06] warn: Localization 2070 was not found for session management weakness
[21/05/2025, 08:19:06] warn: Localization 2070 was not found for shellshock
[21/05/2025, 08:19:06] warn: Localization 2070 was not found for smtp header injection
[21/05/2025, 08:19:06] warn: Localization 2070 was not found for sql injection
[21/05/2025, 08:19:06] warn: Localization 2070 was not found for sqli
[21/05/2025, 08:19:06] warn: Localization 2070 was not found for stack overflow
[21/05/2025, 08:19:06] warn: Localization 2070 was not found for uaf
[21/05/2025, 08:19:06] warn: Localization 2070 was not found for uncontrolled data manipulation
[21/05/2025, 08:19:06] warn: Localization 2070 was not found for uncontrolled env var modification
[21/05/2025, 08:19:06] warn: Localization 2070 was not found for unrestricted file upload
[21/05/2025, 08:19:06] warn: Localization 2070 was not found for use after free
[21/05/2025, 08:19:06] warn: Localization 2070 was not found for webview xss taint
[21/05/2025, 08:19:06] warn: Localization 2070 was not found for xml entity expansion
[21/05/2025, 08:19:06] warn: Localization 2070 was not found for xml external entity
[21/05/2025, 08:19:06] warn: Localization 2070 was not found for xpath injection
[21/05/2025, 08:19:06] warn: Localization 2070 was not found for xquery injection
[21/05/2025, 08:19:06] warn: Localization 2070 was not found for 100
[21/05/2025, 08:19:06] warn: Localization 2070 was not found for 101
[21/05/2025, 08:19:06] warn: Localization 2070 was not found for 102
[21/05/2025, 08:19:06] warn: Localization 2070 was not found for 103
[21/05/2025, 08:19:06] warn: Localization 2070 was not found for 104
[21/05/2025, 08:19:06] warn: Localization 2070 was not found for 105
[21/05/2025, 08:19:06] warn: Localization 2070 was not found for 107
[21/05/2025, 08:19:06] warn: Localization 2070 was not found for 108
[21/05/2025, 08:19:06] warn: Localization 2070 was not found for 109
[21/05/2025, 08:19:06] warn: Localization 2070 was not found for 111
[21/05/2025, 08:19:06] warn: Localization 2070 was not found for 113
[21/05/2025, 08:19:06] warn: Localization 2070 was not found for 114
[21/05/2025, 08:19:06] warn: Localization 2070 was not found for 116
[21/05/2025, 08:19:06] warn: Localization 2070 was not found for 117
[21/05/2025, 08:19:06] warn: Localization 2070 was not found for 118
[21/05/2025, 08:19:06] warn: Localization 2070 was not found for 120
[21/05/2025, 08:19:06] warn: Localization 2070 was not found for 122
[21/05/2025, 08:19:06] warn: Localization 2070 was not found for 123
[21/05/2025, 08:19:06] warn: Localization 2070 was not found for 124
[21/05/2025, 08:19:06] warn: Localization 2070 was not found for 125
[21/05/2025, 08:19:06] warn: Localization 2070 was not found for 127
[21/05/2025, 08:19:06] warn: Localization 2070 was not found for 128
[21/05/2025, 08:19:06] warn: Localization 2070 was not found for 129
[21/05/2025, 08:19:06] warn: Localization 2070 was not found for 130
[21/05/2025, 08:19:06] warn: Localization 2070 was not found for 135
[21/05/2025, 08:19:06] warn: Localization 2070 was not found for 138
[21/05/2025, 08:19:06] warn: Localization 2070 was not found for 139
[21/05/2025, 08:19:06] warn: Localization 2070 was not found for 140
[21/05/2025, 08:19:06] warn: Localization 2070 was not found for 141
[21/05/2025, 08:19:06] warn: Localization 2070 was not found for 142
[21/05/2025, 08:19:06] warn: Localization 2070 was not found for 144
[21/05/2025, 08:19:06] warn: Localization 2070 was not found for 145
[21/05/2025, 08:19:06] warn: Localization 2070 was not found for 146
[21/05/2025, 08:19:06] warn: Localization 2070 was not found for 147
[21/05/2025, 08:19:06] warn: Localization 2070 was not found for 148
[21/05/2025, 08:19:06] warn: Localization 2070 was not found for 149
[21/05/2025, 08:19:06] warn: Localization 2070 was not found for 150
[21/05/2025, 08:19:06] warn: Localization 2070 was not found for 151
[21/05/2025, 08:19:06] warn: Localization 2070 was not found for 152
[21/05/2025, 08:19:06] warn: Localization 2070 was not found for 153
[21/05/2025, 08:19:06] warn: Localization 2070 was not found for 154
[21/05/2025, 08:19:06] warn: Localization 2070 was not found for 156
[21/05/2025, 08:19:06] warn: Localization 2070 was not found for 157
[21/05/2025, 08:19:06] warn: Localization 2070 was not found for 158
[21/05/2025, 08:19:06] warn: Localization 2070 was not found for 159
[21/05/2025, 08:19:06] warn: Localization 2070 was not found for 160
[21/05/2025, 08:19:06] warn: Localization 2070 was not found for 161
[21/05/2025, 08:19:06] warn: Localization 2070 was not found for 162
[21/05/2025, 08:19:06] warn: Localization 2070 was not found for 163
[21/05/2025, 08:19:06] warn: Localization 2070 was not found for 164
[21/05/2025, 08:19:06] warn: Localization 2070 was not found for 165
[21/05/2025, 08:19:06] warn: Localization 2070 was not found for 200
[21/05/2025, 08:19:06] warn: Localization 2070 was not found for 24544
[21/05/2025, 08:19:06] warn: Localization 2070 was not found for 24545
[21/05/2025, 08:19:06] warn: Localization 2070 was not found for 24546
[21/05/2025, 08:19:06] warn: Localization 2070 was not found for 24547
[21/05/2025, 08:19:06] warn: Localization 2070 was not found for 24548
[21/05/2025, 08:19:06] warn: Localization 2070 was not found for 24549
[21/05/2025, 08:19:06] warn: Localization 2070 was not found for 24550
[21/05/2025, 08:19:06] warn: Localization 2070 was not found for 24551
[21/05/2025, 08:19:06] warn: Localization 2070 was not found for 24552
[21/05/2025, 08:19:06] warn: Localization 2070 was not found for 24553
[21/05/2025, 08:19:06] warn: Localization 2070 was not found for 24554
[21/05/2025, 08:19:06] warn: Localization 2070 was not found for 24555
[21/05/2025, 08:19:06] warn: Localization 2070 was not found for 24556
[21/05/2025, 08:19:06] warn: Localization 2070 was not found for 24557
[21/05/2025, 08:19:06] warn: Localization 2070 was not found for 24558
[21/05/2025, 08:19:06] warn: Localization 2070 was not found for 24559
[21/05/2025, 08:19:06] warn: Localization 2070 was not found for 24560
[21/05/2025, 08:19:06] warn: Localization 2070 was not found for 24561
[21/05/2025, 08:19:06] warn: Localization 2070 was not found for 24562
[21/05/2025, 08:19:06] warn: Localization 2070 was not found for 24563
[21/05/2025, 08:19:06] warn: Localization 2070 was not found for 24564
[21/05/2025, 08:19:06] warn: Localization 2070 was not found for 24565
[21/05/2025, 08:19:06] warn: Localization 2070 was not found for 24566
[21/05/2025, 08:19:06] warn: Localization 2070 was not found for 24567
[21/05/2025, 08:19:06] warn: Localization 2070 was not found for 24568
[21/05/2025, 08:19:06] warn: Localization 2070 was not found for 305
[21/05/2025, 08:19:06] warn: Localization 2070 was not found for 96
[21/05/2025, 08:19:06] warn: Localization 2070 was not found for 97
[21/05/2025, 08:19:06] warn: Localization 2070 was not found for 98
[21/05/2025, 08:19:06] warn: Localization 2070 was not found for 99
[21/05/2025, 08:19:06] warn: Localization 2070 was not found for attributes code inside addeventlistener
[21/05/2025, 08:19:06] warn: Localization 2070 was not found for attributes code inside attachevent
[21/05/2025, 08:19:06] warn: Localization 2070 was not found for attributes code inside createattribute
[21/05/2025, 08:19:06] warn: Localization 2070 was not found for attributes code inside element event
[21/05/2025, 08:19:06] warn: Localization 2070 was not found for attributes code inside setattribute
[21/05/2025, 08:19:06] warn: Localization 2070 was not found for attributes code inside setattributens
[21/05/2025, 08:19:06] warn: Localization 2070 was not found for buffer overflow
[21/05/2025, 08:19:06] warn: Localization 2070 was not found for buffer overflow in python
[21/05/2025, 08:19:06] warn: Localization 2070 was not found for buffer overflow pm
[21/05/2025, 08:19:06] warn: Localization 2070 was not found for class defines clone but not implement cloneable
[21/05/2025, 08:19:06] warn: Localization 2070 was not found for csrf protection disabled
[21/05/2025, 08:19:06] warn: Localization 2070 was not found for cursor snarfing plsql
[21/05/2025, 08:19:06] warn: Localization 2070 was not found for cursor snarfing tsql
[21/05/2025, 08:19:06] warn: Localization 2070 was not found for dangerous function plsql
[21/05/2025, 08:19:06] warn: Localization 2070 was not found for dangerous function tsql
[21/05/2025, 08:19:06] warn: Localization 2070 was not found for debug information leakage
[21/05/2025, 08:19:06] warn: Localization 2070 was not found for debug mode python
[21/05/2025, 08:19:06] warn: Localization 2070 was not found for deprecated functions objc
[21/05/2025, 08:19:06] warn: Localization 2070 was not found for deserialization of untrusted data pm
[21/05/2025, 08:19:06] warn: Localization 2070 was not found for deserialization of untrusted data pm python
[21/05/2025, 08:19:06] warn: Localization 2070 was not found for detection of error condition without action
[21/05/2025, 08:19:06] warn: Localization 2070 was not found for direct use of threads
[21/05/2025, 08:19:06] warn: Localization 2070 was not found for directorytraversalcreatereadstream
[21/05/2025, 08:19:06] warn: Localization 2070 was not found for directorytraversalreadfile
[21/05/2025, 08:19:06] warn: Localization 2070 was not found for disabling ssl certificate checks
[21/05/2025, 08:19:06] warn: Localization 2070 was not found for disabling ssl certificate checks c
[21/05/2025, 08:19:06] warn: Localization 2070 was not found for disabling ssl-tls certificate checks go
[21/05/2025, 08:19:06] warn: Localization 2070 was not found for divide by zero
[21/05/2025, 08:19:06] warn: Localization 2070 was not found for dom modification contextual fragment
[21/05/2025, 08:19:06] warn: Localization 2070 was not found for dom modification html tag
[21/05/2025, 08:19:06] warn: Localization 2070 was not found for dom modification selected position
[21/05/2025, 08:19:06] warn: Localization 2070 was not found for dom modification string inside document
[21/05/2025, 08:19:06] warn: Localization 2070 was not found for download of code without integrity check
[21/05/2025, 08:19:06] warn: Localization 2070 was not found for embedded malicious code
[21/05/2025, 08:19:06] warn: Localization 2070 was not found for empty default exception handler
[21/05/2025, 08:19:06] warn: Localization 2070 was not found for erroneous null comparison
[21/05/2025, 08:19:06] warn: Localization 2070 was not found for exposure of data element to wrong session
[21/05/2025, 08:19:06] warn: Localization 2070 was not found for exposure of system data to an unauthorized control sphere
[21/05/2025, 08:19:06] warn: Localization 2070 was not found for external control of file name or path
[21/05/2025, 08:19:06] warn: Localization 2070 was not found for file snarfing plsql
[21/05/2025, 08:19:06] warn: Localization 2070 was not found for format string pm
[21/05/2025, 08:19:06] warn: Localization 2070 was not found for forwarding via location
[21/05/2025, 08:19:06] warn: Localization 2070 was not found for forwarding via location function
[21/05/2025, 08:19:06] warn: Localization 2070 was not found for forwarding via opening new tab
[21/05/2025, 08:19:06] warn: Localization 2070 was not found for ftpusage
[21/05/2025, 08:19:06] warn: Localization 2070 was not found for go weak cryptographic hash
[21/05/2025, 08:19:06] warn: Localization 2070 was not found for hardcoded initialization vector
[21/05/2025, 08:19:06] warn: Localization 2070 was not found for hardcoded key
[21/05/2025, 08:19:06] warn: Localization 2070 was not found for hardcoded password kotlin
[21/05/2025, 08:19:06] warn: Localization 2070 was not found for hardcoded password pm
[21/05/2025, 08:19:06] warn: Localization 2070 was not found for hardcoded pbkdf password
[21/05/2025, 08:19:06] warn: Localization 2070 was not found for headerinjection
[21/05/2025, 08:19:06] warn: Localization 2070 was not found for improper access control
[21/05/2025, 08:19:06] warn: Localization 2070 was not found for improper access control c
[21/05/2025, 08:19:06] warn: Localization 2070 was not found for improper certificate validation
[21/05/2025, 08:19:06] warn: Localization 2070 was not found for improper check for unusual or exceptional conditions
[21/05/2025, 08:19:06] warn: Localization 2070 was not found for improperly implemented security check for standard
[21/05/2025, 08:19:06] warn: Localization 2070 was not found for include interface ssl
[21/05/2025, 08:19:06] warn: Localization 2070 was not found for incorrect permission assignment for critical resource
[21/05/2025, 08:19:06] warn: Localization 2070 was not found for incorrect permission assignment for critical resource 1
[21/05/2025, 08:19:06] warn: Localization 2070 was not found for incorrect permission assignment for critical resource go
[21/05/2025, 08:19:06] warn: Localization 2070 was not found for incorrect permission assignment for critical resource java
[21/05/2025, 08:19:06] warn: Localization 2070 was not found for incorrect unix api using
[21/05/2025, 08:19:06] warn: Localization 2070 was not found for incorrect usage of seeds in pseudo-random number generator
[21/05/2025, 08:19:06] warn: Localization 2070 was not found for incorrectpermissionassignmentphp
[21/05/2025, 08:19:06] warn: Localization 2070 was not found for information exposure pm
[21/05/2025, 08:19:06] warn: Localization 2070 was not found for information exposure through an error message
[21/05/2025, 08:19:06] warn: Localization 2070 was not found for information exposure through comments
[21/05/2025, 08:19:06] warn: Localization 2070 was not found for information exposure through persistent cookies
[21/05/2025, 08:19:06] warn: Localization 2070 was not found for information exposure through persistent cookies 1
[21/05/2025, 08:19:06] warn: Localization 2070 was not found for information exposure through static content
[21/05/2025, 08:19:06] warn: Localization 2070 was not found for informationexposureviaexception
[21/05/2025, 08:19:06] warn: Localization 2070 was not found for insecure cipher key export
[21/05/2025, 08:19:06] warn: Localization 2070 was not found for insecure connection protocol
[21/05/2025, 08:19:06] warn: Localization 2070 was not found for insecure cookie 1
[21/05/2025, 08:19:06] warn: Localization 2070 was not found for insecure cookie 2
[21/05/2025, 08:19:06] warn: Localization 2070 was not found for insecure cookie scope
[21/05/2025, 08:19:06] warn: Localization 2070 was not found for insecure data storage
[21/05/2025, 08:19:06] warn: Localization 2070 was not found for insecure data storage objc simple
[21/05/2025, 08:19:06] warn: Localization 2070 was not found for insecure network binding
[21/05/2025, 08:19:06] warn: Localization 2070 was not found for insecure randomness ojbc
[21/05/2025, 08:19:06] warn: Localization 2070 was not found for insecure randomness plsql
[21/05/2025, 08:19:06] warn: Localization 2070 was not found for insecure randomness tsql
[21/05/2025, 08:19:06] warn: Localization 2070 was not found for insecure rsa padding
[21/05/2025, 08:19:06] warn: Localization 2070 was not found for insecure rsa padding 1
[21/05/2025, 08:19:06] warn: Localization 2070 was not found for insecure ssl connection
[21/05/2025, 08:19:06] warn: Localization 2070 was not found for insecure ssl connection 1
[21/05/2025, 08:19:06] warn: Localization 2070 was not found for insecure ssl protocol
[21/05/2025, 08:19:06] warn: Localization 2070 was not found for insecure transport java
[21/05/2025, 08:19:06] warn: Localization 2070 was not found for insecure usage of jinja templates
[21/05/2025, 08:19:06] warn: Localization 2070 was not found for insecure usage of mako templates
[21/05/2025, 08:19:06] warn: Localization 2070 was not found for insecure validation functions
[21/05/2025, 08:19:06] warn: Localization 2070 was not found for insecure validation functions 1
[21/05/2025, 08:19:06] warn: Localization 2070 was not found for insecure work with temporary files
[21/05/2025, 08:19:06] warn: Localization 2070 was not found for insecureevalpython
[21/05/2025, 08:19:06] warn: Localization 2070 was not found for insufficient cors policy
[21/05/2025, 08:19:06] warn: Localization 2070 was not found for insufficient encryption key length
[21/05/2025, 08:19:06] warn: Localization 2070 was not found for insufficient encryption key length 1
[21/05/2025, 08:19:06] warn: Localization 2070 was not found for insufficient key size go
[21/05/2025, 08:19:06] warn: Localization 2070 was not found for insufficient logging&monitoring
[21/05/2025, 08:19:06] warn: Localization 2070 was not found for insufficient session expiration pm
[21/05/2025, 08:19:06] warn: Localization 2070 was not found for insufficientencryptionkeylength
[21/05/2025, 08:19:06] warn: Localization 2070 was not found for integer overflow pm
[21/05/2025, 08:19:06] warn: Localization 2070 was not found for jquery function that adds element
[21/05/2025, 08:19:06] warn: Localization 2070 was not found for jquery function that replaces element
[21/05/2025, 08:19:06] warn: Localization 2070 was not found for jquery html inside dom
[21/05/2025, 08:19:06] warn: Localization 2070 was not found for jquery unsafe functions for dom
[21/05/2025, 08:19:06] warn: Localization 2070 was not found for jquery wrap element to html
[21/05/2025, 08:19:06] warn: Localization 2070 was not found for json-test
[21/05/2025, 08:19:06] warn: Localization 2070 was not found for lack of the host key verification go
[21/05/2025, 08:19:06] warn: Localization 2070 was not found for least privilege violation
[21/05/2025, 08:19:06] warn: Localization 2070 was not found for leftover debug code
[21/05/2025, 08:19:06] warn: Localization 2070 was not found for marksafepython
[21/05/2025, 08:19:06] warn: Localization 2070 was not found for memory leak
[21/05/2025, 08:19:06] warn: Localization 2070 was not found for method without super clone
[21/05/2025, 08:19:06] warn: Localization 2070 was not found for method without super finalize
[21/05/2025, 08:19:06] warn: Localization 2070 was not found for missing auth localized reason
[21/05/2025, 08:19:06] warn: Localization 2070 was not found for missing encryption of sensitive data
[21/05/2025, 08:19:06] warn: Localization 2070 was not found for none
[21/05/2025, 08:19:06] warn: Localization 2070 was not found for notlsreject
[21/05/2025, 08:19:06] warn: Localization 2070 was not found for nslog using
[21/05/2025, 08:19:06] warn: Localization 2070 was not found for null dereference pattern
[21/05/2025, 08:19:06] warn: Localization 2070 was not found for null pbkdf password
[21/05/2025, 08:19:06] warn: Localization 2070 was not found for obsolete function
[21/05/2025, 08:19:06] warn: Localization 2070 was not found for openredirect
[21/05/2025, 08:19:06] warn: Localization 2070 was not found for overly broad grant
[21/05/2025, 08:19:06] warn: Localization 2070 was not found for override equals method without hashcode
[21/05/2025, 08:19:06] warn: Localization 2070 was not found for pattern matching
[21/05/2025, 08:19:06] warn: Localization 2070 was not found for php pm sensitive cookie in https session without ‘secure’ attribute
[21/05/2025, 08:19:06] warn: Localization 2070 was not found for plaintext storage of a password
[21/05/2025, 08:19:06] warn: Localization 2070 was not found for plaintext storage of a password 1
[21/05/2025, 08:19:06] warn: Localization 2070 was not found for play 1 html xss
[21/05/2025, 08:19:06] warn: Localization 2070 was not found for play 2 html xss
[21/05/2025, 08:19:06] warn: Localization 2070 was not found for poor logging practice logger
[21/05/2025, 08:19:06] warn: Localization 2070 was not found for poor logging practice system
[21/05/2025, 08:19:06] warn: Localization 2070 was not found for possible rce through sql injection
[21/05/2025, 08:19:06] warn: Localization 2070 was not found for private array typed field returned from a public method
[21/05/2025, 08:19:06] warn: Localization 2070 was not found for public data assigned to private array typed field
[21/05/2025, 08:19:06] warn: Localization 2070 was not found for python weak cryptographic hash
[21/05/2025, 08:19:06] warn: Localization 2070 was not found for python2input
[21/05/2025, 08:19:06] warn: Localization 2070 was not found for pythonassertion
[21/05/2025, 08:19:06] warn: Localization 2070 was not found for reflectedcrosssitescripting
[21/05/2025, 08:19:06] warn: Localization 2070 was not found for reliance on dns lookups in a security decision
[21/05/2025, 08:19:06] warn: Localization 2070 was not found for return of stack variable address
[21/05/2025, 08:19:06] warn: Localization 2070 was not found for reversible one way hash
[21/05/2025, 08:19:06] warn: Localization 2070 was not found for sensitive cookie in https session without ‘secure’ attribute
[21/05/2025, 08:19:06] warn: Localization 2070 was not found for sensitive cookie in https session without httponly attribute
[21/05/2025, 08:19:06] warn: Localization 2070 was not found for sensitive cookie in https session without secure attribute
[21/05/2025, 08:19:06] warn: Localization 2070 was not found for serversideinjectioneval
[21/05/2025, 08:19:06] warn: Localization 2070 was not found for serversideinjectionfunction
[21/05/2025, 08:19:06] warn: Localization 2070 was not found for serversideinjectionsetinterval
[21/05/2025, 08:19:06] warn: Localization 2070 was not found for serversideinjectionsettimeout
[21/05/2025, 08:19:06] warn: Localization 2070 was not found for serversideinjectionyaml
[21/05/2025, 08:19:06] warn: Localization 2070 was not found for ssl configuration flaws
[21/05/2025, 08:19:06] warn: Localization 2070 was not found for static random number generator
[21/05/2025, 08:19:06] warn: Localization 2070 was not found for time of check time of use race condition
[21/05/2025, 08:19:06] warn: Localization 2070 was not found for trust boundary violation
[21/05/2025, 08:19:06] warn: Localization 2070 was not found for type confusion
[21/05/2025, 08:19:06] warn: Localization 2070 was not found for uncontrolled memory allocation
[21/05/2025, 08:19:06] warn: Localization 2070 was not found for uncontrolled recursion
[21/05/2025, 08:19:06] warn: Localization 2070 was not found for unreachable code
[21/05/2025, 08:19:06] warn: Localization 2070 was not found for unsafe cross-origin resource sharing
[21/05/2025, 08:19:06] warn: Localization 2070 was not found for unsafe reflection
[21/05/2025, 08:19:06] warn: Localization 2070 was not found for unsalted one way hash
[21/05/2025, 08:19:06] warn: Localization 2070 was not found for unsalted one way hash 1
[21/05/2025, 08:19:06] warn: Localization 2070 was not found for unsaltedonewayhash
[21/05/2025, 08:19:06] warn: Localization 2070 was not found for unused var
[21/05/2025, 08:19:06] warn: Localization 2070 was not found for urllibusagepython
[21/05/2025, 08:19:06] warn: Localization 2070 was not found for use broken crypto
[21/05/2025, 08:19:06] warn: Localization 2070 was not found for use of a broken or risky cryptographic algorithm
[21/05/2025, 08:19:06] warn: Localization 2070 was not found for use of a broken or risky cryptographic algorithm 1
[21/05/2025, 08:19:06] warn: Localization 2070 was not found for use of a broken or risky cryptographic algorithm 2
[21/05/2025, 08:19:06] warn: Localization 2070 was not found for use of a broken or risky cryptographic algorithm 3
[21/05/2025, 08:19:06] warn: Localization 2070 was not found for use of a broken or risky cryptographic algorithm 4
[21/05/2025, 08:19:06] warn: Localization 2070 was not found for use of a broken or risky cryptographic algorithm 5
[21/05/2025, 08:19:06] warn: Localization 2070 was not found for use of a broken or risky cryptographic algorithm 6
[21/05/2025, 08:19:06] warn: Localization 2070 was not found for use of a broken or risky cryptographic algorithm go
[21/05/2025, 08:19:06] warn: Localization 2070 was not found for use of function with inconsistent implementations
[21/05/2025, 08:19:06] warn: Localization 2070 was not found for use of hardcoded cryptographic key
[21/05/2025, 08:19:06] warn: Localization 2070 was not found for use of insufficiently random values
[21/05/2025, 08:19:06] warn: Localization 2070 was not found for use of insufficiently random values 1
[21/05/2025, 08:19:06] warn: Localization 2070 was not found for use of insufficiently random values 2
[21/05/2025, 08:19:06] warn: Localization 2070 was not found for use of nullpointerexception catch
[21/05/2025, 08:19:06] warn: Localization 2070 was not found for use of obsolete function 1
[21/05/2025, 08:19:06] warn: Localization 2070 was not found for use of system exit
[21/05/2025, 08:19:06] warn: Localization 2070 was not found for use of uninitialized variable
[21/05/2025, 08:19:06] warn: Localization 2070 was not found for user driven insecure hash algorithm
[21/05/2025, 08:19:06] warn: Localization 2070 was not found for user driven insecure hash algorithm 1
[21/05/2025, 08:19:06] warn: Localization 2070 was not found for vulnerable template module
[21/05/2025, 08:19:06] warn: Localization 2070 was not found for weak crypto api objc
[21/05/2025, 08:19:06] warn: Localization 2070 was not found for weak crypto hash api objc
[21/05/2025, 08:19:06] warn: Localization 2070 was not found for weak crypto iv objc
[21/05/2025, 08:19:06] warn: Localization 2070 was not found for weak crypto key objc
[21/05/2025, 08:19:06] warn: Localization 2070 was not found for weak cryptographic algorithm 1
[21/05/2025, 08:19:06] warn: Localization 2070 was not found for weak cryptographic hash
[21/05/2025, 08:19:06] warn: Localization 2070 was not found for weak cryptographic hash plsql
[21/05/2025, 08:19:06] warn: Localization 2070 was not found for weak cryptographic hash tsql
[21/05/2025, 08:19:06] warn: Localization 2070 was not found for weak hmac key objc
[21/05/2025, 08:19:06] warn: Localization 2070 was not found for weak password requirements
[21/05/2025, 08:19:06] warn: Localization 2070 was not found for weak pbkdf salt
[21/05/2025, 08:19:06] warn: Localization 2070 was not found for weak rsa objc
[21/05/2025, 08:19:06] warn: Localization 2070 was not found for weakhashcrypto
[21/05/2025, 08:19:06] warn: Localization 2070 was not found for weakhashcryptojs
[21/05/2025, 08:19:06] warn: Localization 2070 was not found for webforms validaterequest
[21/05/2025, 08:19:06] warn: Localization 2070 was not found for webview xss
[21/05/2025, 08:19:06] warn: Localization 2070 was not found for xml external entity pm
[21/05/2025, 08:19:06] warn: Localization 2070 was not found for xss protection disabled
[21/05/2025, 08:19:06] warn: Localization 2070 was not found for yaml load
[21/05/2025, 08:19:06] warn: Localization 2070 was not found for .htaccess addhandler
[21/05/2025, 08:19:06] warn: Localization 2070 was not found for .htaccess addtype
[21/05/2025, 08:19:06] warn: Localization 2070 was not found for .htaccess options
[21/05/2025, 08:19:06] warn: Localization 2070 was not found for .htaccess php_value
[21/05/2025, 08:19:06] warn: Localization 2070 was not found for .htaccess serversignature
[21/05/2025, 08:19:06] warn: Localization 2070 was not found for android_manifest.xml @android:allowbackup
[21/05/2025, 08:19:06] warn: Localization 2070 was not found for android_manifest.xml @android:debuggable
[21/05/2025, 08:19:06] warn: Localization 2070 was not found for android_manifest.xml @android:exported
[21/05/2025, 08:19:06] warn: Localization 2070 was not found for android_manifest.xml @android:exported[provider]
[21/05/2025, 08:19:06] warn: Localization 2070 was not found for android_manifest.xml @android:protectionlevel
[21/05/2025, 08:19:06] warn: Localization 2070 was not found for android_manifest.xml @android:scheme
[21/05/2025, 08:19:06] warn: Localization 2070 was not found for android_networksecurityconfig.xml @src
[21/05/2025, 08:19:06] warn: Localization 2070 was not found for apache.conf addhandler
[21/05/2025, 08:19:06] warn: Localization 2070 was not found for apache.conf addtype
[21/05/2025, 08:19:06] warn: Localization 2070 was not found for apache.conf loadmodule
[21/05/2025, 08:19:06] warn: Localization 2070 was not found for apache.conf options
[21/05/2025, 08:19:06] warn: Localization 2070 was not found for apache.conf php_value
[21/05/2025, 08:19:06] warn: Localization 2070 was not found for apache.conf serversignature
[21/05/2025, 08:19:06] warn: Localization 2070 was not found for apache.conf servertokens
[21/05/2025, 08:19:06] warn: Localization 2070 was not found for apache.conf traceenable
[21/05/2025, 08:19:06] warn: Localization 2070 was not found for applicationhost.config @accesspolicy
[21/05/2025, 08:19:06] warn: Localization 2070 was not found for applicationhost.config @notlistedisapisallowed
[21/05/2025, 08:19:06] warn: Localization 2070 was not found for applicationhost.config @username
[21/05/2025, 08:19:06] warn: Localization 2070 was not found for conf arbitrary file upload file_uploads
[21/05/2025, 08:19:06] warn: Localization 2070 was not found for conf cross site scripting vulnerability http-only
[21/05/2025, 08:19:06] warn: Localization 2070 was not found for conf cross site scripting vulnerability httponlycookies
[21/05/2025, 08:19:06] warn: Localization 2070 was not found for conf cross site scripting vulnerability register_globals
[21/05/2025, 08:19:06] warn: Localization 2070 was not found for conf cross site scripting vulnerability session.cookie_httponly
[21/05/2025, 08:19:06] warn: Localization 2070 was not found for conf cross site scripting vulnerability traceenable
[21/05/2025, 08:19:06] warn: Localization 2070 was not found for conf cross site scripting vulnerability validaterequest
[21/05/2025, 08:19:06] warn: Localization 2070 was not found for conf denial of service loadmodule security2_module
[21/05/2025, 08:19:06] warn: Localization 2070 was not found for conf denial of service max_execution_time
[21/05/2025, 08:19:06] warn: Localization 2070 was not found for conf denial of service max_input_nesting_level
[21/05/2025, 08:19:06] warn: Localization 2070 was not found for conf denial of service max_input_time
[21/05/2025, 08:19:06] warn: Localization 2070 was not found for conf denial of service memory_limit
[21/05/2025, 08:19:06] warn: Localization 2070 was not found for conf denial of service post_max_size
[21/05/2025, 08:19:06] warn: Localization 2070 was not found for conf denial of service upload_max_filesize
[21/05/2025, 08:19:06] warn: Localization 2070 was not found for conf directory indexing autoindex
[21/05/2025, 08:19:06] warn: Localization 2070 was not found for conf directory indexing loadmodule autoindex_module
[21/05/2025, 08:19:06] warn: Localization 2070 was not found for conf directory indexing options
[21/05/2025, 08:19:06] warn: Localization 2070 was not found for conf directory indexing ssi
[21/05/2025, 08:19:06] warn: Localization 2070 was not found for conf information leakage curl.cainfo
[21/05/2025, 08:19:06] warn: Localization 2070 was not found for conf information leakage debug
[21/05/2025, 08:19:06] warn: Localization 2070 was not found for conf information leakage display_errors
[21/05/2025, 08:19:06] warn: Localization 2070 was not found for conf information leakage display_startup_errors
[21/05/2025, 08:19:06] warn: Localization 2070 was not found for conf information leakage error-code
[21/05/2025, 08:19:06] warn: Localization 2070 was not found for conf information leakage errordocument
[21/05/2025, 08:19:06] warn: Localization 2070 was not found for conf information leakage expose_php
[21/05/2025, 08:19:06] warn: Localization 2070 was not found for conf information leakage loadmodule include_module
[21/05/2025, 08:19:06] warn: Localization 2070 was not found for conf information leakage loadmodule info_module
[21/05/2025, 08:19:06] warn: Localization 2070 was not found for conf information leakage loadmodule negotiation_module
[21/05/2025, 08:19:06] warn: Localization 2070 was not found for conf information leakage mode
[21/05/2025, 08:19:06] warn: Localization 2070 was not found for conf information leakage param-name
[21/05/2025, 08:19:06] warn: Localization 2070 was not found for conf information leakage param-name-xsrf
[21/05/2025, 08:19:06] warn: Localization 2070 was not found for conf information leakage request_order
[21/05/2025, 08:19:06] warn: Localization 2070 was not found for conf information leakage server_tokens
[21/05/2025, 08:19:06] warn: Localization 2070 was not found for conf information leakage serversignature
[21/05/2025, 08:19:06] warn: Localization 2070 was not found for conf information leakage servertokens
[21/05/2025, 08:19:06] warn: Localization 2070 was not found for conf information leakage statuscode
[21/05/2025, 08:19:06] warn: Localization 2070 was not found for conf information leakage value
[21/05/2025, 08:19:06] warn: Localization 2070 was not found for conf insufficient authentication enableviewstatemac
[21/05/2025, 08:19:06] warn: Localization 2070 was not found for conf insufficient session expiration session-timeout
[21/05/2025, 08:19:06] warn: Localization 2070 was not found for conf insufficient transport layer protection requiressl
[21/05/2025, 08:19:06] warn: Localization 2070 was not found for conf insufficient transport layer protection secure
[21/05/2025, 08:19:06] warn: Localization 2070 was not found for conf insufficient transport layer protection transport-guarantee
[21/05/2025, 08:19:06] warn: Localization 2070 was not found for conf obsolete option safe_mode
[21/05/2025, 08:19:06] warn: Localization 2070 was not found for conf obsolete option safe_mode_exec_dir
[21/05/2025, 08:19:06] warn: Localization 2070 was not found for conf obsolete option safe_mode_gid
[21/05/2025, 08:19:06] warn: Localization 2070 was not found for conf obsolete option safe_mode_include_dir
[21/05/2025, 08:19:06] warn: Localization 2070 was not found for conf path traversal vulnerability open_basedir
[21/05/2025, 08:19:06] warn: Localization 2070 was not found for conf remote code execution addhandler
[21/05/2025, 08:19:06] warn: Localization 2070 was not found for conf remote code execution addtype
[21/05/2025, 08:19:06] warn: Localization 2070 was not found for conf remote code execution assert.active
[21/05/2025, 08:19:06] warn: Localization 2070 was not found for conf remote code execution auto_append_file
[21/05/2025, 08:19:06] warn: Localization 2070 was not found for conf remote code execution auto_prepend_file
[21/05/2025, 08:19:06] warn: Localization 2070 was not found for conf remote code execution enable_dl
[21/05/2025, 08:19:06] warn: Localization 2070 was not found for conf remote code execution php_value
[21/05/2025, 08:19:06] warn: Localization 2070 was not found for conf remote command execution disable_functions
[21/05/2025, 08:19:06] warn: Localization 2070 was not found for conf remote command execution http-method
[21/05/2025, 08:19:06] warn: Localization 2070 was not found for conf remote command execution loadmodule cgi_module
[21/05/2025, 08:19:06] warn: Localization 2070 was not found for conf remote file inclusion allow_url_fopen
[21/05/2025, 08:19:06] warn: Localization 2070 was not found for conf remote file inclusion allow_url_include
[21/05/2025, 08:19:06] warn: Localization 2070 was not found for conf remote file inclusion cgi.fix_pathinfo
[21/05/2025, 08:19:06] warn: Localization 2070 was not found for conf response splitting enableheaderchecking
[21/05/2025, 08:19:06] warn: Localization 2070 was not found for conf response splitting useunsafeheaderparsing
[21/05/2025, 08:19:06] warn: Localization 2070 was not found for conf session hijacking log_errors
[21/05/2025, 08:19:06] warn: Localization 2070 was not found for conf session hijacking session.cookie_lifetime
[21/05/2025, 08:19:06] warn: Localization 2070 was not found for conf session hijacking session.cookie_secure
[21/05/2025, 08:19:06] warn: Localization 2070 was not found for conf session hijacking session.referer_check
[21/05/2025, 08:19:06] warn: Localization 2070 was not found for conf session hijacking session.save_path
[21/05/2025, 08:19:06] warn: Localization 2070 was not found for conf session hijacking session.use_cookies
[21/05/2025, 08:19:06] warn: Localization 2070 was not found for conf session hijacking session.use_only_cookies
[21/05/2025, 08:19:06] warn: Localization 2070 was not found for conf session hijacking session.use_strict_mode
[21/05/2025, 08:19:06] warn: Localization 2070 was not found for conf session hijacking ssl
[21/05/2025, 08:19:06] warn: Localization 2070 was not found for conf session hijacking ssl_certificate
[21/05/2025, 08:19:06] warn: Localization 2070 was not found for conf session hijacking ssl_certificate_key
[21/05/2025, 08:19:06] warn: Localization 2070 was not found for conf session hijacking ssl_ciphers
[21/05/2025, 08:19:06] warn: Localization 2070 was not found for conf session hijacking ssl_dhparam
[21/05/2025, 08:19:06] warn: Localization 2070 was not found for conf session hijacking ssl_prefer_server_ciphers
[21/05/2025, 08:19:06] warn: Localization 2070 was not found for conf session hijacking ssl_protocols
[21/05/2025, 08:19:06] warn: Localization 2070 was not found for conf session hijacking ssl_session_cache
[21/05/2025, 08:19:06] warn: Localization 2070 was not found for conf session hijacking ssl_session_timeout
[21/05/2025, 08:19:06] warn: Localization 2070 was not found for conf session hijacking ssl_stapling
[21/05/2025, 08:19:06] warn: Localization 2070 was not found for conf session hijacking tracking-mode
[21/05/2025, 08:19:06] warn: Localization 2070 was not found for conf sql injection magic_quotes_gpc
[21/05/2025, 08:19:06] warn: Localization 2070 was not found for conf sql injection magic_quotes_runtime
[21/05/2025, 08:19:06] warn: Localization 2070 was not found for conf sql injection magic_quotes_sybase
[21/05/2025, 08:19:06] warn: Localization 2070 was not found for domain.xml @audit-enabled
[21/05/2025, 08:19:06] warn: Localization 2070 was not found for domain.xml @port
[21/05/2025, 08:19:06] warn: Localization 2070 was not found for domain.xml @value
[21/05/2025, 08:19:06] warn: Localization 2070 was not found for domain.xml @xpowered-by
[21/05/2025, 08:19:06] warn: Localization 2070 was not found for domain.xml jvm-options
[21/05/2025, 08:19:06] warn: Localization 2070 was not found for ios_info.plist cfbundleurltypes
[21/05/2025, 08:19:06] warn: Localization 2070 was not found for ios_info.plist nsexceptionallowsinsecurehttploads
[21/05/2025, 08:19:06] warn: Localization 2070 was not found for ios_info.plist nsexceptionminimumtlsversion
[21/05/2025, 08:19:06] warn: Localization 2070 was not found for ios_info.plist nstemporarythirdpartyexceptionallowsinsecurehttploads
[21/05/2025, 08:19:06] warn: Localization 2070 was not found for ios_info.plist nstemporarythirdpartyexceptionminimumtlsversion
[21/05/2025, 08:19:06] warn: Localization 2070 was not found for lighttpd.conf cgi.assign
[21/05/2025, 08:19:06] warn: Localization 2070 was not found for lighttpd.conf server.dir-listing
[21/05/2025, 08:19:06] warn: Localization 2070 was not found for lighttpd.conf setenv.add-response-header
[21/05/2025, 08:19:06] warn: Localization 2070 was not found for lighttpd.conf status.config-url
[21/05/2025, 08:19:06] warn: Localization 2070 was not found for lighttpd.conf status.status-url
[21/05/2025, 08:19:06] warn: Localization 2070 was not found for lighttpd.conf webdav.is-readonly
[21/05/2025, 08:19:06] warn: Localization 2070 was not found for machine.config @debug
[21/05/2025, 08:19:06] warn: Localization 2070 was not found for machine.config @decryption
[21/05/2025, 08:19:06] warn: Localization 2070 was not found for machine.config @decryptionkey
[21/05/2025, 08:19:06] warn: Localization 2070 was not found for machine.config @passwordformat
[21/05/2025, 08:19:06] warn: Localization 2070 was not found for machine.config @retail
[21/05/2025, 08:19:06] warn: Localization 2070 was not found for machine.config @username[@processmodel]
[21/05/2025, 08:19:06] warn: Localization 2070 was not found for machine.config @validation
[21/05/2025, 08:19:06] warn: Localization 2070 was not found for machine.config @validationkey
[21/05/2025, 08:19:06] warn: Localization 2070 was not found for nginx.conf add_header
[21/05/2025, 08:19:06] warn: Localization 2070 was not found for nginx.conf add_header[inheritance]
[21/05/2025, 08:19:06] warn: Localization 2070 was not found for nginx.conf alias[traversal]
[21/05/2025, 08:19:06] warn: Localization 2070 was not found for nginx.conf autoindex
[21/05/2025, 08:19:06] warn: Localization 2070 was not found for nginx.conf error_log
[21/05/2025, 08:19:06] warn: Localization 2070 was not found for nginx.conf error_page
[21/05/2025, 08:19:06] warn: Localization 2070 was not found for nginx.conf more_set_headers
[21/05/2025, 08:19:06] warn: Localization 2070 was not found for nginx.conf proxy_set_header
[21/05/2025, 08:19:06] warn: Localization 2070 was not found for nginx.conf server_tokens
[21/05/2025, 08:19:06] warn: Localization 2070 was not found for nginx.conf ssi
[21/05/2025, 08:19:06] warn: Localization 2070 was not found for nginx.conf ssl
[21/05/2025, 08:19:06] warn: Localization 2070 was not found for nginx.conf ssl_certificate
[21/05/2025, 08:19:06] warn: Localization 2070 was not found for nginx.conf ssl_certificate_key
[21/05/2025, 08:19:06] warn: Localization 2070 was not found for nginx.conf ssl_ciphers
[21/05/2025, 08:19:06] warn: Localization 2070 was not found for nginx.conf ssl_dhparam
[21/05/2025, 08:19:06] warn: Localization 2070 was not found for nginx.conf ssl_prefer_server_ciphers
[21/05/2025, 08:19:06] warn: Localization 2070 was not found for nginx.conf ssl_protocols
[21/05/2025, 08:19:06] warn: Localization 2070 was not found for nginx.conf ssl_session_cache
[21/05/2025, 08:19:06] warn: Localization 2070 was not found for nginx.conf ssl_session_timeout
[21/05/2025, 08:19:06] warn: Localization 2070 was not found for nginx.conf ssl_stapling
[21/05/2025, 08:19:06] warn: Localization 2070 was not found for nginx.conf valid_referers
[21/05/2025, 08:19:06] warn: Localization 2070 was not found for php.ini allow_url_fopen
[21/05/2025, 08:19:06] warn: Localization 2070 was not found for php.ini allow_url_include
[21/05/2025, 08:19:06] warn: Localization 2070 was not found for php.ini assert.active
[21/05/2025, 08:19:06] warn: Localization 2070 was not found for php.ini auto_append_file
[21/05/2025, 08:19:06] warn: Localization 2070 was not found for php.ini auto_prepend_file
[21/05/2025, 08:19:06] warn: Localization 2070 was not found for php.ini cgi.fix_pathinfo
[21/05/2025, 08:19:06] warn: Localization 2070 was not found for php.ini cgi.force_redirect
[21/05/2025, 08:19:06] warn: Localization 2070 was not found for php.ini disable_functions
[21/05/2025, 08:19:06] warn: Localization 2070 was not found for php.ini display_errors
[21/05/2025, 08:19:06] warn: Localization 2070 was not found for php.ini display_startup_errors
[21/05/2025, 08:19:06] warn: Localization 2070 was not found for php.ini enable_dl
[21/05/2025, 08:19:06] warn: Localization 2070 was not found for php.ini expose_php
[21/05/2025, 08:19:06] warn: Localization 2070 was not found for php.ini log_errors
[21/05/2025, 08:19:06] warn: Localization 2070 was not found for php.ini magic_quotes_gpc
[21/05/2025, 08:19:06] warn: Localization 2070 was not found for php.ini magic_quotes_runtime
[21/05/2025, 08:19:06] warn: Localization 2070 was not found for php.ini magic_quotes_sybase
[21/05/2025, 08:19:06] warn: Localization 2070 was not found for php.ini max_execution_time
[21/05/2025, 08:19:06] warn: Localization 2070 was not found for php.ini max_input_nesting_level
[21/05/2025, 08:19:06] warn: Localization 2070 was not found for php.ini max_input_time
[21/05/2025, 08:19:06] warn: Localization 2070 was not found for php.ini memory_limit
[21/05/2025, 08:19:06] warn: Localization 2070 was not found for php.ini open_basedir
[21/05/2025, 08:19:06] warn: Localization 2070 was not found for php.ini post_max_size
[21/05/2025, 08:19:06] warn: Localization 2070 was not found for php.ini register_globals
[21/05/2025, 08:19:06] warn: Localization 2070 was not found for php.ini request_order
[21/05/2025, 08:19:06] warn: Localization 2070 was not found for php.ini safe_mode
[21/05/2025, 08:19:06] warn: Localization 2070 was not found for php.ini session.cookie_httponly
[21/05/2025, 08:19:06] warn: Localization 2070 was not found for php.ini session.cookie_lifetime
[21/05/2025, 08:19:06] warn: Localization 2070 was not found for php.ini session.cookie_secure
[21/05/2025, 08:19:06] warn: Localization 2070 was not found for php.ini session.save_path
[21/05/2025, 08:19:06] warn: Localization 2070 was not found for php.ini session.use_cookies
[21/05/2025, 08:19:06] warn: Localization 2070 was not found for php.ini session.use_only_cookies
[21/05/2025, 08:19:06] warn: Localization 2070 was not found for php.ini session.use_strict_mode
[21/05/2025, 08:19:06] warn: Localization 2070 was not found for php.ini session.use_trans_sid
[21/05/2025, 08:19:06] warn: Localization 2070 was not found for php.ini upload_max_filesize
[21/05/2025, 08:19:06] warn: Localization 2070 was not found for potential vulnerability
[21/05/2025, 08:19:06] warn: Localization 2070 was not found for server.xml_tomcat @allowtrace
[21/05/2025, 08:19:06] warn: Localization 2070 was not found for server.xml_tomcat @autodeploy
[21/05/2025, 08:19:06] warn: Localization 2070 was not found for server.xml_tomcat @clientauth
[21/05/2025, 08:19:06] warn: Localization 2070 was not found for server.xml_tomcat @connectiontimeout
[21/05/2025, 08:19:06] warn: Localization 2070 was not found for server.xml_tomcat @deployonstartup
[21/05/2025, 08:19:06] warn: Localization 2070 was not found for server.xml_tomcat @maxhttpheadersize
[21/05/2025, 08:19:06] warn: Localization 2070 was not found for server.xml_tomcat @secure
[21/05/2025, 08:19:06] warn: Localization 2070 was not found for server.xml_tomcat @shutdown
[21/05/2025, 08:19:06] warn: Localization 2070 was not found for server.xml_tomcat @xpoweredby
[21/05/2025, 08:19:06] warn: Localization 2070 was not found for server.xml_websphere @allowlogoutpageredirecttoanyhost
[21/05/2025, 08:19:06] warn: Localization 2070 was not found for server.xml_websphere @displayauthenticationrealm
[21/05/2025, 08:19:06] warn: Localization 2070 was not found for server.xml_websphere @preservefullyqualifiedreferrerurl
[21/05/2025, 08:19:06] warn: Localization 2070 was not found for standalone.xml @default-user
[21/05/2025, 08:19:06] warn: Localization 2070 was not found for standalone.xml @display-source-fragment
[21/05/2025, 08:19:06] warn: Localization 2070 was not found for standalone.xml @scan-interval
[21/05/2025, 08:19:06] warn: Localization 2070 was not found for standalone.xml @value
[21/05/2025, 08:19:06] warn: Localization 2070 was not found for standalone.xml @x-powered-by
[21/05/2025, 08:19:06] warn: Localization 2070 was not found for web.config @allowoverride
[21/05/2025, 08:19:06] warn: Localization 2070 was not found for web.config @cacherolesincookie
[21/05/2025, 08:19:06] warn: Localization 2070 was not found for web.config @certificatevalidationmode
[21/05/2025, 08:19:06] warn: Localization 2070 was not found for web.config @connectionprotection
[21/05/2025, 08:19:06] warn: Localization 2070 was not found for web.config @cookieless
[21/05/2025, 08:19:06] warn: Localization 2070 was not found for web.config @cookieprotection
[21/05/2025, 08:19:06] warn: Localization 2070 was not found for web.config @cookierequiressl
[21/05/2025, 08:19:06] warn: Localization 2070 was not found for web.config @cookieslidingexpiration
[21/05/2025, 08:19:06] warn: Localization 2070 was not found for web.config @cookietimeout
[21/05/2025, 08:19:06] warn: Localization 2070 was not found for web.config @createpersistentcookie
[21/05/2025, 08:19:06] warn: Localization 2070 was not found for web.config @debug
[21/05/2025, 08:19:06] warn: Localization 2070 was not found for web.config @decryptionkey
[21/05/2025, 08:19:06] warn: Localization 2070 was not found for web.config @enablecrossappredirects
[21/05/2025, 08:19:06] warn: Localization 2070 was not found for web.config @enabled
[21/05/2025, 08:19:06] warn: Localization 2070 was not found for web.config @enabled[directorybrowse]
[21/05/2025, 08:19:06] warn: Localization 2070 was not found for web.config @enableeventvalidation
[21/05/2025, 08:19:06] warn: Localization 2070 was not found for web.config @enableheaderchecking
[21/05/2025, 08:19:06] warn: Localization 2070 was not found for web.config @enableversionheader
[21/05/2025, 08:19:06] warn: Localization 2070 was not found for web.config @enableviewstatemac
[21/05/2025, 08:19:06] warn: Localization 2070 was not found for web.config @httponlycookies
[21/05/2025, 08:19:06] warn: Localization 2070 was not found for web.config @level
[21/05/2025, 08:19:06] warn: Localization 2070 was not found for web.config @maxeventdetaillength
[21/05/2025, 08:19:06] warn: Localization 2070 was not found for web.config @maxeventlengthforsimplemessage
[21/05/2025, 08:19:06] warn: Localization 2070 was not found for web.config @maxrequestlength
[21/05/2025, 08:19:06] warn: Localization 2070 was not found for web.config @maxsizeforsimplemessage
[21/05/2025, 08:19:06] warn: Localization 2070 was not found for web.config @minrequirednonalphanumericcharacters
[21/05/2025, 08:19:06] warn: Localization 2070 was not found for web.config @minrequiredpasswordlength
[21/05/2025, 08:19:06] warn: Localization 2070 was not found for web.config @mode
[21/05/2025, 08:19:06] warn: Localization 2070 was not found for web.config @name[@credentials]
[21/05/2025, 08:19:06] warn: Localization 2070 was not found for web.config @passwordformat
[21/05/2025, 08:19:06] warn: Localization 2070 was not found for web.config @protection
[21/05/2025, 08:19:06] warn: Localization 2070 was not found for web.config @requestvalidationmode
[21/05/2025, 08:19:06] warn: Localization 2070 was not found for web.config @requiressl
[21/05/2025, 08:19:06] warn: Localization 2070 was not found for web.config @requiressl[@authentication]
[21/05/2025, 08:19:06] warn: Localization 2070 was not found for web.config @slidingexpiration
[21/05/2025, 08:19:06] warn: Localization 2070 was not found for web.config @statuscode
[21/05/2025, 08:19:06] warn: Localization 2070 was not found for web.config @timeout
[21/05/2025, 08:19:06] warn: Localization 2070 was not found for web.config @type
[21/05/2025, 08:19:06] warn: Localization 2070 was not found for web.config @username[@identity]
[21/05/2025, 08:19:06] warn: Localization 2070 was not found for web.config @users
[21/05/2025, 08:19:06] warn: Localization 2070 was not found for web.config @useunsafeheaderparsing
[21/05/2025, 08:19:06] warn: Localization 2070 was not found for web.config @validaterequest
[21/05/2025, 08:19:06] warn: Localization 2070 was not found for web.config @validation
[21/05/2025, 08:19:06] warn: Localization 2070 was not found for web.config @validationkey
[21/05/2025, 08:19:06] warn: Localization 2070 was not found for web.config @value
[21/05/2025, 08:19:06] warn: Localization 2070 was not found for web.config @value[@accesscontrolalloworiginheader]
[21/05/2025, 08:19:06] warn: Localization 2070 was not found for web.config @value[@aspnetcore_environment]
[21/05/2025, 08:19:06] warn: Localization 2070 was not found for web.config @value[uselegacyencryption]
[21/05/2025, 08:19:06] warn: Localization 2070 was not found for web.config @value[x-frame-options]
[21/05/2025, 08:19:06] warn: Localization 2070 was not found for web.config @viewstateencryptionmode
[21/05/2025, 08:19:06] warn: Localization 2070 was not found for web.config ciphervalue[@sessionstate]
[21/05/2025, 08:19:06] warn: Localization 2070 was not found for web.config remove/@name[documentation]
[21/05/2025, 08:19:06] warn: Localization 2070 was not found for web.config remove/@name[x-powered-by]
[21/05/2025, 08:19:06] warn: Localization 2070 was not found for web.xml error-code
[21/05/2025, 08:19:06] warn: Localization 2070 was not found for web.xml http-method
[21/05/2025, 08:19:06] warn: Localization 2070 was not found for web.xml http-only
[21/05/2025, 08:19:06] warn: Localization 2070 was not found for web.xml param-value
[21/05/2025, 08:19:06] warn: Localization 2070 was not found for web.xml secure
[21/05/2025, 08:19:06] warn: Localization 2070 was not found for web.xml session-timeout
[21/05/2025, 08:19:06] warn: Localization 2070 was not found for web.xml tracking-mode
[21/05/2025, 08:19:06] warn: Localization 2070 was not found for web.xml transport-guarantee
[21/05/2025, 08:19:06] info: Clean up logs files was started
[21/05/2025, 08:19:06] info: Clean up logs files was finished
