[04/06/2025, 11:38:53] info: Logging was started to file.
[04/06/2025, 11:38:53] info: Start application inspector initialization
[04/06/2025, 11:38:53] info: Hide developer mode UI
[04/06/2025, 11:38:53] info: Infrastructure Configurations: {"port":8000,"infrastructureAssemblyFolderPath":"C:\\Users\\papel\\AppData\\Local\\Application Inspector Analyzer","applicationResourcesFolderPath":"C:\\Users\\papel\\AppData\\Local\\Application Inspector Analyzer","scanTargetFolderPath":"c:\\Users\\papel\\Desktop\\papelaria-carrinho","isDebugging":false,"logLevel":{"i2_1":"Error","j2_1":5,"type":5,"key":"Settings.LogLevel.Error.Text"},"logDir":"c:\\Users\\papel\\Desktop\\papelaria-carrinho\\.ai\\Logs\\Infrastructure\\2025-06-04-11-38-53","tipsFoundNotificationThreshold":15,"similarIssuesFoundNotificationThreshold":15,"applicationLocalDataFolderPath":"c:\\Users\\papel\\Desktop\\papelaria-carrinho\\.ai"}
[04/06/2025, 11:38:53] info: Start infrastructure initialization
[04/06/2025, 11:38:56] info: Infrastructure was started
[04/06/2025, 11:39:00] info: Initialize aie integration isn't initialized
[04/06/2025, 11:39:00] info: Infrastructure was initialized
[04/06/2025, 11:39:00] info: Infrastructure Installer was deleted
[04/06/2025, 11:39:01] warn: Localization 2070 was not found for apache mod_negotiation resource location disclosure
[04/06/2025, 11:39:01] warn: Localization 2070 was not found for arbitrary directory copying
[04/06/2025, 11:39:01] warn: Localization 2070 was not found for arbitrary directory creation
[04/06/2025, 11:39:01] warn: Localization 2070 was not found for arbitrary directory deletion
[04/06/2025, 11:39:01] warn: Localization 2070 was not found for arbitrary directory listing
[04/06/2025, 11:39:01] warn: Localization 2070 was not found for arbitrary directory moving
[04/06/2025, 11:39:01] warn: Localization 2070 was not found for arbitrary file copying
[04/06/2025, 11:39:01] warn: Localization 2070 was not found for arbitrary file creation
[04/06/2025, 11:39:01] warn: Localization 2070 was not found for arbitrary file deletion
[04/06/2025, 11:39:01] warn: Localization 2070 was not found for arbitrary file modification
[04/06/2025, 11:39:01] warn: Localization 2070 was not found for arbitrary file moving
[04/06/2025, 11:39:01] warn: Localization 2070 was not found for arbitrary file reading
[04/06/2025, 11:39:01] warn: Localization 2070 was not found for cookie injection
[04/06/2025, 11:39:01] warn: Localization 2070 was not found for credentials brute-force
[04/06/2025, 11:39:01] warn: Localization 2070 was not found for cross-site request forgery
[04/06/2025, 11:39:01] warn: Localization 2070 was not found for cross-site scripting
[04/06/2025, 11:39:01] warn: Localization 2070 was not found for cursor injection
[04/06/2025, 11:39:01] warn: Localization 2070 was not found for cursor sqli
[04/06/2025, 11:39:01] warn: Localization 2070 was not found for default
[04/06/2025, 11:39:01] warn: Localization 2070 was not found for denial of service
[04/06/2025, 11:39:01] warn: Localization 2070 was not found for deserialization of untrusted data
[04/06/2025, 11:39:01] warn: Localization 2070 was not found for df
[04/06/2025, 11:39:01] warn: Localization 2070 was not found for djangoorminjection
[04/06/2025, 11:39:01] warn: Localization 2070 was not found for dll injection
[04/06/2025, 11:39:01] warn: Localization 2070 was not found for double free
[04/06/2025, 11:39:01] warn: Localization 2070 was not found for dynamic code injection
[04/06/2025, 11:39:01] warn: Localization 2070 was not found for dynamic query injection
[04/06/2025, 11:39:01] warn: Localization 2070 was not found for external control of configuration
[04/06/2025, 11:39:01] warn: Localization 2070 was not found for fingerprinting
[04/06/2025, 11:39:01] warn: Localization 2070 was not found for format string
[04/06/2025, 11:39:01] warn: Localization 2070 was not found for hardcoded password
[04/06/2025, 11:39:01] warn: Localization 2070 was not found for heap overflow
[04/06/2025, 11:39:01] warn: Localization 2070 was not found for http header injection
[04/06/2025, 11:39:01] warn: Localization 2070 was not found for http request splitting
[04/06/2025, 11:39:01] warn: Localization 2070 was not found for http response splitting
[04/06/2025, 11:39:01] warn: Localization 2070 was not found for improper access control taint
[04/06/2025, 11:39:01] warn: Localization 2070 was not found for improper resource shutdown or release
[04/06/2025, 11:39:01] warn: Localization 2070 was not found for information exposure
[04/06/2025, 11:39:01] warn: Localization 2070 was not found for injection
[04/06/2025, 11:39:01] warn: Localization 2070 was not found for insecure direct object references
[04/06/2025, 11:39:01] warn: Localization 2070 was not found for insufficient session expiration
[04/06/2025, 11:39:01] warn: Localization 2070 was not found for integer overflow
[04/06/2025, 11:39:01] warn: Localization 2070 was not found for ldap injection
[04/06/2025, 11:39:01] warn: Localization 2070 was not found for like injection
[04/06/2025, 11:39:01] warn: Localization 2070 was not found for linq injection
[04/06/2025, 11:39:01] warn: Localization 2070 was not found for local file inclusion
[04/06/2025, 11:39:01] warn: Localization 2070 was not found for log forging
[04/06/2025, 11:39:01] warn: Localization 2070 was not found for nosql injection
[04/06/2025, 11:39:01] warn: Localization 2070 was not found for null dereference
[04/06/2025, 11:39:01] warn: Localization 2070 was not found for object injection
[04/06/2025, 11:39:01] warn: Localization 2070 was not found for open redirect
[04/06/2025, 11:39:01] warn: Localization 2070 was not found for orm injection
[04/06/2025, 11:39:01] warn: Localization 2070 was not found for os commanding
[04/06/2025, 11:39:01] warn: Localization 2070 was not found for padding oracle attack
[04/06/2025, 11:39:01] warn: Localization 2070 was not found for path traversal
[04/06/2025, 11:39:01] warn: Localization 2070 was not found for persistent cookie exposing
[04/06/2025, 11:39:01] warn: Localization 2070 was not found for potential path traversal
[04/06/2025, 11:39:01] warn: Localization 2070 was not found for process control
[04/06/2025, 11:39:01] warn: Localization 2070 was not found for redos
[04/06/2025, 11:39:01] warn: Localization 2070 was not found for remote code execution
[04/06/2025, 11:39:01] warn: Localization 2070 was not found for remote file inclusion
[04/06/2025, 11:39:01] warn: Localization 2070 was not found for resource exhaustion
[04/06/2025, 11:39:01] warn: Localization 2070 was not found for resource location brute-force
[04/06/2025, 11:39:01] warn: Localization 2070 was not found for server-side request forgery
[04/06/2025, 11:39:01] warn: Localization 2070 was not found for server-side template injection
[04/06/2025, 11:39:01] warn: Localization 2070 was not found for serverfingerprinting
[04/06/2025, 11:39:01] warn: Localization 2070 was not found for session management weakness
[04/06/2025, 11:39:01] warn: Localization 2070 was not found for shellshock
[04/06/2025, 11:39:01] warn: Localization 2070 was not found for smtp header injection
[04/06/2025, 11:39:01] warn: Localization 2070 was not found for sql injection
[04/06/2025, 11:39:01] warn: Localization 2070 was not found for sqli
[04/06/2025, 11:39:01] warn: Localization 2070 was not found for stack overflow
[04/06/2025, 11:39:01] warn: Localization 2070 was not found for uaf
[04/06/2025, 11:39:01] warn: Localization 2070 was not found for uncontrolled data manipulation
[04/06/2025, 11:39:01] warn: Localization 2070 was not found for uncontrolled env var modification
[04/06/2025, 11:39:01] warn: Localization 2070 was not found for unrestricted file upload
[04/06/2025, 11:39:01] warn: Localization 2070 was not found for use after free
[04/06/2025, 11:39:01] warn: Localization 2070 was not found for webview xss taint
[04/06/2025, 11:39:01] warn: Localization 2070 was not found for xml entity expansion
[04/06/2025, 11:39:01] warn: Localization 2070 was not found for xml external entity
[04/06/2025, 11:39:01] warn: Localization 2070 was not found for xpath injection
[04/06/2025, 11:39:01] warn: Localization 2070 was not found for xquery injection
[04/06/2025, 11:39:01] warn: Localization 2070 was not found for 100
[04/06/2025, 11:39:01] warn: Localization 2070 was not found for 101
[04/06/2025, 11:39:01] warn: Localization 2070 was not found for 102
[04/06/2025, 11:39:01] warn: Localization 2070 was not found for 103
[04/06/2025, 11:39:01] warn: Localization 2070 was not found for 104
[04/06/2025, 11:39:01] warn: Localization 2070 was not found for 105
[04/06/2025, 11:39:01] warn: Localization 2070 was not found for 107
[04/06/2025, 11:39:01] warn: Localization 2070 was not found for 108
[04/06/2025, 11:39:01] warn: Localization 2070 was not found for 109
[04/06/2025, 11:39:01] warn: Localization 2070 was not found for 111
[04/06/2025, 11:39:01] warn: Localization 2070 was not found for 113
[04/06/2025, 11:39:01] warn: Localization 2070 was not found for 114
[04/06/2025, 11:39:01] warn: Localization 2070 was not found for 116
[04/06/2025, 11:39:01] warn: Localization 2070 was not found for 117
[04/06/2025, 11:39:01] warn: Localization 2070 was not found for 118
[04/06/2025, 11:39:01] warn: Localization 2070 was not found for 120
[04/06/2025, 11:39:01] warn: Localization 2070 was not found for 122
[04/06/2025, 11:39:01] warn: Localization 2070 was not found for 123
[04/06/2025, 11:39:01] warn: Localization 2070 was not found for 124
[04/06/2025, 11:39:01] warn: Localization 2070 was not found for 125
[04/06/2025, 11:39:01] warn: Localization 2070 was not found for 127
[04/06/2025, 11:39:01] warn: Localization 2070 was not found for 128
[04/06/2025, 11:39:01] warn: Localization 2070 was not found for 129
[04/06/2025, 11:39:01] warn: Localization 2070 was not found for 130
[04/06/2025, 11:39:01] warn: Localization 2070 was not found for 135
[04/06/2025, 11:39:01] warn: Localization 2070 was not found for 138
[04/06/2025, 11:39:01] warn: Localization 2070 was not found for 139
[04/06/2025, 11:39:01] warn: Localization 2070 was not found for 140
[04/06/2025, 11:39:01] warn: Localization 2070 was not found for 141
[04/06/2025, 11:39:01] warn: Localization 2070 was not found for 142
[04/06/2025, 11:39:01] warn: Localization 2070 was not found for 144
[04/06/2025, 11:39:01] warn: Localization 2070 was not found for 145
[04/06/2025, 11:39:01] warn: Localization 2070 was not found for 146
[04/06/2025, 11:39:01] warn: Localization 2070 was not found for 147
[04/06/2025, 11:39:01] warn: Localization 2070 was not found for 148
[04/06/2025, 11:39:01] warn: Localization 2070 was not found for 149
[04/06/2025, 11:39:01] warn: Localization 2070 was not found for 150
[04/06/2025, 11:39:01] warn: Localization 2070 was not found for 151
[04/06/2025, 11:39:01] warn: Localization 2070 was not found for 152
[04/06/2025, 11:39:01] warn: Localization 2070 was not found for 153
[04/06/2025, 11:39:01] warn: Localization 2070 was not found for 154
[04/06/2025, 11:39:01] warn: Localization 2070 was not found for 156
[04/06/2025, 11:39:01] warn: Localization 2070 was not found for 157
[04/06/2025, 11:39:01] warn: Localization 2070 was not found for 158
[04/06/2025, 11:39:01] warn: Localization 2070 was not found for 159
[04/06/2025, 11:39:01] warn: Localization 2070 was not found for 160
[04/06/2025, 11:39:01] warn: Localization 2070 was not found for 161
[04/06/2025, 11:39:01] warn: Localization 2070 was not found for 162
[04/06/2025, 11:39:01] warn: Localization 2070 was not found for 163
[04/06/2025, 11:39:01] warn: Localization 2070 was not found for 164
[04/06/2025, 11:39:01] warn: Localization 2070 was not found for 165
[04/06/2025, 11:39:01] warn: Localization 2070 was not found for 200
[04/06/2025, 11:39:01] warn: Localization 2070 was not found for 24544
[04/06/2025, 11:39:01] warn: Localization 2070 was not found for 24545
[04/06/2025, 11:39:01] warn: Localization 2070 was not found for 24546
[04/06/2025, 11:39:01] warn: Localization 2070 was not found for 24547
[04/06/2025, 11:39:01] warn: Localization 2070 was not found for 24548
[04/06/2025, 11:39:01] warn: Localization 2070 was not found for 24549
[04/06/2025, 11:39:01] warn: Localization 2070 was not found for 24550
[04/06/2025, 11:39:01] warn: Localization 2070 was not found for 24551
[04/06/2025, 11:39:01] warn: Localization 2070 was not found for 24552
[04/06/2025, 11:39:01] warn: Localization 2070 was not found for 24553
[04/06/2025, 11:39:01] warn: Localization 2070 was not found for 24554
[04/06/2025, 11:39:01] warn: Localization 2070 was not found for 24555
[04/06/2025, 11:39:01] warn: Localization 2070 was not found for 24556
[04/06/2025, 11:39:01] warn: Localization 2070 was not found for 24557
[04/06/2025, 11:39:01] warn: Localization 2070 was not found for 24558
[04/06/2025, 11:39:01] warn: Localization 2070 was not found for 24559
[04/06/2025, 11:39:01] warn: Localization 2070 was not found for 24560
[04/06/2025, 11:39:01] warn: Localization 2070 was not found for 24561
[04/06/2025, 11:39:01] warn: Localization 2070 was not found for 24562
[04/06/2025, 11:39:01] warn: Localization 2070 was not found for 24563
[04/06/2025, 11:39:01] warn: Localization 2070 was not found for 24564
[04/06/2025, 11:39:01] warn: Localization 2070 was not found for 24565
[04/06/2025, 11:39:01] warn: Localization 2070 was not found for 24566
[04/06/2025, 11:39:01] warn: Localization 2070 was not found for 24567
[04/06/2025, 11:39:01] warn: Localization 2070 was not found for 24568
[04/06/2025, 11:39:01] warn: Localization 2070 was not found for 305
[04/06/2025, 11:39:01] warn: Localization 2070 was not found for 96
[04/06/2025, 11:39:01] warn: Localization 2070 was not found for 97
[04/06/2025, 11:39:01] warn: Localization 2070 was not found for 98
[04/06/2025, 11:39:01] warn: Localization 2070 was not found for 99
[04/06/2025, 11:39:01] warn: Localization 2070 was not found for attributes code inside addeventlistener
[04/06/2025, 11:39:01] warn: Localization 2070 was not found for attributes code inside attachevent
[04/06/2025, 11:39:01] warn: Localization 2070 was not found for attributes code inside createattribute
[04/06/2025, 11:39:01] warn: Localization 2070 was not found for attributes code inside element event
[04/06/2025, 11:39:01] warn: Localization 2070 was not found for attributes code inside setattribute
[04/06/2025, 11:39:01] warn: Localization 2070 was not found for attributes code inside setattributens
[04/06/2025, 11:39:01] warn: Localization 2070 was not found for buffer overflow
[04/06/2025, 11:39:01] warn: Localization 2070 was not found for buffer overflow in python
[04/06/2025, 11:39:01] warn: Localization 2070 was not found for buffer overflow pm
[04/06/2025, 11:39:01] warn: Localization 2070 was not found for class defines clone but not implement cloneable
[04/06/2025, 11:39:01] warn: Localization 2070 was not found for csrf protection disabled
[04/06/2025, 11:39:01] warn: Localization 2070 was not found for cursor snarfing plsql
[04/06/2025, 11:39:01] warn: Localization 2070 was not found for cursor snarfing tsql
[04/06/2025, 11:39:01] warn: Localization 2070 was not found for dangerous function plsql
[04/06/2025, 11:39:01] warn: Localization 2070 was not found for dangerous function tsql
[04/06/2025, 11:39:01] warn: Localization 2070 was not found for debug information leakage
[04/06/2025, 11:39:01] warn: Localization 2070 was not found for debug mode python
[04/06/2025, 11:39:01] warn: Localization 2070 was not found for deprecated functions objc
[04/06/2025, 11:39:01] warn: Localization 2070 was not found for deserialization of untrusted data pm
[04/06/2025, 11:39:01] warn: Localization 2070 was not found for deserialization of untrusted data pm python
[04/06/2025, 11:39:01] warn: Localization 2070 was not found for detection of error condition without action
[04/06/2025, 11:39:01] warn: Localization 2070 was not found for direct use of threads
[04/06/2025, 11:39:01] warn: Localization 2070 was not found for directorytraversalcreatereadstream
[04/06/2025, 11:39:01] warn: Localization 2070 was not found for directorytraversalreadfile
[04/06/2025, 11:39:01] warn: Localization 2070 was not found for disabling ssl certificate checks
[04/06/2025, 11:39:01] warn: Localization 2070 was not found for disabling ssl certificate checks c
[04/06/2025, 11:39:01] warn: Localization 2070 was not found for disabling ssl-tls certificate checks go
[04/06/2025, 11:39:01] warn: Localization 2070 was not found for divide by zero
[04/06/2025, 11:39:01] warn: Localization 2070 was not found for dom modification contextual fragment
[04/06/2025, 11:39:01] warn: Localization 2070 was not found for dom modification html tag
[04/06/2025, 11:39:01] warn: Localization 2070 was not found for dom modification selected position
[04/06/2025, 11:39:01] warn: Localization 2070 was not found for dom modification string inside document
[04/06/2025, 11:39:01] warn: Localization 2070 was not found for download of code without integrity check
[04/06/2025, 11:39:01] warn: Localization 2070 was not found for embedded malicious code
[04/06/2025, 11:39:01] warn: Localization 2070 was not found for empty default exception handler
[04/06/2025, 11:39:01] warn: Localization 2070 was not found for erroneous null comparison
[04/06/2025, 11:39:01] warn: Localization 2070 was not found for exposure of data element to wrong session
[04/06/2025, 11:39:01] warn: Localization 2070 was not found for exposure of system data to an unauthorized control sphere
[04/06/2025, 11:39:01] warn: Localization 2070 was not found for external control of file name or path
[04/06/2025, 11:39:01] warn: Localization 2070 was not found for file snarfing plsql
[04/06/2025, 11:39:01] warn: Localization 2070 was not found for format string pm
[04/06/2025, 11:39:01] warn: Localization 2070 was not found for forwarding via location
[04/06/2025, 11:39:01] warn: Localization 2070 was not found for forwarding via location function
[04/06/2025, 11:39:01] warn: Localization 2070 was not found for forwarding via opening new tab
[04/06/2025, 11:39:01] warn: Localization 2070 was not found for ftpusage
[04/06/2025, 11:39:01] warn: Localization 2070 was not found for go weak cryptographic hash
[04/06/2025, 11:39:01] warn: Localization 2070 was not found for hardcoded initialization vector
[04/06/2025, 11:39:01] warn: Localization 2070 was not found for hardcoded key
[04/06/2025, 11:39:01] warn: Localization 2070 was not found for hardcoded password kotlin
[04/06/2025, 11:39:01] warn: Localization 2070 was not found for hardcoded password pm
[04/06/2025, 11:39:01] warn: Localization 2070 was not found for hardcoded pbkdf password
[04/06/2025, 11:39:01] warn: Localization 2070 was not found for headerinjection
[04/06/2025, 11:39:01] warn: Localization 2070 was not found for improper access control
[04/06/2025, 11:39:01] warn: Localization 2070 was not found for improper access control c
[04/06/2025, 11:39:01] warn: Localization 2070 was not found for improper certificate validation
[04/06/2025, 11:39:01] warn: Localization 2070 was not found for improper check for unusual or exceptional conditions
[04/06/2025, 11:39:01] warn: Localization 2070 was not found for improperly implemented security check for standard
[04/06/2025, 11:39:01] warn: Localization 2070 was not found for include interface ssl
[04/06/2025, 11:39:01] warn: Localization 2070 was not found for incorrect permission assignment for critical resource
[04/06/2025, 11:39:01] warn: Localization 2070 was not found for incorrect permission assignment for critical resource 1
[04/06/2025, 11:39:01] warn: Localization 2070 was not found for incorrect permission assignment for critical resource go
[04/06/2025, 11:39:01] warn: Localization 2070 was not found for incorrect permission assignment for critical resource java
[04/06/2025, 11:39:01] warn: Localization 2070 was not found for incorrect unix api using
[04/06/2025, 11:39:01] warn: Localization 2070 was not found for incorrect usage of seeds in pseudo-random number generator
[04/06/2025, 11:39:01] warn: Localization 2070 was not found for incorrectpermissionassignmentphp
[04/06/2025, 11:39:01] warn: Localization 2070 was not found for information exposure pm
[04/06/2025, 11:39:01] warn: Localization 2070 was not found for information exposure through an error message
[04/06/2025, 11:39:01] warn: Localization 2070 was not found for information exposure through comments
[04/06/2025, 11:39:01] warn: Localization 2070 was not found for information exposure through persistent cookies
[04/06/2025, 11:39:01] warn: Localization 2070 was not found for information exposure through persistent cookies 1
[04/06/2025, 11:39:01] warn: Localization 2070 was not found for information exposure through static content
[04/06/2025, 11:39:01] warn: Localization 2070 was not found for informationexposureviaexception
[04/06/2025, 11:39:01] warn: Localization 2070 was not found for insecure cipher key export
[04/06/2025, 11:39:01] warn: Localization 2070 was not found for insecure connection protocol
[04/06/2025, 11:39:01] warn: Localization 2070 was not found for insecure cookie 1
[04/06/2025, 11:39:01] warn: Localization 2070 was not found for insecure cookie 2
[04/06/2025, 11:39:01] warn: Localization 2070 was not found for insecure cookie scope
[04/06/2025, 11:39:01] warn: Localization 2070 was not found for insecure data storage
[04/06/2025, 11:39:01] warn: Localization 2070 was not found for insecure data storage objc simple
[04/06/2025, 11:39:01] warn: Localization 2070 was not found for insecure network binding
[04/06/2025, 11:39:01] warn: Localization 2070 was not found for insecure randomness ojbc
[04/06/2025, 11:39:01] warn: Localization 2070 was not found for insecure randomness plsql
[04/06/2025, 11:39:01] warn: Localization 2070 was not found for insecure randomness tsql
[04/06/2025, 11:39:01] warn: Localization 2070 was not found for insecure rsa padding
[04/06/2025, 11:39:01] warn: Localization 2070 was not found for insecure rsa padding 1
[04/06/2025, 11:39:01] warn: Localization 2070 was not found for insecure ssl connection
[04/06/2025, 11:39:01] warn: Localization 2070 was not found for insecure ssl connection 1
[04/06/2025, 11:39:01] warn: Localization 2070 was not found for insecure ssl protocol
[04/06/2025, 11:39:01] warn: Localization 2070 was not found for insecure transport java
[04/06/2025, 11:39:01] warn: Localization 2070 was not found for insecure usage of jinja templates
[04/06/2025, 11:39:01] warn: Localization 2070 was not found for insecure usage of mako templates
[04/06/2025, 11:39:01] warn: Localization 2070 was not found for insecure validation functions
[04/06/2025, 11:39:01] warn: Localization 2070 was not found for insecure validation functions 1
[04/06/2025, 11:39:01] warn: Localization 2070 was not found for insecure work with temporary files
[04/06/2025, 11:39:01] warn: Localization 2070 was not found for insecureevalpython
[04/06/2025, 11:39:01] warn: Localization 2070 was not found for insufficient cors policy
[04/06/2025, 11:39:01] warn: Localization 2070 was not found for insufficient encryption key length
[04/06/2025, 11:39:01] warn: Localization 2070 was not found for insufficient encryption key length 1
[04/06/2025, 11:39:01] warn: Localization 2070 was not found for insufficient key size go
[04/06/2025, 11:39:01] warn: Localization 2070 was not found for insufficient logging&monitoring
[04/06/2025, 11:39:01] warn: Localization 2070 was not found for insufficient session expiration pm
[04/06/2025, 11:39:01] warn: Localization 2070 was not found for insufficientencryptionkeylength
[04/06/2025, 11:39:01] warn: Localization 2070 was not found for integer overflow pm
[04/06/2025, 11:39:01] warn: Localization 2070 was not found for jquery function that adds element
[04/06/2025, 11:39:01] warn: Localization 2070 was not found for jquery function that replaces element
[04/06/2025, 11:39:01] warn: Localization 2070 was not found for jquery html inside dom
[04/06/2025, 11:39:01] warn: Localization 2070 was not found for jquery unsafe functions for dom
[04/06/2025, 11:39:01] warn: Localization 2070 was not found for jquery wrap element to html
[04/06/2025, 11:39:01] warn: Localization 2070 was not found for json-test
[04/06/2025, 11:39:01] warn: Localization 2070 was not found for lack of the host key verification go
[04/06/2025, 11:39:01] warn: Localization 2070 was not found for least privilege violation
[04/06/2025, 11:39:01] warn: Localization 2070 was not found for leftover debug code
[04/06/2025, 11:39:01] warn: Localization 2070 was not found for marksafepython
[04/06/2025, 11:39:01] warn: Localization 2070 was not found for memory leak
[04/06/2025, 11:39:01] warn: Localization 2070 was not found for method without super clone
[04/06/2025, 11:39:01] warn: Localization 2070 was not found for method without super finalize
[04/06/2025, 11:39:01] warn: Localization 2070 was not found for missing auth localized reason
[04/06/2025, 11:39:01] warn: Localization 2070 was not found for missing encryption of sensitive data
[04/06/2025, 11:39:01] warn: Localization 2070 was not found for none
[04/06/2025, 11:39:01] warn: Localization 2070 was not found for notlsreject
[04/06/2025, 11:39:01] warn: Localization 2070 was not found for nslog using
[04/06/2025, 11:39:01] warn: Localization 2070 was not found for null dereference pattern
[04/06/2025, 11:39:01] warn: Localization 2070 was not found for null pbkdf password
[04/06/2025, 11:39:01] warn: Localization 2070 was not found for obsolete function
[04/06/2025, 11:39:01] warn: Localization 2070 was not found for openredirect
[04/06/2025, 11:39:01] warn: Localization 2070 was not found for overly broad grant
[04/06/2025, 11:39:01] warn: Localization 2070 was not found for override equals method without hashcode
[04/06/2025, 11:39:01] warn: Localization 2070 was not found for pattern matching
[04/06/2025, 11:39:01] warn: Localization 2070 was not found for php pm sensitive cookie in https session without ‘secure’ attribute
[04/06/2025, 11:39:01] warn: Localization 2070 was not found for plaintext storage of a password
[04/06/2025, 11:39:01] warn: Localization 2070 was not found for plaintext storage of a password 1
[04/06/2025, 11:39:01] warn: Localization 2070 was not found for play 1 html xss
[04/06/2025, 11:39:01] warn: Localization 2070 was not found for play 2 html xss
[04/06/2025, 11:39:01] warn: Localization 2070 was not found for poor logging practice logger
[04/06/2025, 11:39:01] warn: Localization 2070 was not found for poor logging practice system
[04/06/2025, 11:39:01] warn: Localization 2070 was not found for possible rce through sql injection
[04/06/2025, 11:39:01] warn: Localization 2070 was not found for private array typed field returned from a public method
[04/06/2025, 11:39:01] warn: Localization 2070 was not found for public data assigned to private array typed field
[04/06/2025, 11:39:01] warn: Localization 2070 was not found for python weak cryptographic hash
[04/06/2025, 11:39:01] warn: Localization 2070 was not found for python2input
[04/06/2025, 11:39:01] warn: Localization 2070 was not found for pythonassertion
[04/06/2025, 11:39:01] warn: Localization 2070 was not found for reflectedcrosssitescripting
[04/06/2025, 11:39:01] warn: Localization 2070 was not found for reliance on dns lookups in a security decision
[04/06/2025, 11:39:01] warn: Localization 2070 was not found for return of stack variable address
[04/06/2025, 11:39:01] warn: Localization 2070 was not found for reversible one way hash
[04/06/2025, 11:39:01] warn: Localization 2070 was not found for sensitive cookie in https session without ‘secure’ attribute
[04/06/2025, 11:39:01] warn: Localization 2070 was not found for sensitive cookie in https session without httponly attribute
[04/06/2025, 11:39:01] warn: Localization 2070 was not found for sensitive cookie in https session without secure attribute
[04/06/2025, 11:39:01] warn: Localization 2070 was not found for serversideinjectioneval
[04/06/2025, 11:39:01] warn: Localization 2070 was not found for serversideinjectionfunction
[04/06/2025, 11:39:01] warn: Localization 2070 was not found for serversideinjectionsetinterval
[04/06/2025, 11:39:01] warn: Localization 2070 was not found for serversideinjectionsettimeout
[04/06/2025, 11:39:01] warn: Localization 2070 was not found for serversideinjectionyaml
[04/06/2025, 11:39:01] warn: Localization 2070 was not found for ssl configuration flaws
[04/06/2025, 11:39:01] warn: Localization 2070 was not found for static random number generator
[04/06/2025, 11:39:01] warn: Localization 2070 was not found for time of check time of use race condition
[04/06/2025, 11:39:01] warn: Localization 2070 was not found for trust boundary violation
[04/06/2025, 11:39:01] warn: Localization 2070 was not found for type confusion
[04/06/2025, 11:39:01] warn: Localization 2070 was not found for uncontrolled memory allocation
[04/06/2025, 11:39:01] warn: Localization 2070 was not found for uncontrolled recursion
[04/06/2025, 11:39:01] warn: Localization 2070 was not found for unreachable code
[04/06/2025, 11:39:01] warn: Localization 2070 was not found for unsafe cross-origin resource sharing
[04/06/2025, 11:39:01] warn: Localization 2070 was not found for unsafe reflection
[04/06/2025, 11:39:01] warn: Localization 2070 was not found for unsalted one way hash
[04/06/2025, 11:39:01] warn: Localization 2070 was not found for unsalted one way hash 1
[04/06/2025, 11:39:01] warn: Localization 2070 was not found for unsaltedonewayhash
[04/06/2025, 11:39:01] warn: Localization 2070 was not found for unused var
[04/06/2025, 11:39:01] warn: Localization 2070 was not found for urllibusagepython
[04/06/2025, 11:39:01] warn: Localization 2070 was not found for use broken crypto
[04/06/2025, 11:39:01] warn: Localization 2070 was not found for use of a broken or risky cryptographic algorithm
[04/06/2025, 11:39:01] warn: Localization 2070 was not found for use of a broken or risky cryptographic algorithm 1
[04/06/2025, 11:39:01] warn: Localization 2070 was not found for use of a broken or risky cryptographic algorithm 2
[04/06/2025, 11:39:01] warn: Localization 2070 was not found for use of a broken or risky cryptographic algorithm 3
[04/06/2025, 11:39:01] warn: Localization 2070 was not found for use of a broken or risky cryptographic algorithm 4
[04/06/2025, 11:39:01] warn: Localization 2070 was not found for use of a broken or risky cryptographic algorithm 5
[04/06/2025, 11:39:01] warn: Localization 2070 was not found for use of a broken or risky cryptographic algorithm 6
[04/06/2025, 11:39:01] warn: Localization 2070 was not found for use of a broken or risky cryptographic algorithm go
[04/06/2025, 11:39:01] warn: Localization 2070 was not found for use of function with inconsistent implementations
[04/06/2025, 11:39:01] warn: Localization 2070 was not found for use of hardcoded cryptographic key
[04/06/2025, 11:39:01] warn: Localization 2070 was not found for use of insufficiently random values
[04/06/2025, 11:39:01] warn: Localization 2070 was not found for use of insufficiently random values 1
[04/06/2025, 11:39:01] warn: Localization 2070 was not found for use of insufficiently random values 2
[04/06/2025, 11:39:01] warn: Localization 2070 was not found for use of nullpointerexception catch
[04/06/2025, 11:39:01] warn: Localization 2070 was not found for use of obsolete function 1
[04/06/2025, 11:39:01] warn: Localization 2070 was not found for use of system exit
[04/06/2025, 11:39:01] warn: Localization 2070 was not found for use of uninitialized variable
[04/06/2025, 11:39:01] warn: Localization 2070 was not found for user driven insecure hash algorithm
[04/06/2025, 11:39:01] warn: Localization 2070 was not found for user driven insecure hash algorithm 1
[04/06/2025, 11:39:01] warn: Localization 2070 was not found for vulnerable template module
[04/06/2025, 11:39:01] warn: Localization 2070 was not found for weak crypto api objc
[04/06/2025, 11:39:01] warn: Localization 2070 was not found for weak crypto hash api objc
[04/06/2025, 11:39:01] warn: Localization 2070 was not found for weak crypto iv objc
[04/06/2025, 11:39:01] warn: Localization 2070 was not found for weak crypto key objc
[04/06/2025, 11:39:01] warn: Localization 2070 was not found for weak cryptographic algorithm 1
[04/06/2025, 11:39:01] warn: Localization 2070 was not found for weak cryptographic hash
[04/06/2025, 11:39:01] warn: Localization 2070 was not found for weak cryptographic hash plsql
[04/06/2025, 11:39:01] warn: Localization 2070 was not found for weak cryptographic hash tsql
[04/06/2025, 11:39:01] warn: Localization 2070 was not found for weak hmac key objc
[04/06/2025, 11:39:01] warn: Localization 2070 was not found for weak password requirements
[04/06/2025, 11:39:01] warn: Localization 2070 was not found for weak pbkdf salt
[04/06/2025, 11:39:01] warn: Localization 2070 was not found for weak rsa objc
[04/06/2025, 11:39:01] warn: Localization 2070 was not found for weakhashcrypto
[04/06/2025, 11:39:01] warn: Localization 2070 was not found for weakhashcryptojs
[04/06/2025, 11:39:01] warn: Localization 2070 was not found for webforms validaterequest
[04/06/2025, 11:39:01] warn: Localization 2070 was not found for webview xss
[04/06/2025, 11:39:01] warn: Localization 2070 was not found for xml external entity pm
[04/06/2025, 11:39:01] warn: Localization 2070 was not found for xss protection disabled
[04/06/2025, 11:39:01] warn: Localization 2070 was not found for yaml load
[04/06/2025, 11:39:01] warn: Localization 2070 was not found for .htaccess addhandler
[04/06/2025, 11:39:01] warn: Localization 2070 was not found for .htaccess addtype
[04/06/2025, 11:39:01] warn: Localization 2070 was not found for .htaccess options
[04/06/2025, 11:39:01] warn: Localization 2070 was not found for .htaccess php_value
[04/06/2025, 11:39:01] warn: Localization 2070 was not found for .htaccess serversignature
[04/06/2025, 11:39:01] warn: Localization 2070 was not found for android_manifest.xml @android:allowbackup
[04/06/2025, 11:39:01] warn: Localization 2070 was not found for android_manifest.xml @android:debuggable
[04/06/2025, 11:39:01] warn: Localization 2070 was not found for android_manifest.xml @android:exported
[04/06/2025, 11:39:01] warn: Localization 2070 was not found for android_manifest.xml @android:exported[provider]
[04/06/2025, 11:39:01] warn: Localization 2070 was not found for android_manifest.xml @android:protectionlevel
[04/06/2025, 11:39:01] warn: Localization 2070 was not found for android_manifest.xml @android:scheme
[04/06/2025, 11:39:01] warn: Localization 2070 was not found for android_networksecurityconfig.xml @src
[04/06/2025, 11:39:01] warn: Localization 2070 was not found for apache.conf addhandler
[04/06/2025, 11:39:01] warn: Localization 2070 was not found for apache.conf addtype
[04/06/2025, 11:39:01] warn: Localization 2070 was not found for apache.conf loadmodule
[04/06/2025, 11:39:01] warn: Localization 2070 was not found for apache.conf options
[04/06/2025, 11:39:01] warn: Localization 2070 was not found for apache.conf php_value
[04/06/2025, 11:39:01] warn: Localization 2070 was not found for apache.conf serversignature
[04/06/2025, 11:39:01] warn: Localization 2070 was not found for apache.conf servertokens
[04/06/2025, 11:39:01] warn: Localization 2070 was not found for apache.conf traceenable
[04/06/2025, 11:39:01] warn: Localization 2070 was not found for applicationhost.config @accesspolicy
[04/06/2025, 11:39:01] warn: Localization 2070 was not found for applicationhost.config @notlistedisapisallowed
[04/06/2025, 11:39:01] warn: Localization 2070 was not found for applicationhost.config @username
[04/06/2025, 11:39:01] warn: Localization 2070 was not found for conf arbitrary file upload file_uploads
[04/06/2025, 11:39:01] warn: Localization 2070 was not found for conf cross site scripting vulnerability http-only
[04/06/2025, 11:39:01] warn: Localization 2070 was not found for conf cross site scripting vulnerability httponlycookies
[04/06/2025, 11:39:01] warn: Localization 2070 was not found for conf cross site scripting vulnerability register_globals
[04/06/2025, 11:39:01] warn: Localization 2070 was not found for conf cross site scripting vulnerability session.cookie_httponly
[04/06/2025, 11:39:01] warn: Localization 2070 was not found for conf cross site scripting vulnerability traceenable
[04/06/2025, 11:39:01] warn: Localization 2070 was not found for conf cross site scripting vulnerability validaterequest
[04/06/2025, 11:39:01] warn: Localization 2070 was not found for conf denial of service loadmodule security2_module
[04/06/2025, 11:39:01] warn: Localization 2070 was not found for conf denial of service max_execution_time
[04/06/2025, 11:39:01] warn: Localization 2070 was not found for conf denial of service max_input_nesting_level
[04/06/2025, 11:39:01] warn: Localization 2070 was not found for conf denial of service max_input_time
[04/06/2025, 11:39:01] warn: Localization 2070 was not found for conf denial of service memory_limit
[04/06/2025, 11:39:01] warn: Localization 2070 was not found for conf denial of service post_max_size
[04/06/2025, 11:39:01] warn: Localization 2070 was not found for conf denial of service upload_max_filesize
[04/06/2025, 11:39:01] warn: Localization 2070 was not found for conf directory indexing autoindex
[04/06/2025, 11:39:01] warn: Localization 2070 was not found for conf directory indexing loadmodule autoindex_module
[04/06/2025, 11:39:01] warn: Localization 2070 was not found for conf directory indexing options
[04/06/2025, 11:39:01] warn: Localization 2070 was not found for conf directory indexing ssi
[04/06/2025, 11:39:01] warn: Localization 2070 was not found for conf information leakage curl.cainfo
[04/06/2025, 11:39:01] warn: Localization 2070 was not found for conf information leakage debug
[04/06/2025, 11:39:01] warn: Localization 2070 was not found for conf information leakage display_errors
[04/06/2025, 11:39:01] warn: Localization 2070 was not found for conf information leakage display_startup_errors
[04/06/2025, 11:39:01] warn: Localization 2070 was not found for conf information leakage error-code
[04/06/2025, 11:39:01] warn: Localization 2070 was not found for conf information leakage errordocument
[04/06/2025, 11:39:01] warn: Localization 2070 was not found for conf information leakage expose_php
[04/06/2025, 11:39:01] warn: Localization 2070 was not found for conf information leakage loadmodule include_module
[04/06/2025, 11:39:01] warn: Localization 2070 was not found for conf information leakage loadmodule info_module
[04/06/2025, 11:39:01] warn: Localization 2070 was not found for conf information leakage loadmodule negotiation_module
[04/06/2025, 11:39:01] warn: Localization 2070 was not found for conf information leakage mode
[04/06/2025, 11:39:01] warn: Localization 2070 was not found for conf information leakage param-name
[04/06/2025, 11:39:01] warn: Localization 2070 was not found for conf information leakage param-name-xsrf
[04/06/2025, 11:39:01] warn: Localization 2070 was not found for conf information leakage request_order
[04/06/2025, 11:39:01] warn: Localization 2070 was not found for conf information leakage server_tokens
[04/06/2025, 11:39:01] warn: Localization 2070 was not found for conf information leakage serversignature
[04/06/2025, 11:39:01] warn: Localization 2070 was not found for conf information leakage servertokens
[04/06/2025, 11:39:01] warn: Localization 2070 was not found for conf information leakage statuscode
[04/06/2025, 11:39:01] warn: Localization 2070 was not found for conf information leakage value
[04/06/2025, 11:39:01] warn: Localization 2070 was not found for conf insufficient authentication enableviewstatemac
[04/06/2025, 11:39:01] warn: Localization 2070 was not found for conf insufficient session expiration session-timeout
[04/06/2025, 11:39:01] warn: Localization 2070 was not found for conf insufficient transport layer protection requiressl
[04/06/2025, 11:39:01] warn: Localization 2070 was not found for conf insufficient transport layer protection secure
[04/06/2025, 11:39:01] warn: Localization 2070 was not found for conf insufficient transport layer protection transport-guarantee
[04/06/2025, 11:39:01] warn: Localization 2070 was not found for conf obsolete option safe_mode
[04/06/2025, 11:39:01] warn: Localization 2070 was not found for conf obsolete option safe_mode_exec_dir
[04/06/2025, 11:39:01] warn: Localization 2070 was not found for conf obsolete option safe_mode_gid
[04/06/2025, 11:39:01] warn: Localization 2070 was not found for conf obsolete option safe_mode_include_dir
[04/06/2025, 11:39:01] warn: Localization 2070 was not found for conf path traversal vulnerability open_basedir
[04/06/2025, 11:39:01] warn: Localization 2070 was not found for conf remote code execution addhandler
[04/06/2025, 11:39:01] warn: Localization 2070 was not found for conf remote code execution addtype
[04/06/2025, 11:39:01] warn: Localization 2070 was not found for conf remote code execution assert.active
[04/06/2025, 11:39:01] warn: Localization 2070 was not found for conf remote code execution auto_append_file
[04/06/2025, 11:39:01] warn: Localization 2070 was not found for conf remote code execution auto_prepend_file
[04/06/2025, 11:39:01] warn: Localization 2070 was not found for conf remote code execution enable_dl
[04/06/2025, 11:39:01] warn: Localization 2070 was not found for conf remote code execution php_value
[04/06/2025, 11:39:01] warn: Localization 2070 was not found for conf remote command execution disable_functions
[04/06/2025, 11:39:01] warn: Localization 2070 was not found for conf remote command execution http-method
[04/06/2025, 11:39:01] warn: Localization 2070 was not found for conf remote command execution loadmodule cgi_module
[04/06/2025, 11:39:01] warn: Localization 2070 was not found for conf remote file inclusion allow_url_fopen
[04/06/2025, 11:39:01] warn: Localization 2070 was not found for conf remote file inclusion allow_url_include
[04/06/2025, 11:39:01] warn: Localization 2070 was not found for conf remote file inclusion cgi.fix_pathinfo
[04/06/2025, 11:39:01] warn: Localization 2070 was not found for conf response splitting enableheaderchecking
[04/06/2025, 11:39:01] warn: Localization 2070 was not found for conf response splitting useunsafeheaderparsing
[04/06/2025, 11:39:01] warn: Localization 2070 was not found for conf session hijacking log_errors
[04/06/2025, 11:39:01] warn: Localization 2070 was not found for conf session hijacking session.cookie_lifetime
[04/06/2025, 11:39:01] warn: Localization 2070 was not found for conf session hijacking session.cookie_secure
[04/06/2025, 11:39:01] warn: Localization 2070 was not found for conf session hijacking session.referer_check
[04/06/2025, 11:39:01] warn: Localization 2070 was not found for conf session hijacking session.save_path
[04/06/2025, 11:39:01] warn: Localization 2070 was not found for conf session hijacking session.use_cookies
[04/06/2025, 11:39:01] warn: Localization 2070 was not found for conf session hijacking session.use_only_cookies
[04/06/2025, 11:39:01] warn: Localization 2070 was not found for conf session hijacking session.use_strict_mode
[04/06/2025, 11:39:01] warn: Localization 2070 was not found for conf session hijacking ssl
[04/06/2025, 11:39:01] warn: Localization 2070 was not found for conf session hijacking ssl_certificate
[04/06/2025, 11:39:01] warn: Localization 2070 was not found for conf session hijacking ssl_certificate_key
[04/06/2025, 11:39:01] warn: Localization 2070 was not found for conf session hijacking ssl_ciphers
[04/06/2025, 11:39:01] warn: Localization 2070 was not found for conf session hijacking ssl_dhparam
[04/06/2025, 11:39:01] warn: Localization 2070 was not found for conf session hijacking ssl_prefer_server_ciphers
[04/06/2025, 11:39:01] warn: Localization 2070 was not found for conf session hijacking ssl_protocols
[04/06/2025, 11:39:01] warn: Localization 2070 was not found for conf session hijacking ssl_session_cache
[04/06/2025, 11:39:01] warn: Localization 2070 was not found for conf session hijacking ssl_session_timeout
[04/06/2025, 11:39:01] warn: Localization 2070 was not found for conf session hijacking ssl_stapling
[04/06/2025, 11:39:01] warn: Localization 2070 was not found for conf session hijacking tracking-mode
[04/06/2025, 11:39:01] warn: Localization 2070 was not found for conf sql injection magic_quotes_gpc
[04/06/2025, 11:39:01] warn: Localization 2070 was not found for conf sql injection magic_quotes_runtime
[04/06/2025, 11:39:01] warn: Localization 2070 was not found for conf sql injection magic_quotes_sybase
[04/06/2025, 11:39:01] warn: Localization 2070 was not found for domain.xml @audit-enabled
[04/06/2025, 11:39:01] warn: Localization 2070 was not found for domain.xml @port
[04/06/2025, 11:39:01] warn: Localization 2070 was not found for domain.xml @value
[04/06/2025, 11:39:01] warn: Localization 2070 was not found for domain.xml @xpowered-by
[04/06/2025, 11:39:01] warn: Localization 2070 was not found for domain.xml jvm-options
[04/06/2025, 11:39:01] warn: Localization 2070 was not found for ios_info.plist cfbundleurltypes
[04/06/2025, 11:39:01] warn: Localization 2070 was not found for ios_info.plist nsexceptionallowsinsecurehttploads
[04/06/2025, 11:39:01] warn: Localization 2070 was not found for ios_info.plist nsexceptionminimumtlsversion
[04/06/2025, 11:39:01] warn: Localization 2070 was not found for ios_info.plist nstemporarythirdpartyexceptionallowsinsecurehttploads
[04/06/2025, 11:39:01] warn: Localization 2070 was not found for ios_info.plist nstemporarythirdpartyexceptionminimumtlsversion
[04/06/2025, 11:39:01] warn: Localization 2070 was not found for lighttpd.conf cgi.assign
[04/06/2025, 11:39:01] warn: Localization 2070 was not found for lighttpd.conf server.dir-listing
[04/06/2025, 11:39:01] warn: Localization 2070 was not found for lighttpd.conf setenv.add-response-header
[04/06/2025, 11:39:01] warn: Localization 2070 was not found for lighttpd.conf status.config-url
[04/06/2025, 11:39:01] warn: Localization 2070 was not found for lighttpd.conf status.status-url
[04/06/2025, 11:39:01] warn: Localization 2070 was not found for lighttpd.conf webdav.is-readonly
[04/06/2025, 11:39:01] warn: Localization 2070 was not found for machine.config @debug
[04/06/2025, 11:39:01] warn: Localization 2070 was not found for machine.config @decryption
[04/06/2025, 11:39:01] warn: Localization 2070 was not found for machine.config @decryptionkey
[04/06/2025, 11:39:01] warn: Localization 2070 was not found for machine.config @passwordformat
[04/06/2025, 11:39:01] warn: Localization 2070 was not found for machine.config @retail
[04/06/2025, 11:39:01] warn: Localization 2070 was not found for machine.config @username[@processmodel]
[04/06/2025, 11:39:01] warn: Localization 2070 was not found for machine.config @validation
[04/06/2025, 11:39:01] warn: Localization 2070 was not found for machine.config @validationkey
[04/06/2025, 11:39:01] warn: Localization 2070 was not found for nginx.conf add_header
[04/06/2025, 11:39:01] warn: Localization 2070 was not found for nginx.conf add_header[inheritance]
[04/06/2025, 11:39:01] warn: Localization 2070 was not found for nginx.conf alias[traversal]
[04/06/2025, 11:39:01] warn: Localization 2070 was not found for nginx.conf autoindex
[04/06/2025, 11:39:01] warn: Localization 2070 was not found for nginx.conf error_log
[04/06/2025, 11:39:01] warn: Localization 2070 was not found for nginx.conf error_page
[04/06/2025, 11:39:01] warn: Localization 2070 was not found for nginx.conf more_set_headers
[04/06/2025, 11:39:01] warn: Localization 2070 was not found for nginx.conf proxy_set_header
[04/06/2025, 11:39:01] warn: Localization 2070 was not found for nginx.conf server_tokens
[04/06/2025, 11:39:01] warn: Localization 2070 was not found for nginx.conf ssi
[04/06/2025, 11:39:01] warn: Localization 2070 was not found for nginx.conf ssl
[04/06/2025, 11:39:01] warn: Localization 2070 was not found for nginx.conf ssl_certificate
[04/06/2025, 11:39:01] warn: Localization 2070 was not found for nginx.conf ssl_certificate_key
[04/06/2025, 11:39:01] warn: Localization 2070 was not found for nginx.conf ssl_ciphers
[04/06/2025, 11:39:01] warn: Localization 2070 was not found for nginx.conf ssl_dhparam
[04/06/2025, 11:39:01] warn: Localization 2070 was not found for nginx.conf ssl_prefer_server_ciphers
[04/06/2025, 11:39:01] warn: Localization 2070 was not found for nginx.conf ssl_protocols
[04/06/2025, 11:39:01] warn: Localization 2070 was not found for nginx.conf ssl_session_cache
[04/06/2025, 11:39:01] warn: Localization 2070 was not found for nginx.conf ssl_session_timeout
[04/06/2025, 11:39:01] warn: Localization 2070 was not found for nginx.conf ssl_stapling
[04/06/2025, 11:39:01] warn: Localization 2070 was not found for nginx.conf valid_referers
[04/06/2025, 11:39:01] warn: Localization 2070 was not found for php.ini allow_url_fopen
[04/06/2025, 11:39:01] warn: Localization 2070 was not found for php.ini allow_url_include
[04/06/2025, 11:39:01] warn: Localization 2070 was not found for php.ini assert.active
[04/06/2025, 11:39:01] warn: Localization 2070 was not found for php.ini auto_append_file
[04/06/2025, 11:39:01] warn: Localization 2070 was not found for php.ini auto_prepend_file
[04/06/2025, 11:39:01] warn: Localization 2070 was not found for php.ini cgi.fix_pathinfo
[04/06/2025, 11:39:01] warn: Localization 2070 was not found for php.ini cgi.force_redirect
[04/06/2025, 11:39:01] warn: Localization 2070 was not found for php.ini disable_functions
[04/06/2025, 11:39:01] warn: Localization 2070 was not found for php.ini display_errors
[04/06/2025, 11:39:01] warn: Localization 2070 was not found for php.ini display_startup_errors
[04/06/2025, 11:39:01] warn: Localization 2070 was not found for php.ini enable_dl
[04/06/2025, 11:39:01] warn: Localization 2070 was not found for php.ini expose_php
[04/06/2025, 11:39:01] warn: Localization 2070 was not found for php.ini log_errors
[04/06/2025, 11:39:01] warn: Localization 2070 was not found for php.ini magic_quotes_gpc
[04/06/2025, 11:39:01] warn: Localization 2070 was not found for php.ini magic_quotes_runtime
[04/06/2025, 11:39:01] warn: Localization 2070 was not found for php.ini magic_quotes_sybase
[04/06/2025, 11:39:01] warn: Localization 2070 was not found for php.ini max_execution_time
[04/06/2025, 11:39:01] warn: Localization 2070 was not found for php.ini max_input_nesting_level
[04/06/2025, 11:39:01] warn: Localization 2070 was not found for php.ini max_input_time
[04/06/2025, 11:39:01] warn: Localization 2070 was not found for php.ini memory_limit
[04/06/2025, 11:39:01] warn: Localization 2070 was not found for php.ini open_basedir
[04/06/2025, 11:39:01] warn: Localization 2070 was not found for php.ini post_max_size
[04/06/2025, 11:39:01] warn: Localization 2070 was not found for php.ini register_globals
[04/06/2025, 11:39:01] warn: Localization 2070 was not found for php.ini request_order
[04/06/2025, 11:39:01] warn: Localization 2070 was not found for php.ini safe_mode
[04/06/2025, 11:39:01] warn: Localization 2070 was not found for php.ini session.cookie_httponly
[04/06/2025, 11:39:01] warn: Localization 2070 was not found for php.ini session.cookie_lifetime
[04/06/2025, 11:39:01] warn: Localization 2070 was not found for php.ini session.cookie_secure
[04/06/2025, 11:39:01] warn: Localization 2070 was not found for php.ini session.save_path
[04/06/2025, 11:39:01] warn: Localization 2070 was not found for php.ini session.use_cookies
[04/06/2025, 11:39:01] warn: Localization 2070 was not found for php.ini session.use_only_cookies
[04/06/2025, 11:39:01] warn: Localization 2070 was not found for php.ini session.use_strict_mode
[04/06/2025, 11:39:01] warn: Localization 2070 was not found for php.ini session.use_trans_sid
[04/06/2025, 11:39:01] warn: Localization 2070 was not found for php.ini upload_max_filesize
[04/06/2025, 11:39:01] warn: Localization 2070 was not found for potential vulnerability
[04/06/2025, 11:39:01] warn: Localization 2070 was not found for server.xml_tomcat @allowtrace
[04/06/2025, 11:39:01] warn: Localization 2070 was not found for server.xml_tomcat @autodeploy
[04/06/2025, 11:39:01] warn: Localization 2070 was not found for server.xml_tomcat @clientauth
[04/06/2025, 11:39:01] warn: Localization 2070 was not found for server.xml_tomcat @connectiontimeout
[04/06/2025, 11:39:01] warn: Localization 2070 was not found for server.xml_tomcat @deployonstartup
[04/06/2025, 11:39:01] warn: Localization 2070 was not found for server.xml_tomcat @maxhttpheadersize
[04/06/2025, 11:39:01] warn: Localization 2070 was not found for server.xml_tomcat @secure
[04/06/2025, 11:39:01] warn: Localization 2070 was not found for server.xml_tomcat @shutdown
[04/06/2025, 11:39:01] warn: Localization 2070 was not found for server.xml_tomcat @xpoweredby
[04/06/2025, 11:39:01] warn: Localization 2070 was not found for server.xml_websphere @allowlogoutpageredirecttoanyhost
[04/06/2025, 11:39:01] warn: Localization 2070 was not found for server.xml_websphere @displayauthenticationrealm
[04/06/2025, 11:39:01] warn: Localization 2070 was not found for server.xml_websphere @preservefullyqualifiedreferrerurl
[04/06/2025, 11:39:01] warn: Localization 2070 was not found for standalone.xml @default-user
[04/06/2025, 11:39:01] warn: Localization 2070 was not found for standalone.xml @display-source-fragment
[04/06/2025, 11:39:01] warn: Localization 2070 was not found for standalone.xml @scan-interval
[04/06/2025, 11:39:01] warn: Localization 2070 was not found for standalone.xml @value
[04/06/2025, 11:39:01] warn: Localization 2070 was not found for standalone.xml @x-powered-by
[04/06/2025, 11:39:01] warn: Localization 2070 was not found for web.config @allowoverride
[04/06/2025, 11:39:01] warn: Localization 2070 was not found for web.config @cacherolesincookie
[04/06/2025, 11:39:01] warn: Localization 2070 was not found for web.config @certificatevalidationmode
[04/06/2025, 11:39:01] warn: Localization 2070 was not found for web.config @connectionprotection
[04/06/2025, 11:39:01] warn: Localization 2070 was not found for web.config @cookieless
[04/06/2025, 11:39:01] warn: Localization 2070 was not found for web.config @cookieprotection
[04/06/2025, 11:39:01] warn: Localization 2070 was not found for web.config @cookierequiressl
[04/06/2025, 11:39:01] warn: Localization 2070 was not found for web.config @cookieslidingexpiration
[04/06/2025, 11:39:01] warn: Localization 2070 was not found for web.config @cookietimeout
[04/06/2025, 11:39:01] warn: Localization 2070 was not found for web.config @createpersistentcookie
[04/06/2025, 11:39:01] warn: Localization 2070 was not found for web.config @debug
[04/06/2025, 11:39:01] warn: Localization 2070 was not found for web.config @decryptionkey
[04/06/2025, 11:39:01] warn: Localization 2070 was not found for web.config @enablecrossappredirects
[04/06/2025, 11:39:01] warn: Localization 2070 was not found for web.config @enabled
[04/06/2025, 11:39:01] warn: Localization 2070 was not found for web.config @enabled[directorybrowse]
[04/06/2025, 11:39:01] warn: Localization 2070 was not found for web.config @enableeventvalidation
[04/06/2025, 11:39:01] warn: Localization 2070 was not found for web.config @enableheaderchecking
[04/06/2025, 11:39:01] warn: Localization 2070 was not found for web.config @enableversionheader
[04/06/2025, 11:39:01] warn: Localization 2070 was not found for web.config @enableviewstatemac
[04/06/2025, 11:39:01] warn: Localization 2070 was not found for web.config @httponlycookies
[04/06/2025, 11:39:01] warn: Localization 2070 was not found for web.config @level
[04/06/2025, 11:39:01] warn: Localization 2070 was not found for web.config @maxeventdetaillength
[04/06/2025, 11:39:01] warn: Localization 2070 was not found for web.config @maxeventlengthforsimplemessage
[04/06/2025, 11:39:01] warn: Localization 2070 was not found for web.config @maxrequestlength
[04/06/2025, 11:39:01] warn: Localization 2070 was not found for web.config @maxsizeforsimplemessage
[04/06/2025, 11:39:01] warn: Localization 2070 was not found for web.config @minrequirednonalphanumericcharacters
[04/06/2025, 11:39:01] warn: Localization 2070 was not found for web.config @minrequiredpasswordlength
[04/06/2025, 11:39:01] warn: Localization 2070 was not found for web.config @mode
[04/06/2025, 11:39:01] warn: Localization 2070 was not found for web.config @name[@credentials]
[04/06/2025, 11:39:01] warn: Localization 2070 was not found for web.config @passwordformat
[04/06/2025, 11:39:01] warn: Localization 2070 was not found for web.config @protection
[04/06/2025, 11:39:01] warn: Localization 2070 was not found for web.config @requestvalidationmode
[04/06/2025, 11:39:01] warn: Localization 2070 was not found for web.config @requiressl
[04/06/2025, 11:39:01] warn: Localization 2070 was not found for web.config @requiressl[@authentication]
[04/06/2025, 11:39:01] warn: Localization 2070 was not found for web.config @slidingexpiration
[04/06/2025, 11:39:01] warn: Localization 2070 was not found for web.config @statuscode
[04/06/2025, 11:39:01] warn: Localization 2070 was not found for web.config @timeout
[04/06/2025, 11:39:01] warn: Localization 2070 was not found for web.config @type
[04/06/2025, 11:39:01] warn: Localization 2070 was not found for web.config @username[@identity]
[04/06/2025, 11:39:01] warn: Localization 2070 was not found for web.config @users
[04/06/2025, 11:39:01] warn: Localization 2070 was not found for web.config @useunsafeheaderparsing
[04/06/2025, 11:39:01] warn: Localization 2070 was not found for web.config @validaterequest
[04/06/2025, 11:39:01] warn: Localization 2070 was not found for web.config @validation
[04/06/2025, 11:39:01] warn: Localization 2070 was not found for web.config @validationkey
[04/06/2025, 11:39:01] warn: Localization 2070 was not found for web.config @value
[04/06/2025, 11:39:01] warn: Localization 2070 was not found for web.config @value[@accesscontrolalloworiginheader]
[04/06/2025, 11:39:01] warn: Localization 2070 was not found for web.config @value[@aspnetcore_environment]
[04/06/2025, 11:39:01] warn: Localization 2070 was not found for web.config @value[uselegacyencryption]
[04/06/2025, 11:39:01] warn: Localization 2070 was not found for web.config @value[x-frame-options]
[04/06/2025, 11:39:01] warn: Localization 2070 was not found for web.config @viewstateencryptionmode
[04/06/2025, 11:39:01] warn: Localization 2070 was not found for web.config ciphervalue[@sessionstate]
[04/06/2025, 11:39:01] warn: Localization 2070 was not found for web.config remove/@name[documentation]
[04/06/2025, 11:39:01] warn: Localization 2070 was not found for web.config remove/@name[x-powered-by]
[04/06/2025, 11:39:01] warn: Localization 2070 was not found for web.xml error-code
[04/06/2025, 11:39:01] warn: Localization 2070 was not found for web.xml http-method
[04/06/2025, 11:39:01] warn: Localization 2070 was not found for web.xml http-only
[04/06/2025, 11:39:01] warn: Localization 2070 was not found for web.xml param-value
[04/06/2025, 11:39:01] warn: Localization 2070 was not found for web.xml secure
[04/06/2025, 11:39:01] warn: Localization 2070 was not found for web.xml session-timeout
[04/06/2025, 11:39:01] warn: Localization 2070 was not found for web.xml tracking-mode
[04/06/2025, 11:39:01] warn: Localization 2070 was not found for web.xml transport-guarantee
[04/06/2025, 11:39:01] info: Clean up logs files was started
[04/06/2025, 11:39:01] info: Clean up logs files was finished
