[03/06/2025, 07:56:41] info: Logging was started to file.
[03/06/2025, 07:56:41] info: Start application inspector initialization
[03/06/2025, 07:56:41] info: Hide developer mode UI
[03/06/2025, 07:56:41] info: Infrastructure Configurations: {"port":8000,"infrastructureAssemblyFolderPath":"C:\\Users\\papel\\AppData\\Local\\Application Inspector Analyzer","applicationResourcesFolderPath":"C:\\Users\\papel\\AppData\\Local\\Application Inspector Analyzer","scanTargetFolderPath":"c:\\Users\\papel\\Desktop\\papelaria-carrinho","isDebugging":false,"logLevel":{"i2_1":"Error","j2_1":5,"type":5,"key":"Settings.LogLevel.Error.Text"},"logDir":"c:\\Users\\papel\\Desktop\\papelaria-carrinho\\.ai\\Logs\\Infrastructure\\2025-06-03-07-56-41","tipsFoundNotificationThreshold":15,"similarIssuesFoundNotificationThreshold":15,"applicationLocalDataFolderPath":"c:\\Users\\papel\\Desktop\\papelaria-carrinho\\.ai"}
[03/06/2025, 07:56:41] info: Start infrastructure initialization
[03/06/2025, 07:56:46] info: Infrastructure was started
[03/06/2025, 07:56:49] info: Initialize aie integration isn't initialized
[03/06/2025, 07:56:49] info: Infrastructure was initialized
[03/06/2025, 07:56:49] info: Infrastructure Installer was deleted
[03/06/2025, 07:56:49] warn: Localization 2070 was not found for apache mod_negotiation resource location disclosure
[03/06/2025, 07:56:49] warn: Localization 2070 was not found for arbitrary directory copying
[03/06/2025, 07:56:49] warn: Localization 2070 was not found for arbitrary directory creation
[03/06/2025, 07:56:49] warn: Localization 2070 was not found for arbitrary directory deletion
[03/06/2025, 07:56:49] warn: Localization 2070 was not found for arbitrary directory listing
[03/06/2025, 07:56:49] warn: Localization 2070 was not found for arbitrary directory moving
[03/06/2025, 07:56:49] warn: Localization 2070 was not found for arbitrary file copying
[03/06/2025, 07:56:49] warn: Localization 2070 was not found for arbitrary file creation
[03/06/2025, 07:56:49] warn: Localization 2070 was not found for arbitrary file deletion
[03/06/2025, 07:56:49] warn: Localization 2070 was not found for arbitrary file modification
[03/06/2025, 07:56:49] warn: Localization 2070 was not found for arbitrary file moving
[03/06/2025, 07:56:49] warn: Localization 2070 was not found for arbitrary file reading
[03/06/2025, 07:56:49] warn: Localization 2070 was not found for cookie injection
[03/06/2025, 07:56:49] warn: Localization 2070 was not found for credentials brute-force
[03/06/2025, 07:56:49] warn: Localization 2070 was not found for cross-site request forgery
[03/06/2025, 07:56:49] warn: Localization 2070 was not found for cross-site scripting
[03/06/2025, 07:56:49] warn: Localization 2070 was not found for cursor injection
[03/06/2025, 07:56:49] warn: Localization 2070 was not found for cursor sqli
[03/06/2025, 07:56:49] warn: Localization 2070 was not found for default
[03/06/2025, 07:56:49] warn: Localization 2070 was not found for denial of service
[03/06/2025, 07:56:49] warn: Localization 2070 was not found for deserialization of untrusted data
[03/06/2025, 07:56:49] warn: Localization 2070 was not found for df
[03/06/2025, 07:56:49] warn: Localization 2070 was not found for djangoorminjection
[03/06/2025, 07:56:49] warn: Localization 2070 was not found for dll injection
[03/06/2025, 07:56:49] warn: Localization 2070 was not found for double free
[03/06/2025, 07:56:49] warn: Localization 2070 was not found for dynamic code injection
[03/06/2025, 07:56:49] warn: Localization 2070 was not found for dynamic query injection
[03/06/2025, 07:56:49] warn: Localization 2070 was not found for external control of configuration
[03/06/2025, 07:56:49] warn: Localization 2070 was not found for fingerprinting
[03/06/2025, 07:56:49] warn: Localization 2070 was not found for format string
[03/06/2025, 07:56:49] warn: Localization 2070 was not found for hardcoded password
[03/06/2025, 07:56:49] warn: Localization 2070 was not found for heap overflow
[03/06/2025, 07:56:49] warn: Localization 2070 was not found for http header injection
[03/06/2025, 07:56:49] warn: Localization 2070 was not found for http request splitting
[03/06/2025, 07:56:49] warn: Localization 2070 was not found for http response splitting
[03/06/2025, 07:56:49] warn: Localization 2070 was not found for improper access control taint
[03/06/2025, 07:56:49] warn: Localization 2070 was not found for improper resource shutdown or release
[03/06/2025, 07:56:49] warn: Localization 2070 was not found for information exposure
[03/06/2025, 07:56:49] warn: Localization 2070 was not found for injection
[03/06/2025, 07:56:49] warn: Localization 2070 was not found for insecure direct object references
[03/06/2025, 07:56:49] warn: Localization 2070 was not found for insufficient session expiration
[03/06/2025, 07:56:49] warn: Localization 2070 was not found for integer overflow
[03/06/2025, 07:56:49] warn: Localization 2070 was not found for ldap injection
[03/06/2025, 07:56:49] warn: Localization 2070 was not found for like injection
[03/06/2025, 07:56:49] warn: Localization 2070 was not found for linq injection
[03/06/2025, 07:56:49] warn: Localization 2070 was not found for local file inclusion
[03/06/2025, 07:56:49] warn: Localization 2070 was not found for log forging
[03/06/2025, 07:56:49] warn: Localization 2070 was not found for nosql injection
[03/06/2025, 07:56:49] warn: Localization 2070 was not found for null dereference
[03/06/2025, 07:56:49] warn: Localization 2070 was not found for object injection
[03/06/2025, 07:56:49] warn: Localization 2070 was not found for open redirect
[03/06/2025, 07:56:49] warn: Localization 2070 was not found for orm injection
[03/06/2025, 07:56:49] warn: Localization 2070 was not found for os commanding
[03/06/2025, 07:56:49] warn: Localization 2070 was not found for padding oracle attack
[03/06/2025, 07:56:49] warn: Localization 2070 was not found for path traversal
[03/06/2025, 07:56:49] warn: Localization 2070 was not found for persistent cookie exposing
[03/06/2025, 07:56:49] warn: Localization 2070 was not found for potential path traversal
[03/06/2025, 07:56:49] warn: Localization 2070 was not found for process control
[03/06/2025, 07:56:49] warn: Localization 2070 was not found for redos
[03/06/2025, 07:56:49] warn: Localization 2070 was not found for remote code execution
[03/06/2025, 07:56:49] warn: Localization 2070 was not found for remote file inclusion
[03/06/2025, 07:56:49] warn: Localization 2070 was not found for resource exhaustion
[03/06/2025, 07:56:49] warn: Localization 2070 was not found for resource location brute-force
[03/06/2025, 07:56:49] warn: Localization 2070 was not found for server-side request forgery
[03/06/2025, 07:56:49] warn: Localization 2070 was not found for server-side template injection
[03/06/2025, 07:56:49] warn: Localization 2070 was not found for serverfingerprinting
[03/06/2025, 07:56:49] warn: Localization 2070 was not found for session management weakness
[03/06/2025, 07:56:49] warn: Localization 2070 was not found for shellshock
[03/06/2025, 07:56:49] warn: Localization 2070 was not found for smtp header injection
[03/06/2025, 07:56:49] warn: Localization 2070 was not found for sql injection
[03/06/2025, 07:56:49] warn: Localization 2070 was not found for sqli
[03/06/2025, 07:56:49] warn: Localization 2070 was not found for stack overflow
[03/06/2025, 07:56:49] warn: Localization 2070 was not found for uaf
[03/06/2025, 07:56:49] warn: Localization 2070 was not found for uncontrolled data manipulation
[03/06/2025, 07:56:49] warn: Localization 2070 was not found for uncontrolled env var modification
[03/06/2025, 07:56:49] warn: Localization 2070 was not found for unrestricted file upload
[03/06/2025, 07:56:49] warn: Localization 2070 was not found for use after free
[03/06/2025, 07:56:49] warn: Localization 2070 was not found for webview xss taint
[03/06/2025, 07:56:49] warn: Localization 2070 was not found for xml entity expansion
[03/06/2025, 07:56:49] warn: Localization 2070 was not found for xml external entity
[03/06/2025, 07:56:49] warn: Localization 2070 was not found for xpath injection
[03/06/2025, 07:56:49] warn: Localization 2070 was not found for xquery injection
[03/06/2025, 07:56:49] warn: Localization 2070 was not found for 100
[03/06/2025, 07:56:49] warn: Localization 2070 was not found for 101
[03/06/2025, 07:56:49] warn: Localization 2070 was not found for 102
[03/06/2025, 07:56:49] warn: Localization 2070 was not found for 103
[03/06/2025, 07:56:49] warn: Localization 2070 was not found for 104
[03/06/2025, 07:56:49] warn: Localization 2070 was not found for 105
[03/06/2025, 07:56:49] warn: Localization 2070 was not found for 107
[03/06/2025, 07:56:49] warn: Localization 2070 was not found for 108
[03/06/2025, 07:56:49] warn: Localization 2070 was not found for 109
[03/06/2025, 07:56:49] warn: Localization 2070 was not found for 111
[03/06/2025, 07:56:49] warn: Localization 2070 was not found for 113
[03/06/2025, 07:56:49] warn: Localization 2070 was not found for 114
[03/06/2025, 07:56:49] warn: Localization 2070 was not found for 116
[03/06/2025, 07:56:49] warn: Localization 2070 was not found for 117
[03/06/2025, 07:56:49] warn: Localization 2070 was not found for 118
[03/06/2025, 07:56:49] warn: Localization 2070 was not found for 120
[03/06/2025, 07:56:49] warn: Localization 2070 was not found for 122
[03/06/2025, 07:56:49] warn: Localization 2070 was not found for 123
[03/06/2025, 07:56:49] warn: Localization 2070 was not found for 124
[03/06/2025, 07:56:49] warn: Localization 2070 was not found for 125
[03/06/2025, 07:56:49] warn: Localization 2070 was not found for 127
[03/06/2025, 07:56:49] warn: Localization 2070 was not found for 128
[03/06/2025, 07:56:49] warn: Localization 2070 was not found for 129
[03/06/2025, 07:56:49] warn: Localization 2070 was not found for 130
[03/06/2025, 07:56:49] warn: Localization 2070 was not found for 135
[03/06/2025, 07:56:49] warn: Localization 2070 was not found for 138
[03/06/2025, 07:56:49] warn: Localization 2070 was not found for 139
[03/06/2025, 07:56:49] warn: Localization 2070 was not found for 140
[03/06/2025, 07:56:49] warn: Localization 2070 was not found for 141
[03/06/2025, 07:56:49] warn: Localization 2070 was not found for 142
[03/06/2025, 07:56:49] warn: Localization 2070 was not found for 144
[03/06/2025, 07:56:49] warn: Localization 2070 was not found for 145
[03/06/2025, 07:56:49] warn: Localization 2070 was not found for 146
[03/06/2025, 07:56:49] warn: Localization 2070 was not found for 147
[03/06/2025, 07:56:49] warn: Localization 2070 was not found for 148
[03/06/2025, 07:56:49] warn: Localization 2070 was not found for 149
[03/06/2025, 07:56:49] warn: Localization 2070 was not found for 150
[03/06/2025, 07:56:49] warn: Localization 2070 was not found for 151
[03/06/2025, 07:56:49] warn: Localization 2070 was not found for 152
[03/06/2025, 07:56:49] warn: Localization 2070 was not found for 153
[03/06/2025, 07:56:49] warn: Localization 2070 was not found for 154
[03/06/2025, 07:56:49] warn: Localization 2070 was not found for 156
[03/06/2025, 07:56:49] warn: Localization 2070 was not found for 157
[03/06/2025, 07:56:49] warn: Localization 2070 was not found for 158
[03/06/2025, 07:56:49] warn: Localization 2070 was not found for 159
[03/06/2025, 07:56:49] warn: Localization 2070 was not found for 160
[03/06/2025, 07:56:49] warn: Localization 2070 was not found for 161
[03/06/2025, 07:56:49] warn: Localization 2070 was not found for 162
[03/06/2025, 07:56:49] warn: Localization 2070 was not found for 163
[03/06/2025, 07:56:49] warn: Localization 2070 was not found for 164
[03/06/2025, 07:56:49] warn: Localization 2070 was not found for 165
[03/06/2025, 07:56:49] warn: Localization 2070 was not found for 200
[03/06/2025, 07:56:49] warn: Localization 2070 was not found for 24544
[03/06/2025, 07:56:49] warn: Localization 2070 was not found for 24545
[03/06/2025, 07:56:49] warn: Localization 2070 was not found for 24546
[03/06/2025, 07:56:49] warn: Localization 2070 was not found for 24547
[03/06/2025, 07:56:49] warn: Localization 2070 was not found for 24548
[03/06/2025, 07:56:49] warn: Localization 2070 was not found for 24549
[03/06/2025, 07:56:49] warn: Localization 2070 was not found for 24550
[03/06/2025, 07:56:49] warn: Localization 2070 was not found for 24551
[03/06/2025, 07:56:49] warn: Localization 2070 was not found for 24552
[03/06/2025, 07:56:49] warn: Localization 2070 was not found for 24553
[03/06/2025, 07:56:49] warn: Localization 2070 was not found for 24554
[03/06/2025, 07:56:49] warn: Localization 2070 was not found for 24555
[03/06/2025, 07:56:49] warn: Localization 2070 was not found for 24556
[03/06/2025, 07:56:49] warn: Localization 2070 was not found for 24557
[03/06/2025, 07:56:49] warn: Localization 2070 was not found for 24558
[03/06/2025, 07:56:49] warn: Localization 2070 was not found for 24559
[03/06/2025, 07:56:49] warn: Localization 2070 was not found for 24560
[03/06/2025, 07:56:49] warn: Localization 2070 was not found for 24561
[03/06/2025, 07:56:49] warn: Localization 2070 was not found for 24562
[03/06/2025, 07:56:49] warn: Localization 2070 was not found for 24563
[03/06/2025, 07:56:49] warn: Localization 2070 was not found for 24564
[03/06/2025, 07:56:49] warn: Localization 2070 was not found for 24565
[03/06/2025, 07:56:49] warn: Localization 2070 was not found for 24566
[03/06/2025, 07:56:49] warn: Localization 2070 was not found for 24567
[03/06/2025, 07:56:49] warn: Localization 2070 was not found for 24568
[03/06/2025, 07:56:49] warn: Localization 2070 was not found for 305
[03/06/2025, 07:56:49] warn: Localization 2070 was not found for 96
[03/06/2025, 07:56:49] warn: Localization 2070 was not found for 97
[03/06/2025, 07:56:49] warn: Localization 2070 was not found for 98
[03/06/2025, 07:56:49] warn: Localization 2070 was not found for 99
[03/06/2025, 07:56:49] warn: Localization 2070 was not found for attributes code inside addeventlistener
[03/06/2025, 07:56:49] warn: Localization 2070 was not found for attributes code inside attachevent
[03/06/2025, 07:56:49] warn: Localization 2070 was not found for attributes code inside createattribute
[03/06/2025, 07:56:49] warn: Localization 2070 was not found for attributes code inside element event
[03/06/2025, 07:56:49] warn: Localization 2070 was not found for attributes code inside setattribute
[03/06/2025, 07:56:49] warn: Localization 2070 was not found for attributes code inside setattributens
[03/06/2025, 07:56:49] warn: Localization 2070 was not found for buffer overflow
[03/06/2025, 07:56:49] warn: Localization 2070 was not found for buffer overflow in python
[03/06/2025, 07:56:49] warn: Localization 2070 was not found for buffer overflow pm
[03/06/2025, 07:56:49] warn: Localization 2070 was not found for class defines clone but not implement cloneable
[03/06/2025, 07:56:49] warn: Localization 2070 was not found for csrf protection disabled
[03/06/2025, 07:56:49] warn: Localization 2070 was not found for cursor snarfing plsql
[03/06/2025, 07:56:49] warn: Localization 2070 was not found for cursor snarfing tsql
[03/06/2025, 07:56:49] warn: Localization 2070 was not found for dangerous function plsql
[03/06/2025, 07:56:49] warn: Localization 2070 was not found for dangerous function tsql
[03/06/2025, 07:56:49] warn: Localization 2070 was not found for debug information leakage
[03/06/2025, 07:56:49] warn: Localization 2070 was not found for debug mode python
[03/06/2025, 07:56:49] warn: Localization 2070 was not found for deprecated functions objc
[03/06/2025, 07:56:49] warn: Localization 2070 was not found for deserialization of untrusted data pm
[03/06/2025, 07:56:49] warn: Localization 2070 was not found for deserialization of untrusted data pm python
[03/06/2025, 07:56:49] warn: Localization 2070 was not found for detection of error condition without action
[03/06/2025, 07:56:49] warn: Localization 2070 was not found for direct use of threads
[03/06/2025, 07:56:49] warn: Localization 2070 was not found for directorytraversalcreatereadstream
[03/06/2025, 07:56:49] warn: Localization 2070 was not found for directorytraversalreadfile
[03/06/2025, 07:56:49] warn: Localization 2070 was not found for disabling ssl certificate checks
[03/06/2025, 07:56:49] warn: Localization 2070 was not found for disabling ssl certificate checks c
[03/06/2025, 07:56:49] warn: Localization 2070 was not found for disabling ssl-tls certificate checks go
[03/06/2025, 07:56:49] warn: Localization 2070 was not found for divide by zero
[03/06/2025, 07:56:49] warn: Localization 2070 was not found for dom modification contextual fragment
[03/06/2025, 07:56:49] warn: Localization 2070 was not found for dom modification html tag
[03/06/2025, 07:56:49] warn: Localization 2070 was not found for dom modification selected position
[03/06/2025, 07:56:49] warn: Localization 2070 was not found for dom modification string inside document
[03/06/2025, 07:56:49] warn: Localization 2070 was not found for download of code without integrity check
[03/06/2025, 07:56:49] warn: Localization 2070 was not found for embedded malicious code
[03/06/2025, 07:56:49] warn: Localization 2070 was not found for empty default exception handler
[03/06/2025, 07:56:49] warn: Localization 2070 was not found for erroneous null comparison
[03/06/2025, 07:56:49] warn: Localization 2070 was not found for exposure of data element to wrong session
[03/06/2025, 07:56:49] warn: Localization 2070 was not found for exposure of system data to an unauthorized control sphere
[03/06/2025, 07:56:49] warn: Localization 2070 was not found for external control of file name or path
[03/06/2025, 07:56:49] warn: Localization 2070 was not found for file snarfing plsql
[03/06/2025, 07:56:49] warn: Localization 2070 was not found for format string pm
[03/06/2025, 07:56:49] warn: Localization 2070 was not found for forwarding via location
[03/06/2025, 07:56:49] warn: Localization 2070 was not found for forwarding via location function
[03/06/2025, 07:56:49] warn: Localization 2070 was not found for forwarding via opening new tab
[03/06/2025, 07:56:49] warn: Localization 2070 was not found for ftpusage
[03/06/2025, 07:56:49] warn: Localization 2070 was not found for go weak cryptographic hash
[03/06/2025, 07:56:49] warn: Localization 2070 was not found for hardcoded initialization vector
[03/06/2025, 07:56:49] warn: Localization 2070 was not found for hardcoded key
[03/06/2025, 07:56:49] warn: Localization 2070 was not found for hardcoded password kotlin
[03/06/2025, 07:56:49] warn: Localization 2070 was not found for hardcoded password pm
[03/06/2025, 07:56:49] warn: Localization 2070 was not found for hardcoded pbkdf password
[03/06/2025, 07:56:49] warn: Localization 2070 was not found for headerinjection
[03/06/2025, 07:56:49] warn: Localization 2070 was not found for improper access control
[03/06/2025, 07:56:49] warn: Localization 2070 was not found for improper access control c
[03/06/2025, 07:56:49] warn: Localization 2070 was not found for improper certificate validation
[03/06/2025, 07:56:49] warn: Localization 2070 was not found for improper check for unusual or exceptional conditions
[03/06/2025, 07:56:49] warn: Localization 2070 was not found for improperly implemented security check for standard
[03/06/2025, 07:56:49] warn: Localization 2070 was not found for include interface ssl
[03/06/2025, 07:56:49] warn: Localization 2070 was not found for incorrect permission assignment for critical resource
[03/06/2025, 07:56:49] warn: Localization 2070 was not found for incorrect permission assignment for critical resource 1
[03/06/2025, 07:56:49] warn: Localization 2070 was not found for incorrect permission assignment for critical resource go
[03/06/2025, 07:56:49] warn: Localization 2070 was not found for incorrect permission assignment for critical resource java
[03/06/2025, 07:56:49] warn: Localization 2070 was not found for incorrect unix api using
[03/06/2025, 07:56:49] warn: Localization 2070 was not found for incorrect usage of seeds in pseudo-random number generator
[03/06/2025, 07:56:49] warn: Localization 2070 was not found for incorrectpermissionassignmentphp
[03/06/2025, 07:56:49] warn: Localization 2070 was not found for information exposure pm
[03/06/2025, 07:56:49] warn: Localization 2070 was not found for information exposure through an error message
[03/06/2025, 07:56:49] warn: Localization 2070 was not found for information exposure through comments
[03/06/2025, 07:56:49] warn: Localization 2070 was not found for information exposure through persistent cookies
[03/06/2025, 07:56:49] warn: Localization 2070 was not found for information exposure through persistent cookies 1
[03/06/2025, 07:56:49] warn: Localization 2070 was not found for information exposure through static content
[03/06/2025, 07:56:49] warn: Localization 2070 was not found for informationexposureviaexception
[03/06/2025, 07:56:49] warn: Localization 2070 was not found for insecure cipher key export
[03/06/2025, 07:56:49] warn: Localization 2070 was not found for insecure connection protocol
[03/06/2025, 07:56:49] warn: Localization 2070 was not found for insecure cookie 1
[03/06/2025, 07:56:49] warn: Localization 2070 was not found for insecure cookie 2
[03/06/2025, 07:56:49] warn: Localization 2070 was not found for insecure cookie scope
[03/06/2025, 07:56:49] warn: Localization 2070 was not found for insecure data storage
[03/06/2025, 07:56:49] warn: Localization 2070 was not found for insecure data storage objc simple
[03/06/2025, 07:56:49] warn: Localization 2070 was not found for insecure network binding
[03/06/2025, 07:56:49] warn: Localization 2070 was not found for insecure randomness ojbc
[03/06/2025, 07:56:49] warn: Localization 2070 was not found for insecure randomness plsql
[03/06/2025, 07:56:49] warn: Localization 2070 was not found for insecure randomness tsql
[03/06/2025, 07:56:49] warn: Localization 2070 was not found for insecure rsa padding
[03/06/2025, 07:56:49] warn: Localization 2070 was not found for insecure rsa padding 1
[03/06/2025, 07:56:49] warn: Localization 2070 was not found for insecure ssl connection
[03/06/2025, 07:56:49] warn: Localization 2070 was not found for insecure ssl connection 1
[03/06/2025, 07:56:49] warn: Localization 2070 was not found for insecure ssl protocol
[03/06/2025, 07:56:49] warn: Localization 2070 was not found for insecure transport java
[03/06/2025, 07:56:49] warn: Localization 2070 was not found for insecure usage of jinja templates
[03/06/2025, 07:56:49] warn: Localization 2070 was not found for insecure usage of mako templates
[03/06/2025, 07:56:49] warn: Localization 2070 was not found for insecure validation functions
[03/06/2025, 07:56:49] warn: Localization 2070 was not found for insecure validation functions 1
[03/06/2025, 07:56:49] warn: Localization 2070 was not found for insecure work with temporary files
[03/06/2025, 07:56:49] warn: Localization 2070 was not found for insecureevalpython
[03/06/2025, 07:56:49] warn: Localization 2070 was not found for insufficient cors policy
[03/06/2025, 07:56:49] warn: Localization 2070 was not found for insufficient encryption key length
[03/06/2025, 07:56:49] warn: Localization 2070 was not found for insufficient encryption key length 1
[03/06/2025, 07:56:49] warn: Localization 2070 was not found for insufficient key size go
[03/06/2025, 07:56:49] warn: Localization 2070 was not found for insufficient logging&monitoring
[03/06/2025, 07:56:49] warn: Localization 2070 was not found for insufficient session expiration pm
[03/06/2025, 07:56:49] warn: Localization 2070 was not found for insufficientencryptionkeylength
[03/06/2025, 07:56:49] warn: Localization 2070 was not found for integer overflow pm
[03/06/2025, 07:56:49] warn: Localization 2070 was not found for jquery function that adds element
[03/06/2025, 07:56:49] warn: Localization 2070 was not found for jquery function that replaces element
[03/06/2025, 07:56:49] warn: Localization 2070 was not found for jquery html inside dom
[03/06/2025, 07:56:49] warn: Localization 2070 was not found for jquery unsafe functions for dom
[03/06/2025, 07:56:49] warn: Localization 2070 was not found for jquery wrap element to html
[03/06/2025, 07:56:49] warn: Localization 2070 was not found for json-test
[03/06/2025, 07:56:49] warn: Localization 2070 was not found for lack of the host key verification go
[03/06/2025, 07:56:49] warn: Localization 2070 was not found for least privilege violation
[03/06/2025, 07:56:49] warn: Localization 2070 was not found for leftover debug code
[03/06/2025, 07:56:49] warn: Localization 2070 was not found for marksafepython
[03/06/2025, 07:56:49] warn: Localization 2070 was not found for memory leak
[03/06/2025, 07:56:49] warn: Localization 2070 was not found for method without super clone
[03/06/2025, 07:56:49] warn: Localization 2070 was not found for method without super finalize
[03/06/2025, 07:56:49] warn: Localization 2070 was not found for missing auth localized reason
[03/06/2025, 07:56:49] warn: Localization 2070 was not found for missing encryption of sensitive data
[03/06/2025, 07:56:49] warn: Localization 2070 was not found for none
[03/06/2025, 07:56:49] warn: Localization 2070 was not found for notlsreject
[03/06/2025, 07:56:49] warn: Localization 2070 was not found for nslog using
[03/06/2025, 07:56:49] warn: Localization 2070 was not found for null dereference pattern
[03/06/2025, 07:56:49] warn: Localization 2070 was not found for null pbkdf password
[03/06/2025, 07:56:49] warn: Localization 2070 was not found for obsolete function
[03/06/2025, 07:56:49] warn: Localization 2070 was not found for openredirect
[03/06/2025, 07:56:49] warn: Localization 2070 was not found for overly broad grant
[03/06/2025, 07:56:49] warn: Localization 2070 was not found for override equals method without hashcode
[03/06/2025, 07:56:49] warn: Localization 2070 was not found for pattern matching
[03/06/2025, 07:56:49] warn: Localization 2070 was not found for php pm sensitive cookie in https session without ‘secure’ attribute
[03/06/2025, 07:56:49] warn: Localization 2070 was not found for plaintext storage of a password
[03/06/2025, 07:56:49] warn: Localization 2070 was not found for plaintext storage of a password 1
[03/06/2025, 07:56:49] warn: Localization 2070 was not found for play 1 html xss
[03/06/2025, 07:56:49] warn: Localization 2070 was not found for play 2 html xss
[03/06/2025, 07:56:49] warn: Localization 2070 was not found for poor logging practice logger
[03/06/2025, 07:56:49] warn: Localization 2070 was not found for poor logging practice system
[03/06/2025, 07:56:49] warn: Localization 2070 was not found for possible rce through sql injection
[03/06/2025, 07:56:49] warn: Localization 2070 was not found for private array typed field returned from a public method
[03/06/2025, 07:56:49] warn: Localization 2070 was not found for public data assigned to private array typed field
[03/06/2025, 07:56:49] warn: Localization 2070 was not found for python weak cryptographic hash
[03/06/2025, 07:56:49] warn: Localization 2070 was not found for python2input
[03/06/2025, 07:56:49] warn: Localization 2070 was not found for pythonassertion
[03/06/2025, 07:56:49] warn: Localization 2070 was not found for reflectedcrosssitescripting
[03/06/2025, 07:56:49] warn: Localization 2070 was not found for reliance on dns lookups in a security decision
[03/06/2025, 07:56:49] warn: Localization 2070 was not found for return of stack variable address
[03/06/2025, 07:56:49] warn: Localization 2070 was not found for reversible one way hash
[03/06/2025, 07:56:49] warn: Localization 2070 was not found for sensitive cookie in https session without ‘secure’ attribute
[03/06/2025, 07:56:49] warn: Localization 2070 was not found for sensitive cookie in https session without httponly attribute
[03/06/2025, 07:56:49] warn: Localization 2070 was not found for sensitive cookie in https session without secure attribute
[03/06/2025, 07:56:49] warn: Localization 2070 was not found for serversideinjectioneval
[03/06/2025, 07:56:49] warn: Localization 2070 was not found for serversideinjectionfunction
[03/06/2025, 07:56:49] warn: Localization 2070 was not found for serversideinjectionsetinterval
[03/06/2025, 07:56:49] warn: Localization 2070 was not found for serversideinjectionsettimeout
[03/06/2025, 07:56:49] warn: Localization 2070 was not found for serversideinjectionyaml
[03/06/2025, 07:56:49] warn: Localization 2070 was not found for ssl configuration flaws
[03/06/2025, 07:56:49] warn: Localization 2070 was not found for static random number generator
[03/06/2025, 07:56:49] warn: Localization 2070 was not found for time of check time of use race condition
[03/06/2025, 07:56:49] warn: Localization 2070 was not found for trust boundary violation
[03/06/2025, 07:56:49] warn: Localization 2070 was not found for type confusion
[03/06/2025, 07:56:49] warn: Localization 2070 was not found for uncontrolled memory allocation
[03/06/2025, 07:56:49] warn: Localization 2070 was not found for uncontrolled recursion
[03/06/2025, 07:56:49] warn: Localization 2070 was not found for unreachable code
[03/06/2025, 07:56:49] warn: Localization 2070 was not found for unsafe cross-origin resource sharing
[03/06/2025, 07:56:49] warn: Localization 2070 was not found for unsafe reflection
[03/06/2025, 07:56:49] warn: Localization 2070 was not found for unsalted one way hash
[03/06/2025, 07:56:49] warn: Localization 2070 was not found for unsalted one way hash 1
[03/06/2025, 07:56:49] warn: Localization 2070 was not found for unsaltedonewayhash
[03/06/2025, 07:56:49] warn: Localization 2070 was not found for unused var
[03/06/2025, 07:56:49] warn: Localization 2070 was not found for urllibusagepython
[03/06/2025, 07:56:49] warn: Localization 2070 was not found for use broken crypto
[03/06/2025, 07:56:49] warn: Localization 2070 was not found for use of a broken or risky cryptographic algorithm
[03/06/2025, 07:56:49] warn: Localization 2070 was not found for use of a broken or risky cryptographic algorithm 1
[03/06/2025, 07:56:49] warn: Localization 2070 was not found for use of a broken or risky cryptographic algorithm 2
[03/06/2025, 07:56:49] warn: Localization 2070 was not found for use of a broken or risky cryptographic algorithm 3
[03/06/2025, 07:56:49] warn: Localization 2070 was not found for use of a broken or risky cryptographic algorithm 4
[03/06/2025, 07:56:49] warn: Localization 2070 was not found for use of a broken or risky cryptographic algorithm 5
[03/06/2025, 07:56:49] warn: Localization 2070 was not found for use of a broken or risky cryptographic algorithm 6
[03/06/2025, 07:56:49] warn: Localization 2070 was not found for use of a broken or risky cryptographic algorithm go
[03/06/2025, 07:56:49] warn: Localization 2070 was not found for use of function with inconsistent implementations
[03/06/2025, 07:56:49] warn: Localization 2070 was not found for use of hardcoded cryptographic key
[03/06/2025, 07:56:49] warn: Localization 2070 was not found for use of insufficiently random values
[03/06/2025, 07:56:49] warn: Localization 2070 was not found for use of insufficiently random values 1
[03/06/2025, 07:56:49] warn: Localization 2070 was not found for use of insufficiently random values 2
[03/06/2025, 07:56:49] warn: Localization 2070 was not found for use of nullpointerexception catch
[03/06/2025, 07:56:49] warn: Localization 2070 was not found for use of obsolete function 1
[03/06/2025, 07:56:49] warn: Localization 2070 was not found for use of system exit
[03/06/2025, 07:56:49] warn: Localization 2070 was not found for use of uninitialized variable
[03/06/2025, 07:56:49] warn: Localization 2070 was not found for user driven insecure hash algorithm
[03/06/2025, 07:56:49] warn: Localization 2070 was not found for user driven insecure hash algorithm 1
[03/06/2025, 07:56:49] warn: Localization 2070 was not found for vulnerable template module
[03/06/2025, 07:56:49] warn: Localization 2070 was not found for weak crypto api objc
[03/06/2025, 07:56:49] warn: Localization 2070 was not found for weak crypto hash api objc
[03/06/2025, 07:56:49] warn: Localization 2070 was not found for weak crypto iv objc
[03/06/2025, 07:56:49] warn: Localization 2070 was not found for weak crypto key objc
[03/06/2025, 07:56:49] warn: Localization 2070 was not found for weak cryptographic algorithm 1
[03/06/2025, 07:56:49] warn: Localization 2070 was not found for weak cryptographic hash
[03/06/2025, 07:56:49] warn: Localization 2070 was not found for weak cryptographic hash plsql
[03/06/2025, 07:56:49] warn: Localization 2070 was not found for weak cryptographic hash tsql
[03/06/2025, 07:56:49] warn: Localization 2070 was not found for weak hmac key objc
[03/06/2025, 07:56:49] warn: Localization 2070 was not found for weak password requirements
[03/06/2025, 07:56:49] warn: Localization 2070 was not found for weak pbkdf salt
[03/06/2025, 07:56:49] warn: Localization 2070 was not found for weak rsa objc
[03/06/2025, 07:56:49] warn: Localization 2070 was not found for weakhashcrypto
[03/06/2025, 07:56:49] warn: Localization 2070 was not found for weakhashcryptojs
[03/06/2025, 07:56:49] warn: Localization 2070 was not found for webforms validaterequest
[03/06/2025, 07:56:49] warn: Localization 2070 was not found for webview xss
[03/06/2025, 07:56:49] warn: Localization 2070 was not found for xml external entity pm
[03/06/2025, 07:56:49] warn: Localization 2070 was not found for xss protection disabled
[03/06/2025, 07:56:49] warn: Localization 2070 was not found for yaml load
[03/06/2025, 07:56:49] warn: Localization 2070 was not found for .htaccess addhandler
[03/06/2025, 07:56:49] warn: Localization 2070 was not found for .htaccess addtype
[03/06/2025, 07:56:49] warn: Localization 2070 was not found for .htaccess options
[03/06/2025, 07:56:49] warn: Localization 2070 was not found for .htaccess php_value
[03/06/2025, 07:56:49] warn: Localization 2070 was not found for .htaccess serversignature
[03/06/2025, 07:56:49] warn: Localization 2070 was not found for android_manifest.xml @android:allowbackup
[03/06/2025, 07:56:49] warn: Localization 2070 was not found for android_manifest.xml @android:debuggable
[03/06/2025, 07:56:49] warn: Localization 2070 was not found for android_manifest.xml @android:exported
[03/06/2025, 07:56:49] warn: Localization 2070 was not found for android_manifest.xml @android:exported[provider]
[03/06/2025, 07:56:49] warn: Localization 2070 was not found for android_manifest.xml @android:protectionlevel
[03/06/2025, 07:56:49] warn: Localization 2070 was not found for android_manifest.xml @android:scheme
[03/06/2025, 07:56:49] warn: Localization 2070 was not found for android_networksecurityconfig.xml @src
[03/06/2025, 07:56:49] warn: Localization 2070 was not found for apache.conf addhandler
[03/06/2025, 07:56:49] warn: Localization 2070 was not found for apache.conf addtype
[03/06/2025, 07:56:49] warn: Localization 2070 was not found for apache.conf loadmodule
[03/06/2025, 07:56:49] warn: Localization 2070 was not found for apache.conf options
[03/06/2025, 07:56:49] warn: Localization 2070 was not found for apache.conf php_value
[03/06/2025, 07:56:49] warn: Localization 2070 was not found for apache.conf serversignature
[03/06/2025, 07:56:49] warn: Localization 2070 was not found for apache.conf servertokens
[03/06/2025, 07:56:49] warn: Localization 2070 was not found for apache.conf traceenable
[03/06/2025, 07:56:49] warn: Localization 2070 was not found for applicationhost.config @accesspolicy
[03/06/2025, 07:56:49] warn: Localization 2070 was not found for applicationhost.config @notlistedisapisallowed
[03/06/2025, 07:56:49] warn: Localization 2070 was not found for applicationhost.config @username
[03/06/2025, 07:56:49] warn: Localization 2070 was not found for conf arbitrary file upload file_uploads
[03/06/2025, 07:56:49] warn: Localization 2070 was not found for conf cross site scripting vulnerability http-only
[03/06/2025, 07:56:49] warn: Localization 2070 was not found for conf cross site scripting vulnerability httponlycookies
[03/06/2025, 07:56:49] warn: Localization 2070 was not found for conf cross site scripting vulnerability register_globals
[03/06/2025, 07:56:49] warn: Localization 2070 was not found for conf cross site scripting vulnerability session.cookie_httponly
[03/06/2025, 07:56:49] warn: Localization 2070 was not found for conf cross site scripting vulnerability traceenable
[03/06/2025, 07:56:49] warn: Localization 2070 was not found for conf cross site scripting vulnerability validaterequest
[03/06/2025, 07:56:49] warn: Localization 2070 was not found for conf denial of service loadmodule security2_module
[03/06/2025, 07:56:49] warn: Localization 2070 was not found for conf denial of service max_execution_time
[03/06/2025, 07:56:49] warn: Localization 2070 was not found for conf denial of service max_input_nesting_level
[03/06/2025, 07:56:49] warn: Localization 2070 was not found for conf denial of service max_input_time
[03/06/2025, 07:56:49] warn: Localization 2070 was not found for conf denial of service memory_limit
[03/06/2025, 07:56:49] warn: Localization 2070 was not found for conf denial of service post_max_size
[03/06/2025, 07:56:49] warn: Localization 2070 was not found for conf denial of service upload_max_filesize
[03/06/2025, 07:56:49] warn: Localization 2070 was not found for conf directory indexing autoindex
[03/06/2025, 07:56:49] warn: Localization 2070 was not found for conf directory indexing loadmodule autoindex_module
[03/06/2025, 07:56:49] warn: Localization 2070 was not found for conf directory indexing options
[03/06/2025, 07:56:49] warn: Localization 2070 was not found for conf directory indexing ssi
[03/06/2025, 07:56:49] warn: Localization 2070 was not found for conf information leakage curl.cainfo
[03/06/2025, 07:56:49] warn: Localization 2070 was not found for conf information leakage debug
[03/06/2025, 07:56:49] warn: Localization 2070 was not found for conf information leakage display_errors
[03/06/2025, 07:56:49] warn: Localization 2070 was not found for conf information leakage display_startup_errors
[03/06/2025, 07:56:49] warn: Localization 2070 was not found for conf information leakage error-code
[03/06/2025, 07:56:49] warn: Localization 2070 was not found for conf information leakage errordocument
[03/06/2025, 07:56:49] warn: Localization 2070 was not found for conf information leakage expose_php
[03/06/2025, 07:56:49] warn: Localization 2070 was not found for conf information leakage loadmodule include_module
[03/06/2025, 07:56:49] warn: Localization 2070 was not found for conf information leakage loadmodule info_module
[03/06/2025, 07:56:49] warn: Localization 2070 was not found for conf information leakage loadmodule negotiation_module
[03/06/2025, 07:56:49] warn: Localization 2070 was not found for conf information leakage mode
[03/06/2025, 07:56:49] warn: Localization 2070 was not found for conf information leakage param-name
[03/06/2025, 07:56:49] warn: Localization 2070 was not found for conf information leakage param-name-xsrf
[03/06/2025, 07:56:49] warn: Localization 2070 was not found for conf information leakage request_order
[03/06/2025, 07:56:49] warn: Localization 2070 was not found for conf information leakage server_tokens
[03/06/2025, 07:56:49] warn: Localization 2070 was not found for conf information leakage serversignature
[03/06/2025, 07:56:49] warn: Localization 2070 was not found for conf information leakage servertokens
[03/06/2025, 07:56:49] warn: Localization 2070 was not found for conf information leakage statuscode
[03/06/2025, 07:56:49] warn: Localization 2070 was not found for conf information leakage value
[03/06/2025, 07:56:49] warn: Localization 2070 was not found for conf insufficient authentication enableviewstatemac
[03/06/2025, 07:56:49] warn: Localization 2070 was not found for conf insufficient session expiration session-timeout
[03/06/2025, 07:56:49] warn: Localization 2070 was not found for conf insufficient transport layer protection requiressl
[03/06/2025, 07:56:49] warn: Localization 2070 was not found for conf insufficient transport layer protection secure
[03/06/2025, 07:56:49] warn: Localization 2070 was not found for conf insufficient transport layer protection transport-guarantee
[03/06/2025, 07:56:49] warn: Localization 2070 was not found for conf obsolete option safe_mode
[03/06/2025, 07:56:49] warn: Localization 2070 was not found for conf obsolete option safe_mode_exec_dir
[03/06/2025, 07:56:49] warn: Localization 2070 was not found for conf obsolete option safe_mode_gid
[03/06/2025, 07:56:49] warn: Localization 2070 was not found for conf obsolete option safe_mode_include_dir
[03/06/2025, 07:56:49] warn: Localization 2070 was not found for conf path traversal vulnerability open_basedir
[03/06/2025, 07:56:49] warn: Localization 2070 was not found for conf remote code execution addhandler
[03/06/2025, 07:56:49] warn: Localization 2070 was not found for conf remote code execution addtype
[03/06/2025, 07:56:49] warn: Localization 2070 was not found for conf remote code execution assert.active
[03/06/2025, 07:56:49] warn: Localization 2070 was not found for conf remote code execution auto_append_file
[03/06/2025, 07:56:49] warn: Localization 2070 was not found for conf remote code execution auto_prepend_file
[03/06/2025, 07:56:49] warn: Localization 2070 was not found for conf remote code execution enable_dl
[03/06/2025, 07:56:49] warn: Localization 2070 was not found for conf remote code execution php_value
[03/06/2025, 07:56:49] warn: Localization 2070 was not found for conf remote command execution disable_functions
[03/06/2025, 07:56:49] warn: Localization 2070 was not found for conf remote command execution http-method
[03/06/2025, 07:56:49] warn: Localization 2070 was not found for conf remote command execution loadmodule cgi_module
[03/06/2025, 07:56:49] warn: Localization 2070 was not found for conf remote file inclusion allow_url_fopen
[03/06/2025, 07:56:49] warn: Localization 2070 was not found for conf remote file inclusion allow_url_include
[03/06/2025, 07:56:49] warn: Localization 2070 was not found for conf remote file inclusion cgi.fix_pathinfo
[03/06/2025, 07:56:49] warn: Localization 2070 was not found for conf response splitting enableheaderchecking
[03/06/2025, 07:56:49] warn: Localization 2070 was not found for conf response splitting useunsafeheaderparsing
[03/06/2025, 07:56:49] warn: Localization 2070 was not found for conf session hijacking log_errors
[03/06/2025, 07:56:49] warn: Localization 2070 was not found for conf session hijacking session.cookie_lifetime
[03/06/2025, 07:56:49] warn: Localization 2070 was not found for conf session hijacking session.cookie_secure
[03/06/2025, 07:56:49] warn: Localization 2070 was not found for conf session hijacking session.referer_check
[03/06/2025, 07:56:49] warn: Localization 2070 was not found for conf session hijacking session.save_path
[03/06/2025, 07:56:49] warn: Localization 2070 was not found for conf session hijacking session.use_cookies
[03/06/2025, 07:56:49] warn: Localization 2070 was not found for conf session hijacking session.use_only_cookies
[03/06/2025, 07:56:49] warn: Localization 2070 was not found for conf session hijacking session.use_strict_mode
[03/06/2025, 07:56:49] warn: Localization 2070 was not found for conf session hijacking ssl
[03/06/2025, 07:56:49] warn: Localization 2070 was not found for conf session hijacking ssl_certificate
[03/06/2025, 07:56:49] warn: Localization 2070 was not found for conf session hijacking ssl_certificate_key
[03/06/2025, 07:56:49] warn: Localization 2070 was not found for conf session hijacking ssl_ciphers
[03/06/2025, 07:56:49] warn: Localization 2070 was not found for conf session hijacking ssl_dhparam
[03/06/2025, 07:56:49] warn: Localization 2070 was not found for conf session hijacking ssl_prefer_server_ciphers
[03/06/2025, 07:56:49] warn: Localization 2070 was not found for conf session hijacking ssl_protocols
[03/06/2025, 07:56:49] warn: Localization 2070 was not found for conf session hijacking ssl_session_cache
[03/06/2025, 07:56:49] warn: Localization 2070 was not found for conf session hijacking ssl_session_timeout
[03/06/2025, 07:56:49] warn: Localization 2070 was not found for conf session hijacking ssl_stapling
[03/06/2025, 07:56:49] warn: Localization 2070 was not found for conf session hijacking tracking-mode
[03/06/2025, 07:56:49] warn: Localization 2070 was not found for conf sql injection magic_quotes_gpc
[03/06/2025, 07:56:49] warn: Localization 2070 was not found for conf sql injection magic_quotes_runtime
[03/06/2025, 07:56:49] warn: Localization 2070 was not found for conf sql injection magic_quotes_sybase
[03/06/2025, 07:56:49] warn: Localization 2070 was not found for domain.xml @audit-enabled
[03/06/2025, 07:56:49] warn: Localization 2070 was not found for domain.xml @port
[03/06/2025, 07:56:49] warn: Localization 2070 was not found for domain.xml @value
[03/06/2025, 07:56:49] warn: Localization 2070 was not found for domain.xml @xpowered-by
[03/06/2025, 07:56:49] warn: Localization 2070 was not found for domain.xml jvm-options
[03/06/2025, 07:56:49] warn: Localization 2070 was not found for ios_info.plist cfbundleurltypes
[03/06/2025, 07:56:49] warn: Localization 2070 was not found for ios_info.plist nsexceptionallowsinsecurehttploads
[03/06/2025, 07:56:49] warn: Localization 2070 was not found for ios_info.plist nsexceptionminimumtlsversion
[03/06/2025, 07:56:49] warn: Localization 2070 was not found for ios_info.plist nstemporarythirdpartyexceptionallowsinsecurehttploads
[03/06/2025, 07:56:49] warn: Localization 2070 was not found for ios_info.plist nstemporarythirdpartyexceptionminimumtlsversion
[03/06/2025, 07:56:49] warn: Localization 2070 was not found for lighttpd.conf cgi.assign
[03/06/2025, 07:56:49] warn: Localization 2070 was not found for lighttpd.conf server.dir-listing
[03/06/2025, 07:56:49] warn: Localization 2070 was not found for lighttpd.conf setenv.add-response-header
[03/06/2025, 07:56:49] warn: Localization 2070 was not found for lighttpd.conf status.config-url
[03/06/2025, 07:56:49] warn: Localization 2070 was not found for lighttpd.conf status.status-url
[03/06/2025, 07:56:49] warn: Localization 2070 was not found for lighttpd.conf webdav.is-readonly
[03/06/2025, 07:56:49] warn: Localization 2070 was not found for machine.config @debug
[03/06/2025, 07:56:49] warn: Localization 2070 was not found for machine.config @decryption
[03/06/2025, 07:56:49] warn: Localization 2070 was not found for machine.config @decryptionkey
[03/06/2025, 07:56:49] warn: Localization 2070 was not found for machine.config @passwordformat
[03/06/2025, 07:56:49] warn: Localization 2070 was not found for machine.config @retail
[03/06/2025, 07:56:49] warn: Localization 2070 was not found for machine.config @username[@processmodel]
[03/06/2025, 07:56:49] warn: Localization 2070 was not found for machine.config @validation
[03/06/2025, 07:56:49] warn: Localization 2070 was not found for machine.config @validationkey
[03/06/2025, 07:56:49] warn: Localization 2070 was not found for nginx.conf add_header
[03/06/2025, 07:56:49] warn: Localization 2070 was not found for nginx.conf add_header[inheritance]
[03/06/2025, 07:56:49] warn: Localization 2070 was not found for nginx.conf alias[traversal]
[03/06/2025, 07:56:49] warn: Localization 2070 was not found for nginx.conf autoindex
[03/06/2025, 07:56:49] warn: Localization 2070 was not found for nginx.conf error_log
[03/06/2025, 07:56:49] warn: Localization 2070 was not found for nginx.conf error_page
[03/06/2025, 07:56:49] warn: Localization 2070 was not found for nginx.conf more_set_headers
[03/06/2025, 07:56:49] warn: Localization 2070 was not found for nginx.conf proxy_set_header
[03/06/2025, 07:56:49] warn: Localization 2070 was not found for nginx.conf server_tokens
[03/06/2025, 07:56:49] warn: Localization 2070 was not found for nginx.conf ssi
[03/06/2025, 07:56:49] warn: Localization 2070 was not found for nginx.conf ssl
[03/06/2025, 07:56:49] warn: Localization 2070 was not found for nginx.conf ssl_certificate
[03/06/2025, 07:56:49] warn: Localization 2070 was not found for nginx.conf ssl_certificate_key
[03/06/2025, 07:56:49] warn: Localization 2070 was not found for nginx.conf ssl_ciphers
[03/06/2025, 07:56:49] warn: Localization 2070 was not found for nginx.conf ssl_dhparam
[03/06/2025, 07:56:49] warn: Localization 2070 was not found for nginx.conf ssl_prefer_server_ciphers
[03/06/2025, 07:56:49] warn: Localization 2070 was not found for nginx.conf ssl_protocols
[03/06/2025, 07:56:49] warn: Localization 2070 was not found for nginx.conf ssl_session_cache
[03/06/2025, 07:56:49] warn: Localization 2070 was not found for nginx.conf ssl_session_timeout
[03/06/2025, 07:56:49] warn: Localization 2070 was not found for nginx.conf ssl_stapling
[03/06/2025, 07:56:49] warn: Localization 2070 was not found for nginx.conf valid_referers
[03/06/2025, 07:56:49] warn: Localization 2070 was not found for php.ini allow_url_fopen
[03/06/2025, 07:56:49] warn: Localization 2070 was not found for php.ini allow_url_include
[03/06/2025, 07:56:49] warn: Localization 2070 was not found for php.ini assert.active
[03/06/2025, 07:56:49] warn: Localization 2070 was not found for php.ini auto_append_file
[03/06/2025, 07:56:49] warn: Localization 2070 was not found for php.ini auto_prepend_file
[03/06/2025, 07:56:49] warn: Localization 2070 was not found for php.ini cgi.fix_pathinfo
[03/06/2025, 07:56:49] warn: Localization 2070 was not found for php.ini cgi.force_redirect
[03/06/2025, 07:56:49] warn: Localization 2070 was not found for php.ini disable_functions
[03/06/2025, 07:56:49] warn: Localization 2070 was not found for php.ini display_errors
[03/06/2025, 07:56:49] warn: Localization 2070 was not found for php.ini display_startup_errors
[03/06/2025, 07:56:49] warn: Localization 2070 was not found for php.ini enable_dl
[03/06/2025, 07:56:49] warn: Localization 2070 was not found for php.ini expose_php
[03/06/2025, 07:56:49] warn: Localization 2070 was not found for php.ini log_errors
[03/06/2025, 07:56:49] warn: Localization 2070 was not found for php.ini magic_quotes_gpc
[03/06/2025, 07:56:49] warn: Localization 2070 was not found for php.ini magic_quotes_runtime
[03/06/2025, 07:56:49] warn: Localization 2070 was not found for php.ini magic_quotes_sybase
[03/06/2025, 07:56:49] warn: Localization 2070 was not found for php.ini max_execution_time
[03/06/2025, 07:56:49] warn: Localization 2070 was not found for php.ini max_input_nesting_level
[03/06/2025, 07:56:49] warn: Localization 2070 was not found for php.ini max_input_time
[03/06/2025, 07:56:49] warn: Localization 2070 was not found for php.ini memory_limit
[03/06/2025, 07:56:49] warn: Localization 2070 was not found for php.ini open_basedir
[03/06/2025, 07:56:49] warn: Localization 2070 was not found for php.ini post_max_size
[03/06/2025, 07:56:49] warn: Localization 2070 was not found for php.ini register_globals
[03/06/2025, 07:56:49] warn: Localization 2070 was not found for php.ini request_order
[03/06/2025, 07:56:49] warn: Localization 2070 was not found for php.ini safe_mode
[03/06/2025, 07:56:49] warn: Localization 2070 was not found for php.ini session.cookie_httponly
[03/06/2025, 07:56:49] warn: Localization 2070 was not found for php.ini session.cookie_lifetime
[03/06/2025, 07:56:49] warn: Localization 2070 was not found for php.ini session.cookie_secure
[03/06/2025, 07:56:49] warn: Localization 2070 was not found for php.ini session.save_path
[03/06/2025, 07:56:49] warn: Localization 2070 was not found for php.ini session.use_cookies
[03/06/2025, 07:56:49] warn: Localization 2070 was not found for php.ini session.use_only_cookies
[03/06/2025, 07:56:49] warn: Localization 2070 was not found for php.ini session.use_strict_mode
[03/06/2025, 07:56:49] warn: Localization 2070 was not found for php.ini session.use_trans_sid
[03/06/2025, 07:56:49] warn: Localization 2070 was not found for php.ini upload_max_filesize
[03/06/2025, 07:56:49] warn: Localization 2070 was not found for potential vulnerability
[03/06/2025, 07:56:49] warn: Localization 2070 was not found for server.xml_tomcat @allowtrace
[03/06/2025, 07:56:49] warn: Localization 2070 was not found for server.xml_tomcat @autodeploy
[03/06/2025, 07:56:49] warn: Localization 2070 was not found for server.xml_tomcat @clientauth
[03/06/2025, 07:56:49] warn: Localization 2070 was not found for server.xml_tomcat @connectiontimeout
[03/06/2025, 07:56:49] warn: Localization 2070 was not found for server.xml_tomcat @deployonstartup
[03/06/2025, 07:56:49] warn: Localization 2070 was not found for server.xml_tomcat @maxhttpheadersize
[03/06/2025, 07:56:49] warn: Localization 2070 was not found for server.xml_tomcat @secure
[03/06/2025, 07:56:49] warn: Localization 2070 was not found for server.xml_tomcat @shutdown
[03/06/2025, 07:56:49] warn: Localization 2070 was not found for server.xml_tomcat @xpoweredby
[03/06/2025, 07:56:49] warn: Localization 2070 was not found for server.xml_websphere @allowlogoutpageredirecttoanyhost
[03/06/2025, 07:56:49] warn: Localization 2070 was not found for server.xml_websphere @displayauthenticationrealm
[03/06/2025, 07:56:49] warn: Localization 2070 was not found for server.xml_websphere @preservefullyqualifiedreferrerurl
[03/06/2025, 07:56:49] warn: Localization 2070 was not found for standalone.xml @default-user
[03/06/2025, 07:56:49] warn: Localization 2070 was not found for standalone.xml @display-source-fragment
[03/06/2025, 07:56:49] warn: Localization 2070 was not found for standalone.xml @scan-interval
[03/06/2025, 07:56:49] warn: Localization 2070 was not found for standalone.xml @value
[03/06/2025, 07:56:49] warn: Localization 2070 was not found for standalone.xml @x-powered-by
[03/06/2025, 07:56:49] warn: Localization 2070 was not found for web.config @allowoverride
[03/06/2025, 07:56:49] warn: Localization 2070 was not found for web.config @cacherolesincookie
[03/06/2025, 07:56:49] warn: Localization 2070 was not found for web.config @certificatevalidationmode
[03/06/2025, 07:56:49] warn: Localization 2070 was not found for web.config @connectionprotection
[03/06/2025, 07:56:49] warn: Localization 2070 was not found for web.config @cookieless
[03/06/2025, 07:56:49] warn: Localization 2070 was not found for web.config @cookieprotection
[03/06/2025, 07:56:49] warn: Localization 2070 was not found for web.config @cookierequiressl
[03/06/2025, 07:56:49] warn: Localization 2070 was not found for web.config @cookieslidingexpiration
[03/06/2025, 07:56:49] warn: Localization 2070 was not found for web.config @cookietimeout
[03/06/2025, 07:56:49] warn: Localization 2070 was not found for web.config @createpersistentcookie
[03/06/2025, 07:56:49] warn: Localization 2070 was not found for web.config @debug
[03/06/2025, 07:56:49] warn: Localization 2070 was not found for web.config @decryptionkey
[03/06/2025, 07:56:49] warn: Localization 2070 was not found for web.config @enablecrossappredirects
[03/06/2025, 07:56:49] warn: Localization 2070 was not found for web.config @enabled
[03/06/2025, 07:56:49] warn: Localization 2070 was not found for web.config @enabled[directorybrowse]
[03/06/2025, 07:56:49] warn: Localization 2070 was not found for web.config @enableeventvalidation
[03/06/2025, 07:56:49] warn: Localization 2070 was not found for web.config @enableheaderchecking
[03/06/2025, 07:56:49] warn: Localization 2070 was not found for web.config @enableversionheader
[03/06/2025, 07:56:49] warn: Localization 2070 was not found for web.config @enableviewstatemac
[03/06/2025, 07:56:49] warn: Localization 2070 was not found for web.config @httponlycookies
[03/06/2025, 07:56:49] warn: Localization 2070 was not found for web.config @level
[03/06/2025, 07:56:49] warn: Localization 2070 was not found for web.config @maxeventdetaillength
[03/06/2025, 07:56:49] warn: Localization 2070 was not found for web.config @maxeventlengthforsimplemessage
[03/06/2025, 07:56:49] warn: Localization 2070 was not found for web.config @maxrequestlength
[03/06/2025, 07:56:49] warn: Localization 2070 was not found for web.config @maxsizeforsimplemessage
[03/06/2025, 07:56:49] warn: Localization 2070 was not found for web.config @minrequirednonalphanumericcharacters
[03/06/2025, 07:56:49] warn: Localization 2070 was not found for web.config @minrequiredpasswordlength
[03/06/2025, 07:56:49] warn: Localization 2070 was not found for web.config @mode
[03/06/2025, 07:56:49] warn: Localization 2070 was not found for web.config @name[@credentials]
[03/06/2025, 07:56:49] warn: Localization 2070 was not found for web.config @passwordformat
[03/06/2025, 07:56:49] warn: Localization 2070 was not found for web.config @protection
[03/06/2025, 07:56:49] warn: Localization 2070 was not found for web.config @requestvalidationmode
[03/06/2025, 07:56:49] warn: Localization 2070 was not found for web.config @requiressl
[03/06/2025, 07:56:49] warn: Localization 2070 was not found for web.config @requiressl[@authentication]
[03/06/2025, 07:56:49] warn: Localization 2070 was not found for web.config @slidingexpiration
[03/06/2025, 07:56:49] warn: Localization 2070 was not found for web.config @statuscode
[03/06/2025, 07:56:49] warn: Localization 2070 was not found for web.config @timeout
[03/06/2025, 07:56:49] warn: Localization 2070 was not found for web.config @type
[03/06/2025, 07:56:49] warn: Localization 2070 was not found for web.config @username[@identity]
[03/06/2025, 07:56:49] warn: Localization 2070 was not found for web.config @users
[03/06/2025, 07:56:49] warn: Localization 2070 was not found for web.config @useunsafeheaderparsing
[03/06/2025, 07:56:49] warn: Localization 2070 was not found for web.config @validaterequest
[03/06/2025, 07:56:49] warn: Localization 2070 was not found for web.config @validation
[03/06/2025, 07:56:49] warn: Localization 2070 was not found for web.config @validationkey
[03/06/2025, 07:56:49] warn: Localization 2070 was not found for web.config @value
[03/06/2025, 07:56:49] warn: Localization 2070 was not found for web.config @value[@accesscontrolalloworiginheader]
[03/06/2025, 07:56:49] warn: Localization 2070 was not found for web.config @value[@aspnetcore_environment]
[03/06/2025, 07:56:49] warn: Localization 2070 was not found for web.config @value[uselegacyencryption]
[03/06/2025, 07:56:49] warn: Localization 2070 was not found for web.config @value[x-frame-options]
[03/06/2025, 07:56:49] warn: Localization 2070 was not found for web.config @viewstateencryptionmode
[03/06/2025, 07:56:49] warn: Localization 2070 was not found for web.config ciphervalue[@sessionstate]
[03/06/2025, 07:56:49] warn: Localization 2070 was not found for web.config remove/@name[documentation]
[03/06/2025, 07:56:49] warn: Localization 2070 was not found for web.config remove/@name[x-powered-by]
[03/06/2025, 07:56:49] warn: Localization 2070 was not found for web.xml error-code
[03/06/2025, 07:56:49] warn: Localization 2070 was not found for web.xml http-method
[03/06/2025, 07:56:49] warn: Localization 2070 was not found for web.xml http-only
[03/06/2025, 07:56:49] warn: Localization 2070 was not found for web.xml param-value
[03/06/2025, 07:56:49] warn: Localization 2070 was not found for web.xml secure
[03/06/2025, 07:56:49] warn: Localization 2070 was not found for web.xml session-timeout
[03/06/2025, 07:56:49] warn: Localization 2070 was not found for web.xml tracking-mode
[03/06/2025, 07:56:49] warn: Localization 2070 was not found for web.xml transport-guarantee
[03/06/2025, 07:56:49] info: Clean up logs files was started
[03/06/2025, 07:56:49] info: Clean up logs files was finished
