[20/05/2025, 13:49:32] info: Logging was started to file.
[20/05/2025, 13:49:32] info: Start application inspector initialization
[20/05/2025, 13:49:32] info: Hide developer mode UI
[20/05/2025, 13:49:33] info: Initialize aie integration isn't initialized
[20/05/2025, 13:49:33] info: Clean up logs files was started
[20/05/2025, 13:49:33] info: Clean up logs files was finished
[20/05/2025, 13:49:34] info: Infrastructure Configurations: {"port":8000,"infrastructureAssemblyFolderPath":"C:\\Users\\papel\\AppData\\Local\\Application Inspector Analyzer","applicationResourcesFolderPath":"C:\\Users\\papel\\AppData\\Local\\Application Inspector Analyzer","scanTargetFolderPath":"c:\\Users\\papel\\Desktop\\papelaria-carrinho","isDebugging":false,"logLevel":{"i2_1":"Error","j2_1":5,"type":5,"key":"Settings.LogLevel.Error.Text"},"logDir":"c:\\Users\\papel\\Desktop\\papelaria-carrinho\\.ai\\Logs\\Infrastructure\\2025-05-20-13-49-34","tipsFoundNotificationThreshold":15,"similarIssuesFoundNotificationThreshold":15,"applicationLocalDataFolderPath":"c:\\Users\\papel\\Desktop\\papelaria-carrinho\\.ai"}
[20/05/2025, 13:49:34] info: Start infrastructure initialization
[20/05/2025, 13:49:34] info: Infrastructure was started
[20/05/2025, 13:49:40] info: Initialize aie integration isn't initialized
[20/05/2025, 13:49:40] info: Infrastructure was initialized
[20/05/2025, 13:49:40] info: Infrastructure Installer was deleted
[20/05/2025, 13:49:42] warn: Localization 2070 was not found for apache mod_negotiation resource location disclosure
[20/05/2025, 13:49:42] warn: Localization 2070 was not found for arbitrary directory copying
[20/05/2025, 13:49:42] warn: Localization 2070 was not found for arbitrary directory creation
[20/05/2025, 13:49:42] warn: Localization 2070 was not found for arbitrary directory deletion
[20/05/2025, 13:49:42] warn: Localization 2070 was not found for arbitrary directory listing
[20/05/2025, 13:49:42] warn: Localization 2070 was not found for arbitrary directory moving
[20/05/2025, 13:49:42] warn: Localization 2070 was not found for arbitrary file copying
[20/05/2025, 13:49:42] warn: Localization 2070 was not found for arbitrary file creation
[20/05/2025, 13:49:42] warn: Localization 2070 was not found for arbitrary file deletion
[20/05/2025, 13:49:42] warn: Localization 2070 was not found for arbitrary file modification
[20/05/2025, 13:49:42] warn: Localization 2070 was not found for arbitrary file moving
[20/05/2025, 13:49:42] warn: Localization 2070 was not found for arbitrary file reading
[20/05/2025, 13:49:42] warn: Localization 2070 was not found for cookie injection
[20/05/2025, 13:49:42] warn: Localization 2070 was not found for credentials brute-force
[20/05/2025, 13:49:42] warn: Localization 2070 was not found for cross-site request forgery
[20/05/2025, 13:49:42] warn: Localization 2070 was not found for cross-site scripting
[20/05/2025, 13:49:42] warn: Localization 2070 was not found for cursor injection
[20/05/2025, 13:49:42] warn: Localization 2070 was not found for cursor sqli
[20/05/2025, 13:49:42] warn: Localization 2070 was not found for default
[20/05/2025, 13:49:42] warn: Localization 2070 was not found for denial of service
[20/05/2025, 13:49:42] warn: Localization 2070 was not found for deserialization of untrusted data
[20/05/2025, 13:49:42] warn: Localization 2070 was not found for df
[20/05/2025, 13:49:42] warn: Localization 2070 was not found for djangoorminjection
[20/05/2025, 13:49:42] warn: Localization 2070 was not found for dll injection
[20/05/2025, 13:49:42] warn: Localization 2070 was not found for double free
[20/05/2025, 13:49:42] warn: Localization 2070 was not found for dynamic code injection
[20/05/2025, 13:49:42] warn: Localization 2070 was not found for dynamic query injection
[20/05/2025, 13:49:42] warn: Localization 2070 was not found for external control of configuration
[20/05/2025, 13:49:42] warn: Localization 2070 was not found for fingerprinting
[20/05/2025, 13:49:42] warn: Localization 2070 was not found for format string
[20/05/2025, 13:49:42] warn: Localization 2070 was not found for hardcoded password
[20/05/2025, 13:49:42] warn: Localization 2070 was not found for heap overflow
[20/05/2025, 13:49:42] warn: Localization 2070 was not found for http header injection
[20/05/2025, 13:49:42] warn: Localization 2070 was not found for http request splitting
[20/05/2025, 13:49:42] warn: Localization 2070 was not found for http response splitting
[20/05/2025, 13:49:42] warn: Localization 2070 was not found for improper access control taint
[20/05/2025, 13:49:42] warn: Localization 2070 was not found for improper resource shutdown or release
[20/05/2025, 13:49:42] warn: Localization 2070 was not found for information exposure
[20/05/2025, 13:49:42] warn: Localization 2070 was not found for injection
[20/05/2025, 13:49:42] warn: Localization 2070 was not found for insecure direct object references
[20/05/2025, 13:49:42] warn: Localization 2070 was not found for insufficient session expiration
[20/05/2025, 13:49:42] warn: Localization 2070 was not found for integer overflow
[20/05/2025, 13:49:42] warn: Localization 2070 was not found for ldap injection
[20/05/2025, 13:49:42] warn: Localization 2070 was not found for like injection
[20/05/2025, 13:49:42] warn: Localization 2070 was not found for linq injection
[20/05/2025, 13:49:42] warn: Localization 2070 was not found for local file inclusion
[20/05/2025, 13:49:42] warn: Localization 2070 was not found for log forging
[20/05/2025, 13:49:42] warn: Localization 2070 was not found for nosql injection
[20/05/2025, 13:49:42] warn: Localization 2070 was not found for null dereference
[20/05/2025, 13:49:42] warn: Localization 2070 was not found for object injection
[20/05/2025, 13:49:42] warn: Localization 2070 was not found for open redirect
[20/05/2025, 13:49:42] warn: Localization 2070 was not found for orm injection
[20/05/2025, 13:49:42] warn: Localization 2070 was not found for os commanding
[20/05/2025, 13:49:42] warn: Localization 2070 was not found for padding oracle attack
[20/05/2025, 13:49:42] warn: Localization 2070 was not found for path traversal
[20/05/2025, 13:49:42] warn: Localization 2070 was not found for persistent cookie exposing
[20/05/2025, 13:49:42] warn: Localization 2070 was not found for potential path traversal
[20/05/2025, 13:49:42] warn: Localization 2070 was not found for process control
[20/05/2025, 13:49:42] warn: Localization 2070 was not found for redos
[20/05/2025, 13:49:42] warn: Localization 2070 was not found for remote code execution
[20/05/2025, 13:49:42] warn: Localization 2070 was not found for remote file inclusion
[20/05/2025, 13:49:42] warn: Localization 2070 was not found for resource exhaustion
[20/05/2025, 13:49:42] warn: Localization 2070 was not found for resource location brute-force
[20/05/2025, 13:49:42] warn: Localization 2070 was not found for server-side request forgery
[20/05/2025, 13:49:42] warn: Localization 2070 was not found for server-side template injection
[20/05/2025, 13:49:42] warn: Localization 2070 was not found for serverfingerprinting
[20/05/2025, 13:49:42] warn: Localization 2070 was not found for session management weakness
[20/05/2025, 13:49:42] warn: Localization 2070 was not found for shellshock
[20/05/2025, 13:49:42] warn: Localization 2070 was not found for smtp header injection
[20/05/2025, 13:49:42] warn: Localization 2070 was not found for sql injection
[20/05/2025, 13:49:42] warn: Localization 2070 was not found for sqli
[20/05/2025, 13:49:42] warn: Localization 2070 was not found for stack overflow
[20/05/2025, 13:49:42] warn: Localization 2070 was not found for uaf
[20/05/2025, 13:49:42] warn: Localization 2070 was not found for uncontrolled data manipulation
[20/05/2025, 13:49:42] warn: Localization 2070 was not found for uncontrolled env var modification
[20/05/2025, 13:49:42] warn: Localization 2070 was not found for unrestricted file upload
[20/05/2025, 13:49:42] warn: Localization 2070 was not found for use after free
[20/05/2025, 13:49:42] warn: Localization 2070 was not found for webview xss taint
[20/05/2025, 13:49:42] warn: Localization 2070 was not found for xml entity expansion
[20/05/2025, 13:49:42] warn: Localization 2070 was not found for xml external entity
[20/05/2025, 13:49:42] warn: Localization 2070 was not found for xpath injection
[20/05/2025, 13:49:42] warn: Localization 2070 was not found for xquery injection
[20/05/2025, 13:49:42] warn: Localization 2070 was not found for 100
[20/05/2025, 13:49:42] warn: Localization 2070 was not found for 101
[20/05/2025, 13:49:42] warn: Localization 2070 was not found for 102
[20/05/2025, 13:49:42] warn: Localization 2070 was not found for 103
[20/05/2025, 13:49:42] warn: Localization 2070 was not found for 104
[20/05/2025, 13:49:42] warn: Localization 2070 was not found for 105
[20/05/2025, 13:49:42] warn: Localization 2070 was not found for 107
[20/05/2025, 13:49:42] warn: Localization 2070 was not found for 108
[20/05/2025, 13:49:42] warn: Localization 2070 was not found for 109
[20/05/2025, 13:49:42] warn: Localization 2070 was not found for 111
[20/05/2025, 13:49:42] warn: Localization 2070 was not found for 113
[20/05/2025, 13:49:42] warn: Localization 2070 was not found for 114
[20/05/2025, 13:49:42] warn: Localization 2070 was not found for 116
[20/05/2025, 13:49:42] warn: Localization 2070 was not found for 117
[20/05/2025, 13:49:42] warn: Localization 2070 was not found for 118
[20/05/2025, 13:49:42] warn: Localization 2070 was not found for 120
[20/05/2025, 13:49:42] warn: Localization 2070 was not found for 122
[20/05/2025, 13:49:42] warn: Localization 2070 was not found for 123
[20/05/2025, 13:49:42] warn: Localization 2070 was not found for 124
[20/05/2025, 13:49:42] warn: Localization 2070 was not found for 125
[20/05/2025, 13:49:42] warn: Localization 2070 was not found for 127
[20/05/2025, 13:49:42] warn: Localization 2070 was not found for 128
[20/05/2025, 13:49:42] warn: Localization 2070 was not found for 129
[20/05/2025, 13:49:42] warn: Localization 2070 was not found for 130
[20/05/2025, 13:49:42] warn: Localization 2070 was not found for 135
[20/05/2025, 13:49:42] warn: Localization 2070 was not found for 138
[20/05/2025, 13:49:42] warn: Localization 2070 was not found for 139
[20/05/2025, 13:49:42] warn: Localization 2070 was not found for 140
[20/05/2025, 13:49:42] warn: Localization 2070 was not found for 141
[20/05/2025, 13:49:42] warn: Localization 2070 was not found for 142
[20/05/2025, 13:49:42] warn: Localization 2070 was not found for 144
[20/05/2025, 13:49:42] warn: Localization 2070 was not found for 145
[20/05/2025, 13:49:42] warn: Localization 2070 was not found for 146
[20/05/2025, 13:49:42] warn: Localization 2070 was not found for 147
[20/05/2025, 13:49:42] warn: Localization 2070 was not found for 148
[20/05/2025, 13:49:42] warn: Localization 2070 was not found for 149
[20/05/2025, 13:49:42] warn: Localization 2070 was not found for 150
[20/05/2025, 13:49:42] warn: Localization 2070 was not found for 151
[20/05/2025, 13:49:42] warn: Localization 2070 was not found for 152
[20/05/2025, 13:49:42] warn: Localization 2070 was not found for 153
[20/05/2025, 13:49:42] warn: Localization 2070 was not found for 154
[20/05/2025, 13:49:42] warn: Localization 2070 was not found for 156
[20/05/2025, 13:49:42] warn: Localization 2070 was not found for 157
[20/05/2025, 13:49:42] warn: Localization 2070 was not found for 158
[20/05/2025, 13:49:42] warn: Localization 2070 was not found for 159
[20/05/2025, 13:49:42] warn: Localization 2070 was not found for 160
[20/05/2025, 13:49:42] warn: Localization 2070 was not found for 161
[20/05/2025, 13:49:42] warn: Localization 2070 was not found for 162
[20/05/2025, 13:49:42] warn: Localization 2070 was not found for 163
[20/05/2025, 13:49:42] warn: Localization 2070 was not found for 164
[20/05/2025, 13:49:42] warn: Localization 2070 was not found for 165
[20/05/2025, 13:49:42] warn: Localization 2070 was not found for 200
[20/05/2025, 13:49:42] warn: Localization 2070 was not found for 24544
[20/05/2025, 13:49:42] warn: Localization 2070 was not found for 24545
[20/05/2025, 13:49:42] warn: Localization 2070 was not found for 24546
[20/05/2025, 13:49:42] warn: Localization 2070 was not found for 24547
[20/05/2025, 13:49:42] warn: Localization 2070 was not found for 24548
[20/05/2025, 13:49:42] warn: Localization 2070 was not found for 24549
[20/05/2025, 13:49:42] warn: Localization 2070 was not found for 24550
[20/05/2025, 13:49:42] warn: Localization 2070 was not found for 24551
[20/05/2025, 13:49:42] warn: Localization 2070 was not found for 24552
[20/05/2025, 13:49:42] warn: Localization 2070 was not found for 24553
[20/05/2025, 13:49:42] warn: Localization 2070 was not found for 24554
[20/05/2025, 13:49:42] warn: Localization 2070 was not found for 24555
[20/05/2025, 13:49:42] warn: Localization 2070 was not found for 24556
[20/05/2025, 13:49:42] warn: Localization 2070 was not found for 24557
[20/05/2025, 13:49:42] warn: Localization 2070 was not found for 24558
[20/05/2025, 13:49:42] warn: Localization 2070 was not found for 24559
[20/05/2025, 13:49:42] warn: Localization 2070 was not found for 24560
[20/05/2025, 13:49:42] warn: Localization 2070 was not found for 24561
[20/05/2025, 13:49:42] warn: Localization 2070 was not found for 24562
[20/05/2025, 13:49:42] warn: Localization 2070 was not found for 24563
[20/05/2025, 13:49:42] warn: Localization 2070 was not found for 24564
[20/05/2025, 13:49:42] warn: Localization 2070 was not found for 24565
[20/05/2025, 13:49:42] warn: Localization 2070 was not found for 24566
[20/05/2025, 13:49:42] warn: Localization 2070 was not found for 24567
[20/05/2025, 13:49:42] warn: Localization 2070 was not found for 24568
[20/05/2025, 13:49:42] warn: Localization 2070 was not found for 305
[20/05/2025, 13:49:42] warn: Localization 2070 was not found for 96
[20/05/2025, 13:49:42] warn: Localization 2070 was not found for 97
[20/05/2025, 13:49:42] warn: Localization 2070 was not found for 98
[20/05/2025, 13:49:42] warn: Localization 2070 was not found for 99
[20/05/2025, 13:49:42] warn: Localization 2070 was not found for attributes code inside addeventlistener
[20/05/2025, 13:49:42] warn: Localization 2070 was not found for attributes code inside attachevent
[20/05/2025, 13:49:42] warn: Localization 2070 was not found for attributes code inside createattribute
[20/05/2025, 13:49:42] warn: Localization 2070 was not found for attributes code inside element event
[20/05/2025, 13:49:42] warn: Localization 2070 was not found for attributes code inside setattribute
[20/05/2025, 13:49:42] warn: Localization 2070 was not found for attributes code inside setattributens
[20/05/2025, 13:49:42] warn: Localization 2070 was not found for buffer overflow
[20/05/2025, 13:49:42] warn: Localization 2070 was not found for buffer overflow in python
[20/05/2025, 13:49:42] warn: Localization 2070 was not found for buffer overflow pm
[20/05/2025, 13:49:42] warn: Localization 2070 was not found for class defines clone but not implement cloneable
[20/05/2025, 13:49:42] warn: Localization 2070 was not found for csrf protection disabled
[20/05/2025, 13:49:42] warn: Localization 2070 was not found for cursor snarfing plsql
[20/05/2025, 13:49:42] warn: Localization 2070 was not found for cursor snarfing tsql
[20/05/2025, 13:49:42] warn: Localization 2070 was not found for dangerous function plsql
[20/05/2025, 13:49:42] warn: Localization 2070 was not found for dangerous function tsql
[20/05/2025, 13:49:42] warn: Localization 2070 was not found for debug information leakage
[20/05/2025, 13:49:42] warn: Localization 2070 was not found for debug mode python
[20/05/2025, 13:49:42] warn: Localization 2070 was not found for deprecated functions objc
[20/05/2025, 13:49:42] warn: Localization 2070 was not found for deserialization of untrusted data pm
[20/05/2025, 13:49:42] warn: Localization 2070 was not found for deserialization of untrusted data pm python
[20/05/2025, 13:49:42] warn: Localization 2070 was not found for detection of error condition without action
[20/05/2025, 13:49:42] warn: Localization 2070 was not found for direct use of threads
[20/05/2025, 13:49:42] warn: Localization 2070 was not found for directorytraversalcreatereadstream
[20/05/2025, 13:49:42] warn: Localization 2070 was not found for directorytraversalreadfile
[20/05/2025, 13:49:42] warn: Localization 2070 was not found for disabling ssl certificate checks
[20/05/2025, 13:49:42] warn: Localization 2070 was not found for disabling ssl certificate checks c
[20/05/2025, 13:49:42] warn: Localization 2070 was not found for disabling ssl-tls certificate checks go
[20/05/2025, 13:49:42] warn: Localization 2070 was not found for divide by zero
[20/05/2025, 13:49:42] warn: Localization 2070 was not found for dom modification contextual fragment
[20/05/2025, 13:49:42] warn: Localization 2070 was not found for dom modification html tag
[20/05/2025, 13:49:42] warn: Localization 2070 was not found for dom modification selected position
[20/05/2025, 13:49:42] warn: Localization 2070 was not found for dom modification string inside document
[20/05/2025, 13:49:42] warn: Localization 2070 was not found for download of code without integrity check
[20/05/2025, 13:49:42] warn: Localization 2070 was not found for embedded malicious code
[20/05/2025, 13:49:42] warn: Localization 2070 was not found for empty default exception handler
[20/05/2025, 13:49:42] warn: Localization 2070 was not found for erroneous null comparison
[20/05/2025, 13:49:42] warn: Localization 2070 was not found for exposure of data element to wrong session
[20/05/2025, 13:49:42] warn: Localization 2070 was not found for exposure of system data to an unauthorized control sphere
[20/05/2025, 13:49:42] warn: Localization 2070 was not found for external control of file name or path
[20/05/2025, 13:49:42] warn: Localization 2070 was not found for file snarfing plsql
[20/05/2025, 13:49:42] warn: Localization 2070 was not found for format string pm
[20/05/2025, 13:49:42] warn: Localization 2070 was not found for forwarding via location
[20/05/2025, 13:49:42] warn: Localization 2070 was not found for forwarding via location function
[20/05/2025, 13:49:42] warn: Localization 2070 was not found for forwarding via opening new tab
[20/05/2025, 13:49:42] warn: Localization 2070 was not found for ftpusage
[20/05/2025, 13:49:42] warn: Localization 2070 was not found for go weak cryptographic hash
[20/05/2025, 13:49:42] warn: Localization 2070 was not found for hardcoded initialization vector
[20/05/2025, 13:49:42] warn: Localization 2070 was not found for hardcoded key
[20/05/2025, 13:49:42] warn: Localization 2070 was not found for hardcoded password kotlin
[20/05/2025, 13:49:42] warn: Localization 2070 was not found for hardcoded password pm
[20/05/2025, 13:49:42] warn: Localization 2070 was not found for hardcoded pbkdf password
[20/05/2025, 13:49:42] warn: Localization 2070 was not found for headerinjection
[20/05/2025, 13:49:42] warn: Localization 2070 was not found for improper access control
[20/05/2025, 13:49:42] warn: Localization 2070 was not found for improper access control c
[20/05/2025, 13:49:42] warn: Localization 2070 was not found for improper certificate validation
[20/05/2025, 13:49:42] warn: Localization 2070 was not found for improper check for unusual or exceptional conditions
[20/05/2025, 13:49:42] warn: Localization 2070 was not found for improperly implemented security check for standard
[20/05/2025, 13:49:42] warn: Localization 2070 was not found for include interface ssl
[20/05/2025, 13:49:42] warn: Localization 2070 was not found for incorrect permission assignment for critical resource
[20/05/2025, 13:49:42] warn: Localization 2070 was not found for incorrect permission assignment for critical resource 1
[20/05/2025, 13:49:42] warn: Localization 2070 was not found for incorrect permission assignment for critical resource go
[20/05/2025, 13:49:42] warn: Localization 2070 was not found for incorrect permission assignment for critical resource java
[20/05/2025, 13:49:42] warn: Localization 2070 was not found for incorrect unix api using
[20/05/2025, 13:49:42] warn: Localization 2070 was not found for incorrect usage of seeds in pseudo-random number generator
[20/05/2025, 13:49:42] warn: Localization 2070 was not found for incorrectpermissionassignmentphp
[20/05/2025, 13:49:42] warn: Localization 2070 was not found for information exposure pm
[20/05/2025, 13:49:42] warn: Localization 2070 was not found for information exposure through an error message
[20/05/2025, 13:49:42] warn: Localization 2070 was not found for information exposure through comments
[20/05/2025, 13:49:42] warn: Localization 2070 was not found for information exposure through persistent cookies
[20/05/2025, 13:49:42] warn: Localization 2070 was not found for information exposure through persistent cookies 1
[20/05/2025, 13:49:42] warn: Localization 2070 was not found for information exposure through static content
[20/05/2025, 13:49:42] warn: Localization 2070 was not found for informationexposureviaexception
[20/05/2025, 13:49:42] warn: Localization 2070 was not found for insecure cipher key export
[20/05/2025, 13:49:42] warn: Localization 2070 was not found for insecure connection protocol
[20/05/2025, 13:49:42] warn: Localization 2070 was not found for insecure cookie 1
[20/05/2025, 13:49:42] warn: Localization 2070 was not found for insecure cookie 2
[20/05/2025, 13:49:42] warn: Localization 2070 was not found for insecure cookie scope
[20/05/2025, 13:49:42] warn: Localization 2070 was not found for insecure data storage
[20/05/2025, 13:49:42] warn: Localization 2070 was not found for insecure data storage objc simple
[20/05/2025, 13:49:42] warn: Localization 2070 was not found for insecure network binding
[20/05/2025, 13:49:42] warn: Localization 2070 was not found for insecure randomness ojbc
[20/05/2025, 13:49:42] warn: Localization 2070 was not found for insecure randomness plsql
[20/05/2025, 13:49:42] warn: Localization 2070 was not found for insecure randomness tsql
[20/05/2025, 13:49:42] warn: Localization 2070 was not found for insecure rsa padding
[20/05/2025, 13:49:42] warn: Localization 2070 was not found for insecure rsa padding 1
[20/05/2025, 13:49:42] warn: Localization 2070 was not found for insecure ssl connection
[20/05/2025, 13:49:42] warn: Localization 2070 was not found for insecure ssl connection 1
[20/05/2025, 13:49:42] warn: Localization 2070 was not found for insecure ssl protocol
[20/05/2025, 13:49:42] warn: Localization 2070 was not found for insecure transport java
[20/05/2025, 13:49:42] warn: Localization 2070 was not found for insecure usage of jinja templates
[20/05/2025, 13:49:42] warn: Localization 2070 was not found for insecure usage of mako templates
[20/05/2025, 13:49:42] warn: Localization 2070 was not found for insecure validation functions
[20/05/2025, 13:49:42] warn: Localization 2070 was not found for insecure validation functions 1
[20/05/2025, 13:49:42] warn: Localization 2070 was not found for insecure work with temporary files
[20/05/2025, 13:49:42] warn: Localization 2070 was not found for insecureevalpython
[20/05/2025, 13:49:42] warn: Localization 2070 was not found for insufficient cors policy
[20/05/2025, 13:49:42] warn: Localization 2070 was not found for insufficient encryption key length
[20/05/2025, 13:49:42] warn: Localization 2070 was not found for insufficient encryption key length 1
[20/05/2025, 13:49:42] warn: Localization 2070 was not found for insufficient key size go
[20/05/2025, 13:49:42] warn: Localization 2070 was not found for insufficient logging&monitoring
[20/05/2025, 13:49:42] warn: Localization 2070 was not found for insufficient session expiration pm
[20/05/2025, 13:49:42] warn: Localization 2070 was not found for insufficientencryptionkeylength
[20/05/2025, 13:49:42] warn: Localization 2070 was not found for integer overflow pm
[20/05/2025, 13:49:42] warn: Localization 2070 was not found for jquery function that adds element
[20/05/2025, 13:49:42] warn: Localization 2070 was not found for jquery function that replaces element
[20/05/2025, 13:49:42] warn: Localization 2070 was not found for jquery html inside dom
[20/05/2025, 13:49:42] warn: Localization 2070 was not found for jquery unsafe functions for dom
[20/05/2025, 13:49:42] warn: Localization 2070 was not found for jquery wrap element to html
[20/05/2025, 13:49:42] warn: Localization 2070 was not found for json-test
[20/05/2025, 13:49:42] warn: Localization 2070 was not found for lack of the host key verification go
[20/05/2025, 13:49:42] warn: Localization 2070 was not found for least privilege violation
[20/05/2025, 13:49:42] warn: Localization 2070 was not found for leftover debug code
[20/05/2025, 13:49:42] warn: Localization 2070 was not found for marksafepython
[20/05/2025, 13:49:42] warn: Localization 2070 was not found for memory leak
[20/05/2025, 13:49:42] warn: Localization 2070 was not found for method without super clone
[20/05/2025, 13:49:42] warn: Localization 2070 was not found for method without super finalize
[20/05/2025, 13:49:42] warn: Localization 2070 was not found for missing auth localized reason
[20/05/2025, 13:49:42] warn: Localization 2070 was not found for missing encryption of sensitive data
[20/05/2025, 13:49:42] warn: Localization 2070 was not found for none
[20/05/2025, 13:49:42] warn: Localization 2070 was not found for notlsreject
[20/05/2025, 13:49:42] warn: Localization 2070 was not found for nslog using
[20/05/2025, 13:49:42] warn: Localization 2070 was not found for null dereference pattern
[20/05/2025, 13:49:42] warn: Localization 2070 was not found for null pbkdf password
[20/05/2025, 13:49:42] warn: Localization 2070 was not found for obsolete function
[20/05/2025, 13:49:42] warn: Localization 2070 was not found for openredirect
[20/05/2025, 13:49:42] warn: Localization 2070 was not found for overly broad grant
[20/05/2025, 13:49:42] warn: Localization 2070 was not found for override equals method without hashcode
[20/05/2025, 13:49:42] warn: Localization 2070 was not found for pattern matching
[20/05/2025, 13:49:42] warn: Localization 2070 was not found for php pm sensitive cookie in https session without ‘secure’ attribute
[20/05/2025, 13:49:42] warn: Localization 2070 was not found for plaintext storage of a password
[20/05/2025, 13:49:42] warn: Localization 2070 was not found for plaintext storage of a password 1
[20/05/2025, 13:49:42] warn: Localization 2070 was not found for play 1 html xss
[20/05/2025, 13:49:42] warn: Localization 2070 was not found for play 2 html xss
[20/05/2025, 13:49:42] warn: Localization 2070 was not found for poor logging practice logger
[20/05/2025, 13:49:42] warn: Localization 2070 was not found for poor logging practice system
[20/05/2025, 13:49:42] warn: Localization 2070 was not found for possible rce through sql injection
[20/05/2025, 13:49:42] warn: Localization 2070 was not found for private array typed field returned from a public method
[20/05/2025, 13:49:42] warn: Localization 2070 was not found for public data assigned to private array typed field
[20/05/2025, 13:49:42] warn: Localization 2070 was not found for python weak cryptographic hash
[20/05/2025, 13:49:42] warn: Localization 2070 was not found for python2input
[20/05/2025, 13:49:42] warn: Localization 2070 was not found for pythonassertion
[20/05/2025, 13:49:42] warn: Localization 2070 was not found for reflectedcrosssitescripting
[20/05/2025, 13:49:42] warn: Localization 2070 was not found for reliance on dns lookups in a security decision
[20/05/2025, 13:49:42] warn: Localization 2070 was not found for return of stack variable address
[20/05/2025, 13:49:42] warn: Localization 2070 was not found for reversible one way hash
[20/05/2025, 13:49:42] warn: Localization 2070 was not found for sensitive cookie in https session without ‘secure’ attribute
[20/05/2025, 13:49:42] warn: Localization 2070 was not found for sensitive cookie in https session without httponly attribute
[20/05/2025, 13:49:42] warn: Localization 2070 was not found for sensitive cookie in https session without secure attribute
[20/05/2025, 13:49:42] warn: Localization 2070 was not found for serversideinjectioneval
[20/05/2025, 13:49:42] warn: Localization 2070 was not found for serversideinjectionfunction
[20/05/2025, 13:49:42] warn: Localization 2070 was not found for serversideinjectionsetinterval
[20/05/2025, 13:49:42] warn: Localization 2070 was not found for serversideinjectionsettimeout
[20/05/2025, 13:49:42] warn: Localization 2070 was not found for serversideinjectionyaml
[20/05/2025, 13:49:42] warn: Localization 2070 was not found for ssl configuration flaws
[20/05/2025, 13:49:42] warn: Localization 2070 was not found for static random number generator
[20/05/2025, 13:49:42] warn: Localization 2070 was not found for time of check time of use race condition
[20/05/2025, 13:49:42] warn: Localization 2070 was not found for trust boundary violation
[20/05/2025, 13:49:42] warn: Localization 2070 was not found for type confusion
[20/05/2025, 13:49:42] warn: Localization 2070 was not found for uncontrolled memory allocation
[20/05/2025, 13:49:42] warn: Localization 2070 was not found for uncontrolled recursion
[20/05/2025, 13:49:42] warn: Localization 2070 was not found for unreachable code
[20/05/2025, 13:49:42] warn: Localization 2070 was not found for unsafe cross-origin resource sharing
[20/05/2025, 13:49:42] warn: Localization 2070 was not found for unsafe reflection
[20/05/2025, 13:49:42] warn: Localization 2070 was not found for unsalted one way hash
[20/05/2025, 13:49:42] warn: Localization 2070 was not found for unsalted one way hash 1
[20/05/2025, 13:49:42] warn: Localization 2070 was not found for unsaltedonewayhash
[20/05/2025, 13:49:42] warn: Localization 2070 was not found for unused var
[20/05/2025, 13:49:42] warn: Localization 2070 was not found for urllibusagepython
[20/05/2025, 13:49:42] warn: Localization 2070 was not found for use broken crypto
[20/05/2025, 13:49:42] warn: Localization 2070 was not found for use of a broken or risky cryptographic algorithm
[20/05/2025, 13:49:42] warn: Localization 2070 was not found for use of a broken or risky cryptographic algorithm 1
[20/05/2025, 13:49:42] warn: Localization 2070 was not found for use of a broken or risky cryptographic algorithm 2
[20/05/2025, 13:49:42] warn: Localization 2070 was not found for use of a broken or risky cryptographic algorithm 3
[20/05/2025, 13:49:42] warn: Localization 2070 was not found for use of a broken or risky cryptographic algorithm 4
[20/05/2025, 13:49:42] warn: Localization 2070 was not found for use of a broken or risky cryptographic algorithm 5
[20/05/2025, 13:49:42] warn: Localization 2070 was not found for use of a broken or risky cryptographic algorithm 6
[20/05/2025, 13:49:42] warn: Localization 2070 was not found for use of a broken or risky cryptographic algorithm go
[20/05/2025, 13:49:42] warn: Localization 2070 was not found for use of function with inconsistent implementations
[20/05/2025, 13:49:42] warn: Localization 2070 was not found for use of hardcoded cryptographic key
[20/05/2025, 13:49:42] warn: Localization 2070 was not found for use of insufficiently random values
[20/05/2025, 13:49:42] warn: Localization 2070 was not found for use of insufficiently random values 1
[20/05/2025, 13:49:42] warn: Localization 2070 was not found for use of insufficiently random values 2
[20/05/2025, 13:49:42] warn: Localization 2070 was not found for use of nullpointerexception catch
[20/05/2025, 13:49:42] warn: Localization 2070 was not found for use of obsolete function 1
[20/05/2025, 13:49:42] warn: Localization 2070 was not found for use of system exit
[20/05/2025, 13:49:42] warn: Localization 2070 was not found for use of uninitialized variable
[20/05/2025, 13:49:42] warn: Localization 2070 was not found for user driven insecure hash algorithm
[20/05/2025, 13:49:42] warn: Localization 2070 was not found for user driven insecure hash algorithm 1
[20/05/2025, 13:49:42] warn: Localization 2070 was not found for vulnerable template module
[20/05/2025, 13:49:42] warn: Localization 2070 was not found for weak crypto api objc
[20/05/2025, 13:49:42] warn: Localization 2070 was not found for weak crypto hash api objc
[20/05/2025, 13:49:42] warn: Localization 2070 was not found for weak crypto iv objc
[20/05/2025, 13:49:42] warn: Localization 2070 was not found for weak crypto key objc
[20/05/2025, 13:49:42] warn: Localization 2070 was not found for weak cryptographic algorithm 1
[20/05/2025, 13:49:42] warn: Localization 2070 was not found for weak cryptographic hash
[20/05/2025, 13:49:42] warn: Localization 2070 was not found for weak cryptographic hash plsql
[20/05/2025, 13:49:42] warn: Localization 2070 was not found for weak cryptographic hash tsql
[20/05/2025, 13:49:42] warn: Localization 2070 was not found for weak hmac key objc
[20/05/2025, 13:49:42] warn: Localization 2070 was not found for weak password requirements
[20/05/2025, 13:49:42] warn: Localization 2070 was not found for weak pbkdf salt
[20/05/2025, 13:49:42] warn: Localization 2070 was not found for weak rsa objc
[20/05/2025, 13:49:42] warn: Localization 2070 was not found for weakhashcrypto
[20/05/2025, 13:49:42] warn: Localization 2070 was not found for weakhashcryptojs
[20/05/2025, 13:49:42] warn: Localization 2070 was not found for webforms validaterequest
[20/05/2025, 13:49:42] warn: Localization 2070 was not found for webview xss
[20/05/2025, 13:49:42] warn: Localization 2070 was not found for xml external entity pm
[20/05/2025, 13:49:42] warn: Localization 2070 was not found for xss protection disabled
[20/05/2025, 13:49:42] warn: Localization 2070 was not found for yaml load
[20/05/2025, 13:49:42] warn: Localization 2070 was not found for .htaccess addhandler
[20/05/2025, 13:49:42] warn: Localization 2070 was not found for .htaccess addtype
[20/05/2025, 13:49:42] warn: Localization 2070 was not found for .htaccess options
[20/05/2025, 13:49:42] warn: Localization 2070 was not found for .htaccess php_value
[20/05/2025, 13:49:42] warn: Localization 2070 was not found for .htaccess serversignature
[20/05/2025, 13:49:42] warn: Localization 2070 was not found for android_manifest.xml @android:allowbackup
[20/05/2025, 13:49:42] warn: Localization 2070 was not found for android_manifest.xml @android:debuggable
[20/05/2025, 13:49:42] warn: Localization 2070 was not found for android_manifest.xml @android:exported
[20/05/2025, 13:49:42] warn: Localization 2070 was not found for android_manifest.xml @android:exported[provider]
[20/05/2025, 13:49:42] warn: Localization 2070 was not found for android_manifest.xml @android:protectionlevel
[20/05/2025, 13:49:42] warn: Localization 2070 was not found for android_manifest.xml @android:scheme
[20/05/2025, 13:49:42] warn: Localization 2070 was not found for android_networksecurityconfig.xml @src
[20/05/2025, 13:49:42] warn: Localization 2070 was not found for apache.conf addhandler
[20/05/2025, 13:49:42] warn: Localization 2070 was not found for apache.conf addtype
[20/05/2025, 13:49:42] warn: Localization 2070 was not found for apache.conf loadmodule
[20/05/2025, 13:49:42] warn: Localization 2070 was not found for apache.conf options
[20/05/2025, 13:49:42] warn: Localization 2070 was not found for apache.conf php_value
[20/05/2025, 13:49:42] warn: Localization 2070 was not found for apache.conf serversignature
[20/05/2025, 13:49:42] warn: Localization 2070 was not found for apache.conf servertokens
[20/05/2025, 13:49:42] warn: Localization 2070 was not found for apache.conf traceenable
[20/05/2025, 13:49:42] warn: Localization 2070 was not found for applicationhost.config @accesspolicy
[20/05/2025, 13:49:42] warn: Localization 2070 was not found for applicationhost.config @notlistedisapisallowed
[20/05/2025, 13:49:42] warn: Localization 2070 was not found for applicationhost.config @username
[20/05/2025, 13:49:42] warn: Localization 2070 was not found for conf arbitrary file upload file_uploads
[20/05/2025, 13:49:42] warn: Localization 2070 was not found for conf cross site scripting vulnerability http-only
[20/05/2025, 13:49:42] warn: Localization 2070 was not found for conf cross site scripting vulnerability httponlycookies
[20/05/2025, 13:49:42] warn: Localization 2070 was not found for conf cross site scripting vulnerability register_globals
[20/05/2025, 13:49:42] warn: Localization 2070 was not found for conf cross site scripting vulnerability session.cookie_httponly
[20/05/2025, 13:49:42] warn: Localization 2070 was not found for conf cross site scripting vulnerability traceenable
[20/05/2025, 13:49:42] warn: Localization 2070 was not found for conf cross site scripting vulnerability validaterequest
[20/05/2025, 13:49:42] warn: Localization 2070 was not found for conf denial of service loadmodule security2_module
[20/05/2025, 13:49:42] warn: Localization 2070 was not found for conf denial of service max_execution_time
[20/05/2025, 13:49:42] warn: Localization 2070 was not found for conf denial of service max_input_nesting_level
[20/05/2025, 13:49:42] warn: Localization 2070 was not found for conf denial of service max_input_time
[20/05/2025, 13:49:42] warn: Localization 2070 was not found for conf denial of service memory_limit
[20/05/2025, 13:49:42] warn: Localization 2070 was not found for conf denial of service post_max_size
[20/05/2025, 13:49:42] warn: Localization 2070 was not found for conf denial of service upload_max_filesize
[20/05/2025, 13:49:42] warn: Localization 2070 was not found for conf directory indexing autoindex
[20/05/2025, 13:49:42] warn: Localization 2070 was not found for conf directory indexing loadmodule autoindex_module
[20/05/2025, 13:49:42] warn: Localization 2070 was not found for conf directory indexing options
[20/05/2025, 13:49:42] warn: Localization 2070 was not found for conf directory indexing ssi
[20/05/2025, 13:49:42] warn: Localization 2070 was not found for conf information leakage curl.cainfo
[20/05/2025, 13:49:42] warn: Localization 2070 was not found for conf information leakage debug
[20/05/2025, 13:49:42] warn: Localization 2070 was not found for conf information leakage display_errors
[20/05/2025, 13:49:42] warn: Localization 2070 was not found for conf information leakage display_startup_errors
[20/05/2025, 13:49:42] warn: Localization 2070 was not found for conf information leakage error-code
[20/05/2025, 13:49:42] warn: Localization 2070 was not found for conf information leakage errordocument
[20/05/2025, 13:49:42] warn: Localization 2070 was not found for conf information leakage expose_php
[20/05/2025, 13:49:42] warn: Localization 2070 was not found for conf information leakage loadmodule include_module
[20/05/2025, 13:49:42] warn: Localization 2070 was not found for conf information leakage loadmodule info_module
[20/05/2025, 13:49:42] warn: Localization 2070 was not found for conf information leakage loadmodule negotiation_module
[20/05/2025, 13:49:42] warn: Localization 2070 was not found for conf information leakage mode
[20/05/2025, 13:49:42] warn: Localization 2070 was not found for conf information leakage param-name
[20/05/2025, 13:49:42] warn: Localization 2070 was not found for conf information leakage param-name-xsrf
[20/05/2025, 13:49:42] warn: Localization 2070 was not found for conf information leakage request_order
[20/05/2025, 13:49:42] warn: Localization 2070 was not found for conf information leakage server_tokens
[20/05/2025, 13:49:42] warn: Localization 2070 was not found for conf information leakage serversignature
[20/05/2025, 13:49:42] warn: Localization 2070 was not found for conf information leakage servertokens
[20/05/2025, 13:49:42] warn: Localization 2070 was not found for conf information leakage statuscode
[20/05/2025, 13:49:42] warn: Localization 2070 was not found for conf information leakage value
[20/05/2025, 13:49:42] warn: Localization 2070 was not found for conf insufficient authentication enableviewstatemac
[20/05/2025, 13:49:42] warn: Localization 2070 was not found for conf insufficient session expiration session-timeout
[20/05/2025, 13:49:42] warn: Localization 2070 was not found for conf insufficient transport layer protection requiressl
[20/05/2025, 13:49:42] warn: Localization 2070 was not found for conf insufficient transport layer protection secure
[20/05/2025, 13:49:42] warn: Localization 2070 was not found for conf insufficient transport layer protection transport-guarantee
[20/05/2025, 13:49:42] warn: Localization 2070 was not found for conf obsolete option safe_mode
[20/05/2025, 13:49:42] warn: Localization 2070 was not found for conf obsolete option safe_mode_exec_dir
[20/05/2025, 13:49:42] warn: Localization 2070 was not found for conf obsolete option safe_mode_gid
[20/05/2025, 13:49:42] warn: Localization 2070 was not found for conf obsolete option safe_mode_include_dir
[20/05/2025, 13:49:42] warn: Localization 2070 was not found for conf path traversal vulnerability open_basedir
[20/05/2025, 13:49:42] warn: Localization 2070 was not found for conf remote code execution addhandler
[20/05/2025, 13:49:42] warn: Localization 2070 was not found for conf remote code execution addtype
[20/05/2025, 13:49:42] warn: Localization 2070 was not found for conf remote code execution assert.active
[20/05/2025, 13:49:42] warn: Localization 2070 was not found for conf remote code execution auto_append_file
[20/05/2025, 13:49:42] warn: Localization 2070 was not found for conf remote code execution auto_prepend_file
[20/05/2025, 13:49:42] warn: Localization 2070 was not found for conf remote code execution enable_dl
[20/05/2025, 13:49:42] warn: Localization 2070 was not found for conf remote code execution php_value
[20/05/2025, 13:49:42] warn: Localization 2070 was not found for conf remote command execution disable_functions
[20/05/2025, 13:49:42] warn: Localization 2070 was not found for conf remote command execution http-method
[20/05/2025, 13:49:42] warn: Localization 2070 was not found for conf remote command execution loadmodule cgi_module
[20/05/2025, 13:49:42] warn: Localization 2070 was not found for conf remote file inclusion allow_url_fopen
[20/05/2025, 13:49:42] warn: Localization 2070 was not found for conf remote file inclusion allow_url_include
[20/05/2025, 13:49:42] warn: Localization 2070 was not found for conf remote file inclusion cgi.fix_pathinfo
[20/05/2025, 13:49:42] warn: Localization 2070 was not found for conf response splitting enableheaderchecking
[20/05/2025, 13:49:42] warn: Localization 2070 was not found for conf response splitting useunsafeheaderparsing
[20/05/2025, 13:49:42] warn: Localization 2070 was not found for conf session hijacking log_errors
[20/05/2025, 13:49:42] warn: Localization 2070 was not found for conf session hijacking session.cookie_lifetime
[20/05/2025, 13:49:42] warn: Localization 2070 was not found for conf session hijacking session.cookie_secure
[20/05/2025, 13:49:42] warn: Localization 2070 was not found for conf session hijacking session.referer_check
[20/05/2025, 13:49:42] warn: Localization 2070 was not found for conf session hijacking session.save_path
[20/05/2025, 13:49:42] warn: Localization 2070 was not found for conf session hijacking session.use_cookies
[20/05/2025, 13:49:42] warn: Localization 2070 was not found for conf session hijacking session.use_only_cookies
[20/05/2025, 13:49:42] warn: Localization 2070 was not found for conf session hijacking session.use_strict_mode
[20/05/2025, 13:49:42] warn: Localization 2070 was not found for conf session hijacking ssl
[20/05/2025, 13:49:42] warn: Localization 2070 was not found for conf session hijacking ssl_certificate
[20/05/2025, 13:49:42] warn: Localization 2070 was not found for conf session hijacking ssl_certificate_key
[20/05/2025, 13:49:42] warn: Localization 2070 was not found for conf session hijacking ssl_ciphers
[20/05/2025, 13:49:42] warn: Localization 2070 was not found for conf session hijacking ssl_dhparam
[20/05/2025, 13:49:42] warn: Localization 2070 was not found for conf session hijacking ssl_prefer_server_ciphers
[20/05/2025, 13:49:42] warn: Localization 2070 was not found for conf session hijacking ssl_protocols
[20/05/2025, 13:49:42] warn: Localization 2070 was not found for conf session hijacking ssl_session_cache
[20/05/2025, 13:49:42] warn: Localization 2070 was not found for conf session hijacking ssl_session_timeout
[20/05/2025, 13:49:42] warn: Localization 2070 was not found for conf session hijacking ssl_stapling
[20/05/2025, 13:49:42] warn: Localization 2070 was not found for conf session hijacking tracking-mode
[20/05/2025, 13:49:42] warn: Localization 2070 was not found for conf sql injection magic_quotes_gpc
[20/05/2025, 13:49:42] warn: Localization 2070 was not found for conf sql injection magic_quotes_runtime
[20/05/2025, 13:49:42] warn: Localization 2070 was not found for conf sql injection magic_quotes_sybase
[20/05/2025, 13:49:42] warn: Localization 2070 was not found for domain.xml @audit-enabled
[20/05/2025, 13:49:42] warn: Localization 2070 was not found for domain.xml @port
[20/05/2025, 13:49:42] warn: Localization 2070 was not found for domain.xml @value
[20/05/2025, 13:49:42] warn: Localization 2070 was not found for domain.xml @xpowered-by
[20/05/2025, 13:49:42] warn: Localization 2070 was not found for domain.xml jvm-options
[20/05/2025, 13:49:42] warn: Localization 2070 was not found for ios_info.plist cfbundleurltypes
[20/05/2025, 13:49:42] warn: Localization 2070 was not found for ios_info.plist nsexceptionallowsinsecurehttploads
[20/05/2025, 13:49:42] warn: Localization 2070 was not found for ios_info.plist nsexceptionminimumtlsversion
[20/05/2025, 13:49:42] warn: Localization 2070 was not found for ios_info.plist nstemporarythirdpartyexceptionallowsinsecurehttploads
[20/05/2025, 13:49:42] warn: Localization 2070 was not found for ios_info.plist nstemporarythirdpartyexceptionminimumtlsversion
[20/05/2025, 13:49:42] warn: Localization 2070 was not found for lighttpd.conf cgi.assign
[20/05/2025, 13:49:42] warn: Localization 2070 was not found for lighttpd.conf server.dir-listing
[20/05/2025, 13:49:42] warn: Localization 2070 was not found for lighttpd.conf setenv.add-response-header
[20/05/2025, 13:49:42] warn: Localization 2070 was not found for lighttpd.conf status.config-url
[20/05/2025, 13:49:42] warn: Localization 2070 was not found for lighttpd.conf status.status-url
[20/05/2025, 13:49:42] warn: Localization 2070 was not found for lighttpd.conf webdav.is-readonly
[20/05/2025, 13:49:42] warn: Localization 2070 was not found for machine.config @debug
[20/05/2025, 13:49:42] warn: Localization 2070 was not found for machine.config @decryption
[20/05/2025, 13:49:42] warn: Localization 2070 was not found for machine.config @decryptionkey
[20/05/2025, 13:49:42] warn: Localization 2070 was not found for machine.config @passwordformat
[20/05/2025, 13:49:42] warn: Localization 2070 was not found for machine.config @retail
[20/05/2025, 13:49:42] warn: Localization 2070 was not found for machine.config @username[@processmodel]
[20/05/2025, 13:49:42] warn: Localization 2070 was not found for machine.config @validation
[20/05/2025, 13:49:42] warn: Localization 2070 was not found for machine.config @validationkey
[20/05/2025, 13:49:42] warn: Localization 2070 was not found for nginx.conf add_header
[20/05/2025, 13:49:42] warn: Localization 2070 was not found for nginx.conf add_header[inheritance]
[20/05/2025, 13:49:42] warn: Localization 2070 was not found for nginx.conf alias[traversal]
[20/05/2025, 13:49:42] warn: Localization 2070 was not found for nginx.conf autoindex
[20/05/2025, 13:49:42] warn: Localization 2070 was not found for nginx.conf error_log
[20/05/2025, 13:49:42] warn: Localization 2070 was not found for nginx.conf error_page
[20/05/2025, 13:49:42] warn: Localization 2070 was not found for nginx.conf more_set_headers
[20/05/2025, 13:49:42] warn: Localization 2070 was not found for nginx.conf proxy_set_header
[20/05/2025, 13:49:42] warn: Localization 2070 was not found for nginx.conf server_tokens
[20/05/2025, 13:49:42] warn: Localization 2070 was not found for nginx.conf ssi
[20/05/2025, 13:49:42] warn: Localization 2070 was not found for nginx.conf ssl
[20/05/2025, 13:49:42] warn: Localization 2070 was not found for nginx.conf ssl_certificate
[20/05/2025, 13:49:42] warn: Localization 2070 was not found for nginx.conf ssl_certificate_key
[20/05/2025, 13:49:42] warn: Localization 2070 was not found for nginx.conf ssl_ciphers
[20/05/2025, 13:49:42] warn: Localization 2070 was not found for nginx.conf ssl_dhparam
[20/05/2025, 13:49:42] warn: Localization 2070 was not found for nginx.conf ssl_prefer_server_ciphers
[20/05/2025, 13:49:42] warn: Localization 2070 was not found for nginx.conf ssl_protocols
[20/05/2025, 13:49:42] warn: Localization 2070 was not found for nginx.conf ssl_session_cache
[20/05/2025, 13:49:42] warn: Localization 2070 was not found for nginx.conf ssl_session_timeout
[20/05/2025, 13:49:42] warn: Localization 2070 was not found for nginx.conf ssl_stapling
[20/05/2025, 13:49:42] warn: Localization 2070 was not found for nginx.conf valid_referers
[20/05/2025, 13:49:42] warn: Localization 2070 was not found for php.ini allow_url_fopen
[20/05/2025, 13:49:42] warn: Localization 2070 was not found for php.ini allow_url_include
[20/05/2025, 13:49:42] warn: Localization 2070 was not found for php.ini assert.active
[20/05/2025, 13:49:42] warn: Localization 2070 was not found for php.ini auto_append_file
[20/05/2025, 13:49:42] warn: Localization 2070 was not found for php.ini auto_prepend_file
[20/05/2025, 13:49:42] warn: Localization 2070 was not found for php.ini cgi.fix_pathinfo
[20/05/2025, 13:49:42] warn: Localization 2070 was not found for php.ini cgi.force_redirect
[20/05/2025, 13:49:42] warn: Localization 2070 was not found for php.ini disable_functions
[20/05/2025, 13:49:42] warn: Localization 2070 was not found for php.ini display_errors
[20/05/2025, 13:49:42] warn: Localization 2070 was not found for php.ini display_startup_errors
[20/05/2025, 13:49:42] warn: Localization 2070 was not found for php.ini enable_dl
[20/05/2025, 13:49:42] warn: Localization 2070 was not found for php.ini expose_php
[20/05/2025, 13:49:42] warn: Localization 2070 was not found for php.ini log_errors
[20/05/2025, 13:49:42] warn: Localization 2070 was not found for php.ini magic_quotes_gpc
[20/05/2025, 13:49:42] warn: Localization 2070 was not found for php.ini magic_quotes_runtime
[20/05/2025, 13:49:42] warn: Localization 2070 was not found for php.ini magic_quotes_sybase
[20/05/2025, 13:49:42] warn: Localization 2070 was not found for php.ini max_execution_time
[20/05/2025, 13:49:42] warn: Localization 2070 was not found for php.ini max_input_nesting_level
[20/05/2025, 13:49:42] warn: Localization 2070 was not found for php.ini max_input_time
[20/05/2025, 13:49:42] warn: Localization 2070 was not found for php.ini memory_limit
[20/05/2025, 13:49:42] warn: Localization 2070 was not found for php.ini open_basedir
[20/05/2025, 13:49:42] warn: Localization 2070 was not found for php.ini post_max_size
[20/05/2025, 13:49:42] warn: Localization 2070 was not found for php.ini register_globals
[20/05/2025, 13:49:42] warn: Localization 2070 was not found for php.ini request_order
[20/05/2025, 13:49:42] warn: Localization 2070 was not found for php.ini safe_mode
[20/05/2025, 13:49:42] warn: Localization 2070 was not found for php.ini session.cookie_httponly
[20/05/2025, 13:49:42] warn: Localization 2070 was not found for php.ini session.cookie_lifetime
[20/05/2025, 13:49:42] warn: Localization 2070 was not found for php.ini session.cookie_secure
[20/05/2025, 13:49:42] warn: Localization 2070 was not found for php.ini session.save_path
[20/05/2025, 13:49:42] warn: Localization 2070 was not found for php.ini session.use_cookies
[20/05/2025, 13:49:42] warn: Localization 2070 was not found for php.ini session.use_only_cookies
[20/05/2025, 13:49:42] warn: Localization 2070 was not found for php.ini session.use_strict_mode
[20/05/2025, 13:49:42] warn: Localization 2070 was not found for php.ini session.use_trans_sid
[20/05/2025, 13:49:42] warn: Localization 2070 was not found for php.ini upload_max_filesize
[20/05/2025, 13:49:42] warn: Localization 2070 was not found for potential vulnerability
[20/05/2025, 13:49:42] warn: Localization 2070 was not found for server.xml_tomcat @allowtrace
[20/05/2025, 13:49:42] warn: Localization 2070 was not found for server.xml_tomcat @autodeploy
[20/05/2025, 13:49:42] warn: Localization 2070 was not found for server.xml_tomcat @clientauth
[20/05/2025, 13:49:42] warn: Localization 2070 was not found for server.xml_tomcat @connectiontimeout
[20/05/2025, 13:49:42] warn: Localization 2070 was not found for server.xml_tomcat @deployonstartup
[20/05/2025, 13:49:42] warn: Localization 2070 was not found for server.xml_tomcat @maxhttpheadersize
[20/05/2025, 13:49:42] warn: Localization 2070 was not found for server.xml_tomcat @secure
[20/05/2025, 13:49:42] warn: Localization 2070 was not found for server.xml_tomcat @shutdown
[20/05/2025, 13:49:42] warn: Localization 2070 was not found for server.xml_tomcat @xpoweredby
[20/05/2025, 13:49:42] warn: Localization 2070 was not found for server.xml_websphere @allowlogoutpageredirecttoanyhost
[20/05/2025, 13:49:42] warn: Localization 2070 was not found for server.xml_websphere @displayauthenticationrealm
[20/05/2025, 13:49:42] warn: Localization 2070 was not found for server.xml_websphere @preservefullyqualifiedreferrerurl
[20/05/2025, 13:49:42] warn: Localization 2070 was not found for standalone.xml @default-user
[20/05/2025, 13:49:42] warn: Localization 2070 was not found for standalone.xml @display-source-fragment
[20/05/2025, 13:49:42] warn: Localization 2070 was not found for standalone.xml @scan-interval
[20/05/2025, 13:49:42] warn: Localization 2070 was not found for standalone.xml @value
[20/05/2025, 13:49:42] warn: Localization 2070 was not found for standalone.xml @x-powered-by
[20/05/2025, 13:49:42] warn: Localization 2070 was not found for web.config @allowoverride
[20/05/2025, 13:49:42] warn: Localization 2070 was not found for web.config @cacherolesincookie
[20/05/2025, 13:49:42] warn: Localization 2070 was not found for web.config @certificatevalidationmode
[20/05/2025, 13:49:42] warn: Localization 2070 was not found for web.config @connectionprotection
[20/05/2025, 13:49:42] warn: Localization 2070 was not found for web.config @cookieless
[20/05/2025, 13:49:42] warn: Localization 2070 was not found for web.config @cookieprotection
[20/05/2025, 13:49:42] warn: Localization 2070 was not found for web.config @cookierequiressl
[20/05/2025, 13:49:42] warn: Localization 2070 was not found for web.config @cookieslidingexpiration
[20/05/2025, 13:49:42] warn: Localization 2070 was not found for web.config @cookietimeout
[20/05/2025, 13:49:42] warn: Localization 2070 was not found for web.config @createpersistentcookie
[20/05/2025, 13:49:42] warn: Localization 2070 was not found for web.config @debug
[20/05/2025, 13:49:42] warn: Localization 2070 was not found for web.config @decryptionkey
[20/05/2025, 13:49:42] warn: Localization 2070 was not found for web.config @enablecrossappredirects
[20/05/2025, 13:49:42] warn: Localization 2070 was not found for web.config @enabled
[20/05/2025, 13:49:42] warn: Localization 2070 was not found for web.config @enabled[directorybrowse]
[20/05/2025, 13:49:42] warn: Localization 2070 was not found for web.config @enableeventvalidation
[20/05/2025, 13:49:42] warn: Localization 2070 was not found for web.config @enableheaderchecking
[20/05/2025, 13:49:42] warn: Localization 2070 was not found for web.config @enableversionheader
[20/05/2025, 13:49:42] warn: Localization 2070 was not found for web.config @enableviewstatemac
[20/05/2025, 13:49:42] warn: Localization 2070 was not found for web.config @httponlycookies
[20/05/2025, 13:49:42] warn: Localization 2070 was not found for web.config @level
[20/05/2025, 13:49:42] warn: Localization 2070 was not found for web.config @maxeventdetaillength
[20/05/2025, 13:49:42] warn: Localization 2070 was not found for web.config @maxeventlengthforsimplemessage
[20/05/2025, 13:49:42] warn: Localization 2070 was not found for web.config @maxrequestlength
[20/05/2025, 13:49:42] warn: Localization 2070 was not found for web.config @maxsizeforsimplemessage
[20/05/2025, 13:49:42] warn: Localization 2070 was not found for web.config @minrequirednonalphanumericcharacters
[20/05/2025, 13:49:42] warn: Localization 2070 was not found for web.config @minrequiredpasswordlength
[20/05/2025, 13:49:42] warn: Localization 2070 was not found for web.config @mode
[20/05/2025, 13:49:42] warn: Localization 2070 was not found for web.config @name[@credentials]
[20/05/2025, 13:49:42] warn: Localization 2070 was not found for web.config @passwordformat
[20/05/2025, 13:49:42] warn: Localization 2070 was not found for web.config @protection
[20/05/2025, 13:49:42] warn: Localization 2070 was not found for web.config @requestvalidationmode
[20/05/2025, 13:49:42] warn: Localization 2070 was not found for web.config @requiressl
[20/05/2025, 13:49:42] warn: Localization 2070 was not found for web.config @requiressl[@authentication]
[20/05/2025, 13:49:42] warn: Localization 2070 was not found for web.config @slidingexpiration
[20/05/2025, 13:49:42] warn: Localization 2070 was not found for web.config @statuscode
[20/05/2025, 13:49:42] warn: Localization 2070 was not found for web.config @timeout
[20/05/2025, 13:49:42] warn: Localization 2070 was not found for web.config @type
[20/05/2025, 13:49:42] warn: Localization 2070 was not found for web.config @username[@identity]
[20/05/2025, 13:49:42] warn: Localization 2070 was not found for web.config @users
[20/05/2025, 13:49:42] warn: Localization 2070 was not found for web.config @useunsafeheaderparsing
[20/05/2025, 13:49:42] warn: Localization 2070 was not found for web.config @validaterequest
[20/05/2025, 13:49:42] warn: Localization 2070 was not found for web.config @validation
[20/05/2025, 13:49:42] warn: Localization 2070 was not found for web.config @validationkey
[20/05/2025, 13:49:42] warn: Localization 2070 was not found for web.config @value
[20/05/2025, 13:49:42] warn: Localization 2070 was not found for web.config @value[@accesscontrolalloworiginheader]
[20/05/2025, 13:49:42] warn: Localization 2070 was not found for web.config @value[@aspnetcore_environment]
[20/05/2025, 13:49:42] warn: Localization 2070 was not found for web.config @value[uselegacyencryption]
[20/05/2025, 13:49:42] warn: Localization 2070 was not found for web.config @value[x-frame-options]
[20/05/2025, 13:49:42] warn: Localization 2070 was not found for web.config @viewstateencryptionmode
[20/05/2025, 13:49:42] warn: Localization 2070 was not found for web.config ciphervalue[@sessionstate]
[20/05/2025, 13:49:42] warn: Localization 2070 was not found for web.config remove/@name[documentation]
[20/05/2025, 13:49:42] warn: Localization 2070 was not found for web.config remove/@name[x-powered-by]
[20/05/2025, 13:49:42] warn: Localization 2070 was not found for web.xml error-code
[20/05/2025, 13:49:42] warn: Localization 2070 was not found for web.xml http-method
[20/05/2025, 13:49:42] warn: Localization 2070 was not found for web.xml http-only
[20/05/2025, 13:49:42] warn: Localization 2070 was not found for web.xml param-value
[20/05/2025, 13:49:42] warn: Localization 2070 was not found for web.xml secure
[20/05/2025, 13:49:42] warn: Localization 2070 was not found for web.xml session-timeout
[20/05/2025, 13:49:42] warn: Localization 2070 was not found for web.xml tracking-mode
[20/05/2025, 13:49:42] warn: Localization 2070 was not found for web.xml transport-guarantee
[20/05/2025, 13:49:42] info: Clean up logs files was started
[20/05/2025, 13:49:42] info: Clean up logs files was finished
[20/05/2025, 13:49:45] info: Project was created. Id: 2705bbe1-5f96-45e8-9681-86c9fa2cbf03
