[02/06/2025, 14:39:17] info: Logging was started to file.
[02/06/2025, 14:39:17] info: Start application inspector initialization
[02/06/2025, 14:39:17] info: Hide developer mode UI
[02/06/2025, 14:39:18] info: Infrastructure Configurations: {"port":8000,"infrastructureAssemblyFolderPath":"C:\\Users\\papel\\AppData\\Local\\Application Inspector Analyzer","applicationResourcesFolderPath":"C:\\Users\\papel\\AppData\\Local\\Application Inspector Analyzer","scanTargetFolderPath":"c:\\Users\\papel\\Desktop\\papelaria-carrinho","isDebugging":false,"logLevel":{"i2_1":"Error","j2_1":5,"type":5,"key":"Settings.LogLevel.Error.Text"},"logDir":"c:\\Users\\papel\\Desktop\\papelaria-carrinho\\.ai\\Logs\\Infrastructure\\2025-06-02-14-39-18","tipsFoundNotificationThreshold":15,"similarIssuesFoundNotificationThreshold":15,"applicationLocalDataFolderPath":"c:\\Users\\papel\\Desktop\\papelaria-carrinho\\.ai"}
[02/06/2025, 14:39:18] info: Start infrastructure initialization
[02/06/2025, 14:39:20] info: Infrastructure was started
[02/06/2025, 14:39:25] info: Initialize aie integration isn't initialized
[02/06/2025, 14:39:25] info: Infrastructure was initialized
[02/06/2025, 14:39:25] info: Infrastructure Installer was deleted
[02/06/2025, 14:39:25] warn: Localization 2070 was not found for apache mod_negotiation resource location disclosure
[02/06/2025, 14:39:25] warn: Localization 2070 was not found for arbitrary directory copying
[02/06/2025, 14:39:25] warn: Localization 2070 was not found for arbitrary directory creation
[02/06/2025, 14:39:25] warn: Localization 2070 was not found for arbitrary directory deletion
[02/06/2025, 14:39:25] warn: Localization 2070 was not found for arbitrary directory listing
[02/06/2025, 14:39:25] warn: Localization 2070 was not found for arbitrary directory moving
[02/06/2025, 14:39:25] warn: Localization 2070 was not found for arbitrary file copying
[02/06/2025, 14:39:25] warn: Localization 2070 was not found for arbitrary file creation
[02/06/2025, 14:39:25] warn: Localization 2070 was not found for arbitrary file deletion
[02/06/2025, 14:39:25] warn: Localization 2070 was not found for arbitrary file modification
[02/06/2025, 14:39:25] warn: Localization 2070 was not found for arbitrary file moving
[02/06/2025, 14:39:25] warn: Localization 2070 was not found for arbitrary file reading
[02/06/2025, 14:39:25] warn: Localization 2070 was not found for cookie injection
[02/06/2025, 14:39:25] warn: Localization 2070 was not found for credentials brute-force
[02/06/2025, 14:39:25] warn: Localization 2070 was not found for cross-site request forgery
[02/06/2025, 14:39:25] warn: Localization 2070 was not found for cross-site scripting
[02/06/2025, 14:39:25] warn: Localization 2070 was not found for cursor injection
[02/06/2025, 14:39:25] warn: Localization 2070 was not found for cursor sqli
[02/06/2025, 14:39:25] warn: Localization 2070 was not found for default
[02/06/2025, 14:39:25] warn: Localization 2070 was not found for denial of service
[02/06/2025, 14:39:25] warn: Localization 2070 was not found for deserialization of untrusted data
[02/06/2025, 14:39:25] warn: Localization 2070 was not found for df
[02/06/2025, 14:39:25] warn: Localization 2070 was not found for djangoorminjection
[02/06/2025, 14:39:25] warn: Localization 2070 was not found for dll injection
[02/06/2025, 14:39:25] warn: Localization 2070 was not found for double free
[02/06/2025, 14:39:25] warn: Localization 2070 was not found for dynamic code injection
[02/06/2025, 14:39:25] warn: Localization 2070 was not found for dynamic query injection
[02/06/2025, 14:39:25] warn: Localization 2070 was not found for external control of configuration
[02/06/2025, 14:39:25] warn: Localization 2070 was not found for fingerprinting
[02/06/2025, 14:39:25] warn: Localization 2070 was not found for format string
[02/06/2025, 14:39:25] warn: Localization 2070 was not found for hardcoded password
[02/06/2025, 14:39:25] warn: Localization 2070 was not found for heap overflow
[02/06/2025, 14:39:25] warn: Localization 2070 was not found for http header injection
[02/06/2025, 14:39:25] warn: Localization 2070 was not found for http request splitting
[02/06/2025, 14:39:25] warn: Localization 2070 was not found for http response splitting
[02/06/2025, 14:39:25] warn: Localization 2070 was not found for improper access control taint
[02/06/2025, 14:39:25] warn: Localization 2070 was not found for improper resource shutdown or release
[02/06/2025, 14:39:25] warn: Localization 2070 was not found for information exposure
[02/06/2025, 14:39:25] warn: Localization 2070 was not found for injection
[02/06/2025, 14:39:25] warn: Localization 2070 was not found for insecure direct object references
[02/06/2025, 14:39:25] warn: Localization 2070 was not found for insufficient session expiration
[02/06/2025, 14:39:25] warn: Localization 2070 was not found for integer overflow
[02/06/2025, 14:39:25] warn: Localization 2070 was not found for ldap injection
[02/06/2025, 14:39:25] warn: Localization 2070 was not found for like injection
[02/06/2025, 14:39:25] warn: Localization 2070 was not found for linq injection
[02/06/2025, 14:39:25] warn: Localization 2070 was not found for local file inclusion
[02/06/2025, 14:39:25] warn: Localization 2070 was not found for log forging
[02/06/2025, 14:39:25] warn: Localization 2070 was not found for nosql injection
[02/06/2025, 14:39:25] warn: Localization 2070 was not found for null dereference
[02/06/2025, 14:39:25] warn: Localization 2070 was not found for object injection
[02/06/2025, 14:39:25] warn: Localization 2070 was not found for open redirect
[02/06/2025, 14:39:25] warn: Localization 2070 was not found for orm injection
[02/06/2025, 14:39:25] warn: Localization 2070 was not found for os commanding
[02/06/2025, 14:39:25] warn: Localization 2070 was not found for padding oracle attack
[02/06/2025, 14:39:25] warn: Localization 2070 was not found for path traversal
[02/06/2025, 14:39:25] warn: Localization 2070 was not found for persistent cookie exposing
[02/06/2025, 14:39:25] warn: Localization 2070 was not found for potential path traversal
[02/06/2025, 14:39:25] warn: Localization 2070 was not found for process control
[02/06/2025, 14:39:25] warn: Localization 2070 was not found for redos
[02/06/2025, 14:39:25] warn: Localization 2070 was not found for remote code execution
[02/06/2025, 14:39:25] warn: Localization 2070 was not found for remote file inclusion
[02/06/2025, 14:39:25] warn: Localization 2070 was not found for resource exhaustion
[02/06/2025, 14:39:25] warn: Localization 2070 was not found for resource location brute-force
[02/06/2025, 14:39:25] warn: Localization 2070 was not found for server-side request forgery
[02/06/2025, 14:39:25] warn: Localization 2070 was not found for server-side template injection
[02/06/2025, 14:39:25] warn: Localization 2070 was not found for serverfingerprinting
[02/06/2025, 14:39:25] warn: Localization 2070 was not found for session management weakness
[02/06/2025, 14:39:25] warn: Localization 2070 was not found for shellshock
[02/06/2025, 14:39:25] warn: Localization 2070 was not found for smtp header injection
[02/06/2025, 14:39:25] warn: Localization 2070 was not found for sql injection
[02/06/2025, 14:39:25] warn: Localization 2070 was not found for sqli
[02/06/2025, 14:39:25] warn: Localization 2070 was not found for stack overflow
[02/06/2025, 14:39:25] warn: Localization 2070 was not found for uaf
[02/06/2025, 14:39:25] warn: Localization 2070 was not found for uncontrolled data manipulation
[02/06/2025, 14:39:25] warn: Localization 2070 was not found for uncontrolled env var modification
[02/06/2025, 14:39:25] warn: Localization 2070 was not found for unrestricted file upload
[02/06/2025, 14:39:25] warn: Localization 2070 was not found for use after free
[02/06/2025, 14:39:25] warn: Localization 2070 was not found for webview xss taint
[02/06/2025, 14:39:25] warn: Localization 2070 was not found for xml entity expansion
[02/06/2025, 14:39:25] warn: Localization 2070 was not found for xml external entity
[02/06/2025, 14:39:25] warn: Localization 2070 was not found for xpath injection
[02/06/2025, 14:39:25] warn: Localization 2070 was not found for xquery injection
[02/06/2025, 14:39:25] warn: Localization 2070 was not found for 100
[02/06/2025, 14:39:25] warn: Localization 2070 was not found for 101
[02/06/2025, 14:39:25] warn: Localization 2070 was not found for 102
[02/06/2025, 14:39:25] warn: Localization 2070 was not found for 103
[02/06/2025, 14:39:25] warn: Localization 2070 was not found for 104
[02/06/2025, 14:39:25] warn: Localization 2070 was not found for 105
[02/06/2025, 14:39:25] warn: Localization 2070 was not found for 107
[02/06/2025, 14:39:25] warn: Localization 2070 was not found for 108
[02/06/2025, 14:39:25] warn: Localization 2070 was not found for 109
[02/06/2025, 14:39:25] warn: Localization 2070 was not found for 111
[02/06/2025, 14:39:25] warn: Localization 2070 was not found for 113
[02/06/2025, 14:39:25] warn: Localization 2070 was not found for 114
[02/06/2025, 14:39:25] warn: Localization 2070 was not found for 116
[02/06/2025, 14:39:25] warn: Localization 2070 was not found for 117
[02/06/2025, 14:39:25] warn: Localization 2070 was not found for 118
[02/06/2025, 14:39:25] warn: Localization 2070 was not found for 120
[02/06/2025, 14:39:25] warn: Localization 2070 was not found for 122
[02/06/2025, 14:39:25] warn: Localization 2070 was not found for 123
[02/06/2025, 14:39:25] warn: Localization 2070 was not found for 124
[02/06/2025, 14:39:25] warn: Localization 2070 was not found for 125
[02/06/2025, 14:39:25] warn: Localization 2070 was not found for 127
[02/06/2025, 14:39:25] warn: Localization 2070 was not found for 128
[02/06/2025, 14:39:25] warn: Localization 2070 was not found for 129
[02/06/2025, 14:39:25] warn: Localization 2070 was not found for 130
[02/06/2025, 14:39:25] warn: Localization 2070 was not found for 135
[02/06/2025, 14:39:25] warn: Localization 2070 was not found for 138
[02/06/2025, 14:39:25] warn: Localization 2070 was not found for 139
[02/06/2025, 14:39:25] warn: Localization 2070 was not found for 140
[02/06/2025, 14:39:25] warn: Localization 2070 was not found for 141
[02/06/2025, 14:39:25] warn: Localization 2070 was not found for 142
[02/06/2025, 14:39:25] warn: Localization 2070 was not found for 144
[02/06/2025, 14:39:25] warn: Localization 2070 was not found for 145
[02/06/2025, 14:39:25] warn: Localization 2070 was not found for 146
[02/06/2025, 14:39:25] warn: Localization 2070 was not found for 147
[02/06/2025, 14:39:25] warn: Localization 2070 was not found for 148
[02/06/2025, 14:39:25] warn: Localization 2070 was not found for 149
[02/06/2025, 14:39:25] warn: Localization 2070 was not found for 150
[02/06/2025, 14:39:25] warn: Localization 2070 was not found for 151
[02/06/2025, 14:39:25] warn: Localization 2070 was not found for 152
[02/06/2025, 14:39:25] warn: Localization 2070 was not found for 153
[02/06/2025, 14:39:25] warn: Localization 2070 was not found for 154
[02/06/2025, 14:39:25] warn: Localization 2070 was not found for 156
[02/06/2025, 14:39:25] warn: Localization 2070 was not found for 157
[02/06/2025, 14:39:25] warn: Localization 2070 was not found for 158
[02/06/2025, 14:39:25] warn: Localization 2070 was not found for 159
[02/06/2025, 14:39:25] warn: Localization 2070 was not found for 160
[02/06/2025, 14:39:25] warn: Localization 2070 was not found for 161
[02/06/2025, 14:39:25] warn: Localization 2070 was not found for 162
[02/06/2025, 14:39:25] warn: Localization 2070 was not found for 163
[02/06/2025, 14:39:25] warn: Localization 2070 was not found for 164
[02/06/2025, 14:39:25] warn: Localization 2070 was not found for 165
[02/06/2025, 14:39:25] warn: Localization 2070 was not found for 200
[02/06/2025, 14:39:25] warn: Localization 2070 was not found for 24544
[02/06/2025, 14:39:25] warn: Localization 2070 was not found for 24545
[02/06/2025, 14:39:25] warn: Localization 2070 was not found for 24546
[02/06/2025, 14:39:25] warn: Localization 2070 was not found for 24547
[02/06/2025, 14:39:25] warn: Localization 2070 was not found for 24548
[02/06/2025, 14:39:25] warn: Localization 2070 was not found for 24549
[02/06/2025, 14:39:25] warn: Localization 2070 was not found for 24550
[02/06/2025, 14:39:25] warn: Localization 2070 was not found for 24551
[02/06/2025, 14:39:25] warn: Localization 2070 was not found for 24552
[02/06/2025, 14:39:25] warn: Localization 2070 was not found for 24553
[02/06/2025, 14:39:25] warn: Localization 2070 was not found for 24554
[02/06/2025, 14:39:25] warn: Localization 2070 was not found for 24555
[02/06/2025, 14:39:25] warn: Localization 2070 was not found for 24556
[02/06/2025, 14:39:25] warn: Localization 2070 was not found for 24557
[02/06/2025, 14:39:25] warn: Localization 2070 was not found for 24558
[02/06/2025, 14:39:25] warn: Localization 2070 was not found for 24559
[02/06/2025, 14:39:25] warn: Localization 2070 was not found for 24560
[02/06/2025, 14:39:25] warn: Localization 2070 was not found for 24561
[02/06/2025, 14:39:25] warn: Localization 2070 was not found for 24562
[02/06/2025, 14:39:25] warn: Localization 2070 was not found for 24563
[02/06/2025, 14:39:25] warn: Localization 2070 was not found for 24564
[02/06/2025, 14:39:25] warn: Localization 2070 was not found for 24565
[02/06/2025, 14:39:25] warn: Localization 2070 was not found for 24566
[02/06/2025, 14:39:25] warn: Localization 2070 was not found for 24567
[02/06/2025, 14:39:25] warn: Localization 2070 was not found for 24568
[02/06/2025, 14:39:25] warn: Localization 2070 was not found for 305
[02/06/2025, 14:39:25] warn: Localization 2070 was not found for 96
[02/06/2025, 14:39:25] warn: Localization 2070 was not found for 97
[02/06/2025, 14:39:25] warn: Localization 2070 was not found for 98
[02/06/2025, 14:39:25] warn: Localization 2070 was not found for 99
[02/06/2025, 14:39:25] warn: Localization 2070 was not found for attributes code inside addeventlistener
[02/06/2025, 14:39:25] warn: Localization 2070 was not found for attributes code inside attachevent
[02/06/2025, 14:39:25] warn: Localization 2070 was not found for attributes code inside createattribute
[02/06/2025, 14:39:25] warn: Localization 2070 was not found for attributes code inside element event
[02/06/2025, 14:39:25] warn: Localization 2070 was not found for attributes code inside setattribute
[02/06/2025, 14:39:25] warn: Localization 2070 was not found for attributes code inside setattributens
[02/06/2025, 14:39:25] warn: Localization 2070 was not found for buffer overflow
[02/06/2025, 14:39:25] warn: Localization 2070 was not found for buffer overflow in python
[02/06/2025, 14:39:25] warn: Localization 2070 was not found for buffer overflow pm
[02/06/2025, 14:39:25] warn: Localization 2070 was not found for class defines clone but not implement cloneable
[02/06/2025, 14:39:25] warn: Localization 2070 was not found for csrf protection disabled
[02/06/2025, 14:39:25] warn: Localization 2070 was not found for cursor snarfing plsql
[02/06/2025, 14:39:25] warn: Localization 2070 was not found for cursor snarfing tsql
[02/06/2025, 14:39:25] warn: Localization 2070 was not found for dangerous function plsql
[02/06/2025, 14:39:25] warn: Localization 2070 was not found for dangerous function tsql
[02/06/2025, 14:39:25] warn: Localization 2070 was not found for debug information leakage
[02/06/2025, 14:39:25] warn: Localization 2070 was not found for debug mode python
[02/06/2025, 14:39:25] warn: Localization 2070 was not found for deprecated functions objc
[02/06/2025, 14:39:25] warn: Localization 2070 was not found for deserialization of untrusted data pm
[02/06/2025, 14:39:25] warn: Localization 2070 was not found for deserialization of untrusted data pm python
[02/06/2025, 14:39:25] warn: Localization 2070 was not found for detection of error condition without action
[02/06/2025, 14:39:25] warn: Localization 2070 was not found for direct use of threads
[02/06/2025, 14:39:25] warn: Localization 2070 was not found for directorytraversalcreatereadstream
[02/06/2025, 14:39:25] warn: Localization 2070 was not found for directorytraversalreadfile
[02/06/2025, 14:39:25] warn: Localization 2070 was not found for disabling ssl certificate checks
[02/06/2025, 14:39:25] warn: Localization 2070 was not found for disabling ssl certificate checks c
[02/06/2025, 14:39:25] warn: Localization 2070 was not found for disabling ssl-tls certificate checks go
[02/06/2025, 14:39:25] warn: Localization 2070 was not found for divide by zero
[02/06/2025, 14:39:25] warn: Localization 2070 was not found for dom modification contextual fragment
[02/06/2025, 14:39:25] warn: Localization 2070 was not found for dom modification html tag
[02/06/2025, 14:39:25] warn: Localization 2070 was not found for dom modification selected position
[02/06/2025, 14:39:25] warn: Localization 2070 was not found for dom modification string inside document
[02/06/2025, 14:39:25] warn: Localization 2070 was not found for download of code without integrity check
[02/06/2025, 14:39:25] warn: Localization 2070 was not found for embedded malicious code
[02/06/2025, 14:39:25] warn: Localization 2070 was not found for empty default exception handler
[02/06/2025, 14:39:25] warn: Localization 2070 was not found for erroneous null comparison
[02/06/2025, 14:39:25] warn: Localization 2070 was not found for exposure of data element to wrong session
[02/06/2025, 14:39:25] warn: Localization 2070 was not found for exposure of system data to an unauthorized control sphere
[02/06/2025, 14:39:25] warn: Localization 2070 was not found for external control of file name or path
[02/06/2025, 14:39:25] warn: Localization 2070 was not found for file snarfing plsql
[02/06/2025, 14:39:25] warn: Localization 2070 was not found for format string pm
[02/06/2025, 14:39:25] warn: Localization 2070 was not found for forwarding via location
[02/06/2025, 14:39:25] warn: Localization 2070 was not found for forwarding via location function
[02/06/2025, 14:39:25] warn: Localization 2070 was not found for forwarding via opening new tab
[02/06/2025, 14:39:25] warn: Localization 2070 was not found for ftpusage
[02/06/2025, 14:39:25] warn: Localization 2070 was not found for go weak cryptographic hash
[02/06/2025, 14:39:25] warn: Localization 2070 was not found for hardcoded initialization vector
[02/06/2025, 14:39:25] warn: Localization 2070 was not found for hardcoded key
[02/06/2025, 14:39:25] warn: Localization 2070 was not found for hardcoded password kotlin
[02/06/2025, 14:39:25] warn: Localization 2070 was not found for hardcoded password pm
[02/06/2025, 14:39:25] warn: Localization 2070 was not found for hardcoded pbkdf password
[02/06/2025, 14:39:25] warn: Localization 2070 was not found for headerinjection
[02/06/2025, 14:39:25] warn: Localization 2070 was not found for improper access control
[02/06/2025, 14:39:25] warn: Localization 2070 was not found for improper access control c
[02/06/2025, 14:39:25] warn: Localization 2070 was not found for improper certificate validation
[02/06/2025, 14:39:25] warn: Localization 2070 was not found for improper check for unusual or exceptional conditions
[02/06/2025, 14:39:25] warn: Localization 2070 was not found for improperly implemented security check for standard
[02/06/2025, 14:39:25] warn: Localization 2070 was not found for include interface ssl
[02/06/2025, 14:39:25] warn: Localization 2070 was not found for incorrect permission assignment for critical resource
[02/06/2025, 14:39:25] warn: Localization 2070 was not found for incorrect permission assignment for critical resource 1
[02/06/2025, 14:39:25] warn: Localization 2070 was not found for incorrect permission assignment for critical resource go
[02/06/2025, 14:39:25] warn: Localization 2070 was not found for incorrect permission assignment for critical resource java
[02/06/2025, 14:39:25] warn: Localization 2070 was not found for incorrect unix api using
[02/06/2025, 14:39:25] warn: Localization 2070 was not found for incorrect usage of seeds in pseudo-random number generator
[02/06/2025, 14:39:25] warn: Localization 2070 was not found for incorrectpermissionassignmentphp
[02/06/2025, 14:39:25] warn: Localization 2070 was not found for information exposure pm
[02/06/2025, 14:39:25] warn: Localization 2070 was not found for information exposure through an error message
[02/06/2025, 14:39:25] warn: Localization 2070 was not found for information exposure through comments
[02/06/2025, 14:39:25] warn: Localization 2070 was not found for information exposure through persistent cookies
[02/06/2025, 14:39:25] warn: Localization 2070 was not found for information exposure through persistent cookies 1
[02/06/2025, 14:39:25] warn: Localization 2070 was not found for information exposure through static content
[02/06/2025, 14:39:25] warn: Localization 2070 was not found for informationexposureviaexception
[02/06/2025, 14:39:25] warn: Localization 2070 was not found for insecure cipher key export
[02/06/2025, 14:39:25] warn: Localization 2070 was not found for insecure connection protocol
[02/06/2025, 14:39:25] warn: Localization 2070 was not found for insecure cookie 1
[02/06/2025, 14:39:25] warn: Localization 2070 was not found for insecure cookie 2
[02/06/2025, 14:39:25] warn: Localization 2070 was not found for insecure cookie scope
[02/06/2025, 14:39:25] warn: Localization 2070 was not found for insecure data storage
[02/06/2025, 14:39:25] warn: Localization 2070 was not found for insecure data storage objc simple
[02/06/2025, 14:39:25] warn: Localization 2070 was not found for insecure network binding
[02/06/2025, 14:39:25] warn: Localization 2070 was not found for insecure randomness ojbc
[02/06/2025, 14:39:25] warn: Localization 2070 was not found for insecure randomness plsql
[02/06/2025, 14:39:25] warn: Localization 2070 was not found for insecure randomness tsql
[02/06/2025, 14:39:25] warn: Localization 2070 was not found for insecure rsa padding
[02/06/2025, 14:39:25] warn: Localization 2070 was not found for insecure rsa padding 1
[02/06/2025, 14:39:25] warn: Localization 2070 was not found for insecure ssl connection
[02/06/2025, 14:39:25] warn: Localization 2070 was not found for insecure ssl connection 1
[02/06/2025, 14:39:25] warn: Localization 2070 was not found for insecure ssl protocol
[02/06/2025, 14:39:25] warn: Localization 2070 was not found for insecure transport java
[02/06/2025, 14:39:25] warn: Localization 2070 was not found for insecure usage of jinja templates
[02/06/2025, 14:39:25] warn: Localization 2070 was not found for insecure usage of mako templates
[02/06/2025, 14:39:25] warn: Localization 2070 was not found for insecure validation functions
[02/06/2025, 14:39:25] warn: Localization 2070 was not found for insecure validation functions 1
[02/06/2025, 14:39:25] warn: Localization 2070 was not found for insecure work with temporary files
[02/06/2025, 14:39:25] warn: Localization 2070 was not found for insecureevalpython
[02/06/2025, 14:39:25] warn: Localization 2070 was not found for insufficient cors policy
[02/06/2025, 14:39:25] warn: Localization 2070 was not found for insufficient encryption key length
[02/06/2025, 14:39:25] warn: Localization 2070 was not found for insufficient encryption key length 1
[02/06/2025, 14:39:25] warn: Localization 2070 was not found for insufficient key size go
[02/06/2025, 14:39:25] warn: Localization 2070 was not found for insufficient logging&monitoring
[02/06/2025, 14:39:25] warn: Localization 2070 was not found for insufficient session expiration pm
[02/06/2025, 14:39:25] warn: Localization 2070 was not found for insufficientencryptionkeylength
[02/06/2025, 14:39:25] warn: Localization 2070 was not found for integer overflow pm
[02/06/2025, 14:39:25] warn: Localization 2070 was not found for jquery function that adds element
[02/06/2025, 14:39:25] warn: Localization 2070 was not found for jquery function that replaces element
[02/06/2025, 14:39:25] warn: Localization 2070 was not found for jquery html inside dom
[02/06/2025, 14:39:25] warn: Localization 2070 was not found for jquery unsafe functions for dom
[02/06/2025, 14:39:25] warn: Localization 2070 was not found for jquery wrap element to html
[02/06/2025, 14:39:25] warn: Localization 2070 was not found for json-test
[02/06/2025, 14:39:25] warn: Localization 2070 was not found for lack of the host key verification go
[02/06/2025, 14:39:25] warn: Localization 2070 was not found for least privilege violation
[02/06/2025, 14:39:25] warn: Localization 2070 was not found for leftover debug code
[02/06/2025, 14:39:25] warn: Localization 2070 was not found for marksafepython
[02/06/2025, 14:39:25] warn: Localization 2070 was not found for memory leak
[02/06/2025, 14:39:25] warn: Localization 2070 was not found for method without super clone
[02/06/2025, 14:39:25] warn: Localization 2070 was not found for method without super finalize
[02/06/2025, 14:39:25] warn: Localization 2070 was not found for missing auth localized reason
[02/06/2025, 14:39:25] warn: Localization 2070 was not found for missing encryption of sensitive data
[02/06/2025, 14:39:25] warn: Localization 2070 was not found for none
[02/06/2025, 14:39:25] warn: Localization 2070 was not found for notlsreject
[02/06/2025, 14:39:25] warn: Localization 2070 was not found for nslog using
[02/06/2025, 14:39:25] warn: Localization 2070 was not found for null dereference pattern
[02/06/2025, 14:39:25] warn: Localization 2070 was not found for null pbkdf password
[02/06/2025, 14:39:25] warn: Localization 2070 was not found for obsolete function
[02/06/2025, 14:39:25] warn: Localization 2070 was not found for openredirect
[02/06/2025, 14:39:25] warn: Localization 2070 was not found for overly broad grant
[02/06/2025, 14:39:25] warn: Localization 2070 was not found for override equals method without hashcode
[02/06/2025, 14:39:25] warn: Localization 2070 was not found for pattern matching
[02/06/2025, 14:39:25] warn: Localization 2070 was not found for php pm sensitive cookie in https session without ‘secure’ attribute
[02/06/2025, 14:39:25] warn: Localization 2070 was not found for plaintext storage of a password
[02/06/2025, 14:39:25] warn: Localization 2070 was not found for plaintext storage of a password 1
[02/06/2025, 14:39:25] warn: Localization 2070 was not found for play 1 html xss
[02/06/2025, 14:39:25] warn: Localization 2070 was not found for play 2 html xss
[02/06/2025, 14:39:25] warn: Localization 2070 was not found for poor logging practice logger
[02/06/2025, 14:39:25] warn: Localization 2070 was not found for poor logging practice system
[02/06/2025, 14:39:25] warn: Localization 2070 was not found for possible rce through sql injection
[02/06/2025, 14:39:25] warn: Localization 2070 was not found for private array typed field returned from a public method
[02/06/2025, 14:39:25] warn: Localization 2070 was not found for public data assigned to private array typed field
[02/06/2025, 14:39:25] warn: Localization 2070 was not found for python weak cryptographic hash
[02/06/2025, 14:39:25] warn: Localization 2070 was not found for python2input
[02/06/2025, 14:39:25] warn: Localization 2070 was not found for pythonassertion
[02/06/2025, 14:39:25] warn: Localization 2070 was not found for reflectedcrosssitescripting
[02/06/2025, 14:39:25] warn: Localization 2070 was not found for reliance on dns lookups in a security decision
[02/06/2025, 14:39:25] warn: Localization 2070 was not found for return of stack variable address
[02/06/2025, 14:39:25] warn: Localization 2070 was not found for reversible one way hash
[02/06/2025, 14:39:25] warn: Localization 2070 was not found for sensitive cookie in https session without ‘secure’ attribute
[02/06/2025, 14:39:25] warn: Localization 2070 was not found for sensitive cookie in https session without httponly attribute
[02/06/2025, 14:39:25] warn: Localization 2070 was not found for sensitive cookie in https session without secure attribute
[02/06/2025, 14:39:25] warn: Localization 2070 was not found for serversideinjectioneval
[02/06/2025, 14:39:25] warn: Localization 2070 was not found for serversideinjectionfunction
[02/06/2025, 14:39:25] warn: Localization 2070 was not found for serversideinjectionsetinterval
[02/06/2025, 14:39:25] warn: Localization 2070 was not found for serversideinjectionsettimeout
[02/06/2025, 14:39:25] warn: Localization 2070 was not found for serversideinjectionyaml
[02/06/2025, 14:39:25] warn: Localization 2070 was not found for ssl configuration flaws
[02/06/2025, 14:39:25] warn: Localization 2070 was not found for static random number generator
[02/06/2025, 14:39:25] warn: Localization 2070 was not found for time of check time of use race condition
[02/06/2025, 14:39:25] warn: Localization 2070 was not found for trust boundary violation
[02/06/2025, 14:39:25] warn: Localization 2070 was not found for type confusion
[02/06/2025, 14:39:25] warn: Localization 2070 was not found for uncontrolled memory allocation
[02/06/2025, 14:39:25] warn: Localization 2070 was not found for uncontrolled recursion
[02/06/2025, 14:39:25] warn: Localization 2070 was not found for unreachable code
[02/06/2025, 14:39:25] warn: Localization 2070 was not found for unsafe cross-origin resource sharing
[02/06/2025, 14:39:25] warn: Localization 2070 was not found for unsafe reflection
[02/06/2025, 14:39:25] warn: Localization 2070 was not found for unsalted one way hash
[02/06/2025, 14:39:25] warn: Localization 2070 was not found for unsalted one way hash 1
[02/06/2025, 14:39:25] warn: Localization 2070 was not found for unsaltedonewayhash
[02/06/2025, 14:39:25] warn: Localization 2070 was not found for unused var
[02/06/2025, 14:39:25] warn: Localization 2070 was not found for urllibusagepython
[02/06/2025, 14:39:25] warn: Localization 2070 was not found for use broken crypto
[02/06/2025, 14:39:25] warn: Localization 2070 was not found for use of a broken or risky cryptographic algorithm
[02/06/2025, 14:39:25] warn: Localization 2070 was not found for use of a broken or risky cryptographic algorithm 1
[02/06/2025, 14:39:25] warn: Localization 2070 was not found for use of a broken or risky cryptographic algorithm 2
[02/06/2025, 14:39:25] warn: Localization 2070 was not found for use of a broken or risky cryptographic algorithm 3
[02/06/2025, 14:39:25] warn: Localization 2070 was not found for use of a broken or risky cryptographic algorithm 4
[02/06/2025, 14:39:25] warn: Localization 2070 was not found for use of a broken or risky cryptographic algorithm 5
[02/06/2025, 14:39:25] warn: Localization 2070 was not found for use of a broken or risky cryptographic algorithm 6
[02/06/2025, 14:39:25] warn: Localization 2070 was not found for use of a broken or risky cryptographic algorithm go
[02/06/2025, 14:39:25] warn: Localization 2070 was not found for use of function with inconsistent implementations
[02/06/2025, 14:39:25] warn: Localization 2070 was not found for use of hardcoded cryptographic key
[02/06/2025, 14:39:25] warn: Localization 2070 was not found for use of insufficiently random values
[02/06/2025, 14:39:25] warn: Localization 2070 was not found for use of insufficiently random values 1
[02/06/2025, 14:39:25] warn: Localization 2070 was not found for use of insufficiently random values 2
[02/06/2025, 14:39:25] warn: Localization 2070 was not found for use of nullpointerexception catch
[02/06/2025, 14:39:25] warn: Localization 2070 was not found for use of obsolete function 1
[02/06/2025, 14:39:25] warn: Localization 2070 was not found for use of system exit
[02/06/2025, 14:39:25] warn: Localization 2070 was not found for use of uninitialized variable
[02/06/2025, 14:39:25] warn: Localization 2070 was not found for user driven insecure hash algorithm
[02/06/2025, 14:39:25] warn: Localization 2070 was not found for user driven insecure hash algorithm 1
[02/06/2025, 14:39:25] warn: Localization 2070 was not found for vulnerable template module
[02/06/2025, 14:39:25] warn: Localization 2070 was not found for weak crypto api objc
[02/06/2025, 14:39:25] warn: Localization 2070 was not found for weak crypto hash api objc
[02/06/2025, 14:39:25] warn: Localization 2070 was not found for weak crypto iv objc
[02/06/2025, 14:39:25] warn: Localization 2070 was not found for weak crypto key objc
[02/06/2025, 14:39:25] warn: Localization 2070 was not found for weak cryptographic algorithm 1
[02/06/2025, 14:39:25] warn: Localization 2070 was not found for weak cryptographic hash
[02/06/2025, 14:39:25] warn: Localization 2070 was not found for weak cryptographic hash plsql
[02/06/2025, 14:39:25] warn: Localization 2070 was not found for weak cryptographic hash tsql
[02/06/2025, 14:39:25] warn: Localization 2070 was not found for weak hmac key objc
[02/06/2025, 14:39:25] warn: Localization 2070 was not found for weak password requirements
[02/06/2025, 14:39:25] warn: Localization 2070 was not found for weak pbkdf salt
[02/06/2025, 14:39:25] warn: Localization 2070 was not found for weak rsa objc
[02/06/2025, 14:39:25] warn: Localization 2070 was not found for weakhashcrypto
[02/06/2025, 14:39:25] warn: Localization 2070 was not found for weakhashcryptojs
[02/06/2025, 14:39:25] warn: Localization 2070 was not found for webforms validaterequest
[02/06/2025, 14:39:25] warn: Localization 2070 was not found for webview xss
[02/06/2025, 14:39:25] warn: Localization 2070 was not found for xml external entity pm
[02/06/2025, 14:39:25] warn: Localization 2070 was not found for xss protection disabled
[02/06/2025, 14:39:25] warn: Localization 2070 was not found for yaml load
[02/06/2025, 14:39:25] warn: Localization 2070 was not found for .htaccess addhandler
[02/06/2025, 14:39:25] warn: Localization 2070 was not found for .htaccess addtype
[02/06/2025, 14:39:25] warn: Localization 2070 was not found for .htaccess options
[02/06/2025, 14:39:25] warn: Localization 2070 was not found for .htaccess php_value
[02/06/2025, 14:39:25] warn: Localization 2070 was not found for .htaccess serversignature
[02/06/2025, 14:39:25] warn: Localization 2070 was not found for android_manifest.xml @android:allowbackup
[02/06/2025, 14:39:25] warn: Localization 2070 was not found for android_manifest.xml @android:debuggable
[02/06/2025, 14:39:25] warn: Localization 2070 was not found for android_manifest.xml @android:exported
[02/06/2025, 14:39:25] warn: Localization 2070 was not found for android_manifest.xml @android:exported[provider]
[02/06/2025, 14:39:25] warn: Localization 2070 was not found for android_manifest.xml @android:protectionlevel
[02/06/2025, 14:39:25] warn: Localization 2070 was not found for android_manifest.xml @android:scheme
[02/06/2025, 14:39:25] warn: Localization 2070 was not found for android_networksecurityconfig.xml @src
[02/06/2025, 14:39:25] warn: Localization 2070 was not found for apache.conf addhandler
[02/06/2025, 14:39:25] warn: Localization 2070 was not found for apache.conf addtype
[02/06/2025, 14:39:25] warn: Localization 2070 was not found for apache.conf loadmodule
[02/06/2025, 14:39:25] warn: Localization 2070 was not found for apache.conf options
[02/06/2025, 14:39:25] warn: Localization 2070 was not found for apache.conf php_value
[02/06/2025, 14:39:25] warn: Localization 2070 was not found for apache.conf serversignature
[02/06/2025, 14:39:25] warn: Localization 2070 was not found for apache.conf servertokens
[02/06/2025, 14:39:25] warn: Localization 2070 was not found for apache.conf traceenable
[02/06/2025, 14:39:25] warn: Localization 2070 was not found for applicationhost.config @accesspolicy
[02/06/2025, 14:39:25] warn: Localization 2070 was not found for applicationhost.config @notlistedisapisallowed
[02/06/2025, 14:39:25] warn: Localization 2070 was not found for applicationhost.config @username
[02/06/2025, 14:39:25] warn: Localization 2070 was not found for conf arbitrary file upload file_uploads
[02/06/2025, 14:39:25] warn: Localization 2070 was not found for conf cross site scripting vulnerability http-only
[02/06/2025, 14:39:25] warn: Localization 2070 was not found for conf cross site scripting vulnerability httponlycookies
[02/06/2025, 14:39:25] warn: Localization 2070 was not found for conf cross site scripting vulnerability register_globals
[02/06/2025, 14:39:25] warn: Localization 2070 was not found for conf cross site scripting vulnerability session.cookie_httponly
[02/06/2025, 14:39:25] warn: Localization 2070 was not found for conf cross site scripting vulnerability traceenable
[02/06/2025, 14:39:25] warn: Localization 2070 was not found for conf cross site scripting vulnerability validaterequest
[02/06/2025, 14:39:25] warn: Localization 2070 was not found for conf denial of service loadmodule security2_module
[02/06/2025, 14:39:25] warn: Localization 2070 was not found for conf denial of service max_execution_time
[02/06/2025, 14:39:25] warn: Localization 2070 was not found for conf denial of service max_input_nesting_level
[02/06/2025, 14:39:25] warn: Localization 2070 was not found for conf denial of service max_input_time
[02/06/2025, 14:39:25] warn: Localization 2070 was not found for conf denial of service memory_limit
[02/06/2025, 14:39:25] warn: Localization 2070 was not found for conf denial of service post_max_size
[02/06/2025, 14:39:25] warn: Localization 2070 was not found for conf denial of service upload_max_filesize
[02/06/2025, 14:39:25] warn: Localization 2070 was not found for conf directory indexing autoindex
[02/06/2025, 14:39:25] warn: Localization 2070 was not found for conf directory indexing loadmodule autoindex_module
[02/06/2025, 14:39:25] warn: Localization 2070 was not found for conf directory indexing options
[02/06/2025, 14:39:25] warn: Localization 2070 was not found for conf directory indexing ssi
[02/06/2025, 14:39:25] warn: Localization 2070 was not found for conf information leakage curl.cainfo
[02/06/2025, 14:39:25] warn: Localization 2070 was not found for conf information leakage debug
[02/06/2025, 14:39:25] warn: Localization 2070 was not found for conf information leakage display_errors
[02/06/2025, 14:39:25] warn: Localization 2070 was not found for conf information leakage display_startup_errors
[02/06/2025, 14:39:25] warn: Localization 2070 was not found for conf information leakage error-code
[02/06/2025, 14:39:25] warn: Localization 2070 was not found for conf information leakage errordocument
[02/06/2025, 14:39:25] warn: Localization 2070 was not found for conf information leakage expose_php
[02/06/2025, 14:39:25] warn: Localization 2070 was not found for conf information leakage loadmodule include_module
[02/06/2025, 14:39:25] warn: Localization 2070 was not found for conf information leakage loadmodule info_module
[02/06/2025, 14:39:25] warn: Localization 2070 was not found for conf information leakage loadmodule negotiation_module
[02/06/2025, 14:39:25] warn: Localization 2070 was not found for conf information leakage mode
[02/06/2025, 14:39:25] warn: Localization 2070 was not found for conf information leakage param-name
[02/06/2025, 14:39:25] warn: Localization 2070 was not found for conf information leakage param-name-xsrf
[02/06/2025, 14:39:25] warn: Localization 2070 was not found for conf information leakage request_order
[02/06/2025, 14:39:25] warn: Localization 2070 was not found for conf information leakage server_tokens
[02/06/2025, 14:39:25] warn: Localization 2070 was not found for conf information leakage serversignature
[02/06/2025, 14:39:25] warn: Localization 2070 was not found for conf information leakage servertokens
[02/06/2025, 14:39:25] warn: Localization 2070 was not found for conf information leakage statuscode
[02/06/2025, 14:39:25] warn: Localization 2070 was not found for conf information leakage value
[02/06/2025, 14:39:25] warn: Localization 2070 was not found for conf insufficient authentication enableviewstatemac
[02/06/2025, 14:39:25] warn: Localization 2070 was not found for conf insufficient session expiration session-timeout
[02/06/2025, 14:39:25] warn: Localization 2070 was not found for conf insufficient transport layer protection requiressl
[02/06/2025, 14:39:25] warn: Localization 2070 was not found for conf insufficient transport layer protection secure
[02/06/2025, 14:39:25] warn: Localization 2070 was not found for conf insufficient transport layer protection transport-guarantee
[02/06/2025, 14:39:25] warn: Localization 2070 was not found for conf obsolete option safe_mode
[02/06/2025, 14:39:25] warn: Localization 2070 was not found for conf obsolete option safe_mode_exec_dir
[02/06/2025, 14:39:25] warn: Localization 2070 was not found for conf obsolete option safe_mode_gid
[02/06/2025, 14:39:25] warn: Localization 2070 was not found for conf obsolete option safe_mode_include_dir
[02/06/2025, 14:39:25] warn: Localization 2070 was not found for conf path traversal vulnerability open_basedir
[02/06/2025, 14:39:25] warn: Localization 2070 was not found for conf remote code execution addhandler
[02/06/2025, 14:39:25] warn: Localization 2070 was not found for conf remote code execution addtype
[02/06/2025, 14:39:25] warn: Localization 2070 was not found for conf remote code execution assert.active
[02/06/2025, 14:39:25] warn: Localization 2070 was not found for conf remote code execution auto_append_file
[02/06/2025, 14:39:25] warn: Localization 2070 was not found for conf remote code execution auto_prepend_file
[02/06/2025, 14:39:25] warn: Localization 2070 was not found for conf remote code execution enable_dl
[02/06/2025, 14:39:25] warn: Localization 2070 was not found for conf remote code execution php_value
[02/06/2025, 14:39:25] warn: Localization 2070 was not found for conf remote command execution disable_functions
[02/06/2025, 14:39:25] warn: Localization 2070 was not found for conf remote command execution http-method
[02/06/2025, 14:39:25] warn: Localization 2070 was not found for conf remote command execution loadmodule cgi_module
[02/06/2025, 14:39:25] warn: Localization 2070 was not found for conf remote file inclusion allow_url_fopen
[02/06/2025, 14:39:25] warn: Localization 2070 was not found for conf remote file inclusion allow_url_include
[02/06/2025, 14:39:25] warn: Localization 2070 was not found for conf remote file inclusion cgi.fix_pathinfo
[02/06/2025, 14:39:25] warn: Localization 2070 was not found for conf response splitting enableheaderchecking
[02/06/2025, 14:39:25] warn: Localization 2070 was not found for conf response splitting useunsafeheaderparsing
[02/06/2025, 14:39:25] warn: Localization 2070 was not found for conf session hijacking log_errors
[02/06/2025, 14:39:25] warn: Localization 2070 was not found for conf session hijacking session.cookie_lifetime
[02/06/2025, 14:39:25] warn: Localization 2070 was not found for conf session hijacking session.cookie_secure
[02/06/2025, 14:39:25] warn: Localization 2070 was not found for conf session hijacking session.referer_check
[02/06/2025, 14:39:25] warn: Localization 2070 was not found for conf session hijacking session.save_path
[02/06/2025, 14:39:25] warn: Localization 2070 was not found for conf session hijacking session.use_cookies
[02/06/2025, 14:39:25] warn: Localization 2070 was not found for conf session hijacking session.use_only_cookies
[02/06/2025, 14:39:25] warn: Localization 2070 was not found for conf session hijacking session.use_strict_mode
[02/06/2025, 14:39:25] warn: Localization 2070 was not found for conf session hijacking ssl
[02/06/2025, 14:39:25] warn: Localization 2070 was not found for conf session hijacking ssl_certificate
[02/06/2025, 14:39:25] warn: Localization 2070 was not found for conf session hijacking ssl_certificate_key
[02/06/2025, 14:39:25] warn: Localization 2070 was not found for conf session hijacking ssl_ciphers
[02/06/2025, 14:39:25] warn: Localization 2070 was not found for conf session hijacking ssl_dhparam
[02/06/2025, 14:39:25] warn: Localization 2070 was not found for conf session hijacking ssl_prefer_server_ciphers
[02/06/2025, 14:39:25] warn: Localization 2070 was not found for conf session hijacking ssl_protocols
[02/06/2025, 14:39:25] warn: Localization 2070 was not found for conf session hijacking ssl_session_cache
[02/06/2025, 14:39:25] warn: Localization 2070 was not found for conf session hijacking ssl_session_timeout
[02/06/2025, 14:39:25] warn: Localization 2070 was not found for conf session hijacking ssl_stapling
[02/06/2025, 14:39:25] warn: Localization 2070 was not found for conf session hijacking tracking-mode
[02/06/2025, 14:39:25] warn: Localization 2070 was not found for conf sql injection magic_quotes_gpc
[02/06/2025, 14:39:25] warn: Localization 2070 was not found for conf sql injection magic_quotes_runtime
[02/06/2025, 14:39:25] warn: Localization 2070 was not found for conf sql injection magic_quotes_sybase
[02/06/2025, 14:39:25] warn: Localization 2070 was not found for domain.xml @audit-enabled
[02/06/2025, 14:39:25] warn: Localization 2070 was not found for domain.xml @port
[02/06/2025, 14:39:25] warn: Localization 2070 was not found for domain.xml @value
[02/06/2025, 14:39:25] warn: Localization 2070 was not found for domain.xml @xpowered-by
[02/06/2025, 14:39:25] warn: Localization 2070 was not found for domain.xml jvm-options
[02/06/2025, 14:39:25] warn: Localization 2070 was not found for ios_info.plist cfbundleurltypes
[02/06/2025, 14:39:25] warn: Localization 2070 was not found for ios_info.plist nsexceptionallowsinsecurehttploads
[02/06/2025, 14:39:25] warn: Localization 2070 was not found for ios_info.plist nsexceptionminimumtlsversion
[02/06/2025, 14:39:25] warn: Localization 2070 was not found for ios_info.plist nstemporarythirdpartyexceptionallowsinsecurehttploads
[02/06/2025, 14:39:25] warn: Localization 2070 was not found for ios_info.plist nstemporarythirdpartyexceptionminimumtlsversion
[02/06/2025, 14:39:25] warn: Localization 2070 was not found for lighttpd.conf cgi.assign
[02/06/2025, 14:39:25] warn: Localization 2070 was not found for lighttpd.conf server.dir-listing
[02/06/2025, 14:39:25] warn: Localization 2070 was not found for lighttpd.conf setenv.add-response-header
[02/06/2025, 14:39:25] warn: Localization 2070 was not found for lighttpd.conf status.config-url
[02/06/2025, 14:39:25] warn: Localization 2070 was not found for lighttpd.conf status.status-url
[02/06/2025, 14:39:25] warn: Localization 2070 was not found for lighttpd.conf webdav.is-readonly
[02/06/2025, 14:39:25] warn: Localization 2070 was not found for machine.config @debug
[02/06/2025, 14:39:25] warn: Localization 2070 was not found for machine.config @decryption
[02/06/2025, 14:39:25] warn: Localization 2070 was not found for machine.config @decryptionkey
[02/06/2025, 14:39:25] warn: Localization 2070 was not found for machine.config @passwordformat
[02/06/2025, 14:39:25] warn: Localization 2070 was not found for machine.config @retail
[02/06/2025, 14:39:25] warn: Localization 2070 was not found for machine.config @username[@processmodel]
[02/06/2025, 14:39:25] warn: Localization 2070 was not found for machine.config @validation
[02/06/2025, 14:39:25] warn: Localization 2070 was not found for machine.config @validationkey
[02/06/2025, 14:39:25] warn: Localization 2070 was not found for nginx.conf add_header
[02/06/2025, 14:39:25] warn: Localization 2070 was not found for nginx.conf add_header[inheritance]
[02/06/2025, 14:39:25] warn: Localization 2070 was not found for nginx.conf alias[traversal]
[02/06/2025, 14:39:25] warn: Localization 2070 was not found for nginx.conf autoindex
[02/06/2025, 14:39:25] warn: Localization 2070 was not found for nginx.conf error_log
[02/06/2025, 14:39:25] warn: Localization 2070 was not found for nginx.conf error_page
[02/06/2025, 14:39:25] warn: Localization 2070 was not found for nginx.conf more_set_headers
[02/06/2025, 14:39:25] warn: Localization 2070 was not found for nginx.conf proxy_set_header
[02/06/2025, 14:39:25] warn: Localization 2070 was not found for nginx.conf server_tokens
[02/06/2025, 14:39:25] warn: Localization 2070 was not found for nginx.conf ssi
[02/06/2025, 14:39:25] warn: Localization 2070 was not found for nginx.conf ssl
[02/06/2025, 14:39:25] warn: Localization 2070 was not found for nginx.conf ssl_certificate
[02/06/2025, 14:39:25] warn: Localization 2070 was not found for nginx.conf ssl_certificate_key
[02/06/2025, 14:39:25] warn: Localization 2070 was not found for nginx.conf ssl_ciphers
[02/06/2025, 14:39:25] warn: Localization 2070 was not found for nginx.conf ssl_dhparam
[02/06/2025, 14:39:25] warn: Localization 2070 was not found for nginx.conf ssl_prefer_server_ciphers
[02/06/2025, 14:39:25] warn: Localization 2070 was not found for nginx.conf ssl_protocols
[02/06/2025, 14:39:25] warn: Localization 2070 was not found for nginx.conf ssl_session_cache
[02/06/2025, 14:39:25] warn: Localization 2070 was not found for nginx.conf ssl_session_timeout
[02/06/2025, 14:39:25] warn: Localization 2070 was not found for nginx.conf ssl_stapling
[02/06/2025, 14:39:25] warn: Localization 2070 was not found for nginx.conf valid_referers
[02/06/2025, 14:39:25] warn: Localization 2070 was not found for php.ini allow_url_fopen
[02/06/2025, 14:39:25] warn: Localization 2070 was not found for php.ini allow_url_include
[02/06/2025, 14:39:25] warn: Localization 2070 was not found for php.ini assert.active
[02/06/2025, 14:39:25] warn: Localization 2070 was not found for php.ini auto_append_file
[02/06/2025, 14:39:25] warn: Localization 2070 was not found for php.ini auto_prepend_file
[02/06/2025, 14:39:25] warn: Localization 2070 was not found for php.ini cgi.fix_pathinfo
[02/06/2025, 14:39:25] warn: Localization 2070 was not found for php.ini cgi.force_redirect
[02/06/2025, 14:39:25] warn: Localization 2070 was not found for php.ini disable_functions
[02/06/2025, 14:39:25] warn: Localization 2070 was not found for php.ini display_errors
[02/06/2025, 14:39:25] warn: Localization 2070 was not found for php.ini display_startup_errors
[02/06/2025, 14:39:25] warn: Localization 2070 was not found for php.ini enable_dl
[02/06/2025, 14:39:25] warn: Localization 2070 was not found for php.ini expose_php
[02/06/2025, 14:39:25] warn: Localization 2070 was not found for php.ini log_errors
[02/06/2025, 14:39:25] warn: Localization 2070 was not found for php.ini magic_quotes_gpc
[02/06/2025, 14:39:25] warn: Localization 2070 was not found for php.ini magic_quotes_runtime
[02/06/2025, 14:39:25] warn: Localization 2070 was not found for php.ini magic_quotes_sybase
[02/06/2025, 14:39:25] warn: Localization 2070 was not found for php.ini max_execution_time
[02/06/2025, 14:39:25] warn: Localization 2070 was not found for php.ini max_input_nesting_level
[02/06/2025, 14:39:25] warn: Localization 2070 was not found for php.ini max_input_time
[02/06/2025, 14:39:25] warn: Localization 2070 was not found for php.ini memory_limit
[02/06/2025, 14:39:25] warn: Localization 2070 was not found for php.ini open_basedir
[02/06/2025, 14:39:25] warn: Localization 2070 was not found for php.ini post_max_size
[02/06/2025, 14:39:25] warn: Localization 2070 was not found for php.ini register_globals
[02/06/2025, 14:39:25] warn: Localization 2070 was not found for php.ini request_order
[02/06/2025, 14:39:25] warn: Localization 2070 was not found for php.ini safe_mode
[02/06/2025, 14:39:25] warn: Localization 2070 was not found for php.ini session.cookie_httponly
[02/06/2025, 14:39:25] warn: Localization 2070 was not found for php.ini session.cookie_lifetime
[02/06/2025, 14:39:25] warn: Localization 2070 was not found for php.ini session.cookie_secure
[02/06/2025, 14:39:25] warn: Localization 2070 was not found for php.ini session.save_path
[02/06/2025, 14:39:25] warn: Localization 2070 was not found for php.ini session.use_cookies
[02/06/2025, 14:39:25] warn: Localization 2070 was not found for php.ini session.use_only_cookies
[02/06/2025, 14:39:25] warn: Localization 2070 was not found for php.ini session.use_strict_mode
[02/06/2025, 14:39:25] warn: Localization 2070 was not found for php.ini session.use_trans_sid
[02/06/2025, 14:39:25] warn: Localization 2070 was not found for php.ini upload_max_filesize
[02/06/2025, 14:39:25] warn: Localization 2070 was not found for potential vulnerability
[02/06/2025, 14:39:25] warn: Localization 2070 was not found for server.xml_tomcat @allowtrace
[02/06/2025, 14:39:25] warn: Localization 2070 was not found for server.xml_tomcat @autodeploy
[02/06/2025, 14:39:25] warn: Localization 2070 was not found for server.xml_tomcat @clientauth
[02/06/2025, 14:39:25] warn: Localization 2070 was not found for server.xml_tomcat @connectiontimeout
[02/06/2025, 14:39:25] warn: Localization 2070 was not found for server.xml_tomcat @deployonstartup
[02/06/2025, 14:39:25] warn: Localization 2070 was not found for server.xml_tomcat @maxhttpheadersize
[02/06/2025, 14:39:25] warn: Localization 2070 was not found for server.xml_tomcat @secure
[02/06/2025, 14:39:25] warn: Localization 2070 was not found for server.xml_tomcat @shutdown
[02/06/2025, 14:39:25] warn: Localization 2070 was not found for server.xml_tomcat @xpoweredby
[02/06/2025, 14:39:25] warn: Localization 2070 was not found for server.xml_websphere @allowlogoutpageredirecttoanyhost
[02/06/2025, 14:39:25] warn: Localization 2070 was not found for server.xml_websphere @displayauthenticationrealm
[02/06/2025, 14:39:25] warn: Localization 2070 was not found for server.xml_websphere @preservefullyqualifiedreferrerurl
[02/06/2025, 14:39:25] warn: Localization 2070 was not found for standalone.xml @default-user
[02/06/2025, 14:39:25] warn: Localization 2070 was not found for standalone.xml @display-source-fragment
[02/06/2025, 14:39:25] warn: Localization 2070 was not found for standalone.xml @scan-interval
[02/06/2025, 14:39:25] warn: Localization 2070 was not found for standalone.xml @value
[02/06/2025, 14:39:25] warn: Localization 2070 was not found for standalone.xml @x-powered-by
[02/06/2025, 14:39:25] warn: Localization 2070 was not found for web.config @allowoverride
[02/06/2025, 14:39:25] warn: Localization 2070 was not found for web.config @cacherolesincookie
[02/06/2025, 14:39:25] warn: Localization 2070 was not found for web.config @certificatevalidationmode
[02/06/2025, 14:39:25] warn: Localization 2070 was not found for web.config @connectionprotection
[02/06/2025, 14:39:25] warn: Localization 2070 was not found for web.config @cookieless
[02/06/2025, 14:39:25] warn: Localization 2070 was not found for web.config @cookieprotection
[02/06/2025, 14:39:25] warn: Localization 2070 was not found for web.config @cookierequiressl
[02/06/2025, 14:39:25] warn: Localization 2070 was not found for web.config @cookieslidingexpiration
[02/06/2025, 14:39:25] warn: Localization 2070 was not found for web.config @cookietimeout
[02/06/2025, 14:39:25] warn: Localization 2070 was not found for web.config @createpersistentcookie
[02/06/2025, 14:39:25] warn: Localization 2070 was not found for web.config @debug
[02/06/2025, 14:39:25] warn: Localization 2070 was not found for web.config @decryptionkey
[02/06/2025, 14:39:25] warn: Localization 2070 was not found for web.config @enablecrossappredirects
[02/06/2025, 14:39:25] warn: Localization 2070 was not found for web.config @enabled
[02/06/2025, 14:39:25] warn: Localization 2070 was not found for web.config @enabled[directorybrowse]
[02/06/2025, 14:39:25] warn: Localization 2070 was not found for web.config @enableeventvalidation
[02/06/2025, 14:39:25] warn: Localization 2070 was not found for web.config @enableheaderchecking
[02/06/2025, 14:39:25] warn: Localization 2070 was not found for web.config @enableversionheader
[02/06/2025, 14:39:25] warn: Localization 2070 was not found for web.config @enableviewstatemac
[02/06/2025, 14:39:25] warn: Localization 2070 was not found for web.config @httponlycookies
[02/06/2025, 14:39:25] warn: Localization 2070 was not found for web.config @level
[02/06/2025, 14:39:25] warn: Localization 2070 was not found for web.config @maxeventdetaillength
[02/06/2025, 14:39:25] warn: Localization 2070 was not found for web.config @maxeventlengthforsimplemessage
[02/06/2025, 14:39:25] warn: Localization 2070 was not found for web.config @maxrequestlength
[02/06/2025, 14:39:25] warn: Localization 2070 was not found for web.config @maxsizeforsimplemessage
[02/06/2025, 14:39:25] warn: Localization 2070 was not found for web.config @minrequirednonalphanumericcharacters
[02/06/2025, 14:39:25] warn: Localization 2070 was not found for web.config @minrequiredpasswordlength
[02/06/2025, 14:39:25] warn: Localization 2070 was not found for web.config @mode
[02/06/2025, 14:39:25] warn: Localization 2070 was not found for web.config @name[@credentials]
[02/06/2025, 14:39:25] warn: Localization 2070 was not found for web.config @passwordformat
[02/06/2025, 14:39:25] warn: Localization 2070 was not found for web.config @protection
[02/06/2025, 14:39:25] warn: Localization 2070 was not found for web.config @requestvalidationmode
[02/06/2025, 14:39:25] warn: Localization 2070 was not found for web.config @requiressl
[02/06/2025, 14:39:25] warn: Localization 2070 was not found for web.config @requiressl[@authentication]
[02/06/2025, 14:39:25] warn: Localization 2070 was not found for web.config @slidingexpiration
[02/06/2025, 14:39:25] warn: Localization 2070 was not found for web.config @statuscode
[02/06/2025, 14:39:25] warn: Localization 2070 was not found for web.config @timeout
[02/06/2025, 14:39:25] warn: Localization 2070 was not found for web.config @type
[02/06/2025, 14:39:25] warn: Localization 2070 was not found for web.config @username[@identity]
[02/06/2025, 14:39:25] warn: Localization 2070 was not found for web.config @users
[02/06/2025, 14:39:25] warn: Localization 2070 was not found for web.config @useunsafeheaderparsing
[02/06/2025, 14:39:25] warn: Localization 2070 was not found for web.config @validaterequest
[02/06/2025, 14:39:25] warn: Localization 2070 was not found for web.config @validation
[02/06/2025, 14:39:25] warn: Localization 2070 was not found for web.config @validationkey
[02/06/2025, 14:39:25] warn: Localization 2070 was not found for web.config @value
[02/06/2025, 14:39:25] warn: Localization 2070 was not found for web.config @value[@accesscontrolalloworiginheader]
[02/06/2025, 14:39:25] warn: Localization 2070 was not found for web.config @value[@aspnetcore_environment]
[02/06/2025, 14:39:25] warn: Localization 2070 was not found for web.config @value[uselegacyencryption]
[02/06/2025, 14:39:25] warn: Localization 2070 was not found for web.config @value[x-frame-options]
[02/06/2025, 14:39:25] warn: Localization 2070 was not found for web.config @viewstateencryptionmode
[02/06/2025, 14:39:25] warn: Localization 2070 was not found for web.config ciphervalue[@sessionstate]
[02/06/2025, 14:39:25] warn: Localization 2070 was not found for web.config remove/@name[documentation]
[02/06/2025, 14:39:25] warn: Localization 2070 was not found for web.config remove/@name[x-powered-by]
[02/06/2025, 14:39:25] warn: Localization 2070 was not found for web.xml error-code
[02/06/2025, 14:39:25] warn: Localization 2070 was not found for web.xml http-method
[02/06/2025, 14:39:25] warn: Localization 2070 was not found for web.xml http-only
[02/06/2025, 14:39:25] warn: Localization 2070 was not found for web.xml param-value
[02/06/2025, 14:39:25] warn: Localization 2070 was not found for web.xml secure
[02/06/2025, 14:39:25] warn: Localization 2070 was not found for web.xml session-timeout
[02/06/2025, 14:39:25] warn: Localization 2070 was not found for web.xml tracking-mode
[02/06/2025, 14:39:25] warn: Localization 2070 was not found for web.xml transport-guarantee
[02/06/2025, 14:39:25] info: Clean up logs files was started
[02/06/2025, 14:39:25] info: Clean up logs files was finished
