[23/05/2025, 08:29:32] info: Logging was started to file.
[23/05/2025, 08:29:33] info: Start application inspector initialization
[23/05/2025, 08:29:33] info: Hide developer mode UI
[23/05/2025, 08:29:33] info: Infrastructure Configurations: {"port":8000,"infrastructureAssemblyFolderPath":"C:\\Users\\papel\\AppData\\Local\\Application Inspector Analyzer","applicationResourcesFolderPath":"C:\\Users\\papel\\AppData\\Local\\Application Inspector Analyzer","scanTargetFolderPath":"c:\\Users\\papel\\Desktop\\papelaria-carrinho","isDebugging":false,"logLevel":{"i2_1":"Error","j2_1":5,"type":5,"key":"Settings.LogLevel.Error.Text"},"logDir":"c:\\Users\\papel\\Desktop\\papelaria-carrinho\\.ai\\Logs\\Infrastructure\\2025-05-23-08-29-33","tipsFoundNotificationThreshold":15,"similarIssuesFoundNotificationThreshold":15,"applicationLocalDataFolderPath":"c:\\Users\\papel\\Desktop\\papelaria-carrinho\\.ai"}
[23/05/2025, 08:29:33] info: Start infrastructure initialization
[23/05/2025, 08:29:46] info: Infrastructure was started
[23/05/2025, 08:29:49] info: Initialize aie integration isn't initialized
[23/05/2025, 08:29:49] info: Infrastructure was initialized
[23/05/2025, 08:29:49] info: Infrastructure Installer was deleted
[23/05/2025, 08:29:49] warn: Localization 2070 was not found for apache mod_negotiation resource location disclosure
[23/05/2025, 08:29:49] warn: Localization 2070 was not found for arbitrary directory copying
[23/05/2025, 08:29:49] warn: Localization 2070 was not found for arbitrary directory creation
[23/05/2025, 08:29:49] warn: Localization 2070 was not found for arbitrary directory deletion
[23/05/2025, 08:29:49] warn: Localization 2070 was not found for arbitrary directory listing
[23/05/2025, 08:29:49] warn: Localization 2070 was not found for arbitrary directory moving
[23/05/2025, 08:29:49] warn: Localization 2070 was not found for arbitrary file copying
[23/05/2025, 08:29:49] warn: Localization 2070 was not found for arbitrary file creation
[23/05/2025, 08:29:49] warn: Localization 2070 was not found for arbitrary file deletion
[23/05/2025, 08:29:49] warn: Localization 2070 was not found for arbitrary file modification
[23/05/2025, 08:29:49] warn: Localization 2070 was not found for arbitrary file moving
[23/05/2025, 08:29:49] warn: Localization 2070 was not found for arbitrary file reading
[23/05/2025, 08:29:49] warn: Localization 2070 was not found for cookie injection
[23/05/2025, 08:29:49] warn: Localization 2070 was not found for credentials brute-force
[23/05/2025, 08:29:49] warn: Localization 2070 was not found for cross-site request forgery
[23/05/2025, 08:29:49] warn: Localization 2070 was not found for cross-site scripting
[23/05/2025, 08:29:49] warn: Localization 2070 was not found for cursor injection
[23/05/2025, 08:29:49] warn: Localization 2070 was not found for cursor sqli
[23/05/2025, 08:29:49] warn: Localization 2070 was not found for default
[23/05/2025, 08:29:49] warn: Localization 2070 was not found for denial of service
[23/05/2025, 08:29:49] warn: Localization 2070 was not found for deserialization of untrusted data
[23/05/2025, 08:29:49] warn: Localization 2070 was not found for df
[23/05/2025, 08:29:49] warn: Localization 2070 was not found for djangoorminjection
[23/05/2025, 08:29:49] warn: Localization 2070 was not found for dll injection
[23/05/2025, 08:29:49] warn: Localization 2070 was not found for double free
[23/05/2025, 08:29:49] warn: Localization 2070 was not found for dynamic code injection
[23/05/2025, 08:29:49] warn: Localization 2070 was not found for dynamic query injection
[23/05/2025, 08:29:49] warn: Localization 2070 was not found for external control of configuration
[23/05/2025, 08:29:49] warn: Localization 2070 was not found for fingerprinting
[23/05/2025, 08:29:49] warn: Localization 2070 was not found for format string
[23/05/2025, 08:29:49] warn: Localization 2070 was not found for hardcoded password
[23/05/2025, 08:29:49] warn: Localization 2070 was not found for heap overflow
[23/05/2025, 08:29:49] warn: Localization 2070 was not found for http header injection
[23/05/2025, 08:29:49] warn: Localization 2070 was not found for http request splitting
[23/05/2025, 08:29:49] warn: Localization 2070 was not found for http response splitting
[23/05/2025, 08:29:49] warn: Localization 2070 was not found for improper access control taint
[23/05/2025, 08:29:49] warn: Localization 2070 was not found for improper resource shutdown or release
[23/05/2025, 08:29:49] warn: Localization 2070 was not found for information exposure
[23/05/2025, 08:29:49] warn: Localization 2070 was not found for injection
[23/05/2025, 08:29:49] warn: Localization 2070 was not found for insecure direct object references
[23/05/2025, 08:29:49] warn: Localization 2070 was not found for insufficient session expiration
[23/05/2025, 08:29:49] warn: Localization 2070 was not found for integer overflow
[23/05/2025, 08:29:49] warn: Localization 2070 was not found for ldap injection
[23/05/2025, 08:29:49] warn: Localization 2070 was not found for like injection
[23/05/2025, 08:29:49] warn: Localization 2070 was not found for linq injection
[23/05/2025, 08:29:49] warn: Localization 2070 was not found for local file inclusion
[23/05/2025, 08:29:49] warn: Localization 2070 was not found for log forging
[23/05/2025, 08:29:49] warn: Localization 2070 was not found for nosql injection
[23/05/2025, 08:29:49] warn: Localization 2070 was not found for null dereference
[23/05/2025, 08:29:49] warn: Localization 2070 was not found for object injection
[23/05/2025, 08:29:49] warn: Localization 2070 was not found for open redirect
[23/05/2025, 08:29:49] warn: Localization 2070 was not found for orm injection
[23/05/2025, 08:29:49] warn: Localization 2070 was not found for os commanding
[23/05/2025, 08:29:49] warn: Localization 2070 was not found for padding oracle attack
[23/05/2025, 08:29:49] warn: Localization 2070 was not found for path traversal
[23/05/2025, 08:29:49] warn: Localization 2070 was not found for persistent cookie exposing
[23/05/2025, 08:29:49] warn: Localization 2070 was not found for potential path traversal
[23/05/2025, 08:29:49] warn: Localization 2070 was not found for process control
[23/05/2025, 08:29:49] warn: Localization 2070 was not found for redos
[23/05/2025, 08:29:49] warn: Localization 2070 was not found for remote code execution
[23/05/2025, 08:29:49] warn: Localization 2070 was not found for remote file inclusion
[23/05/2025, 08:29:49] warn: Localization 2070 was not found for resource exhaustion
[23/05/2025, 08:29:49] warn: Localization 2070 was not found for resource location brute-force
[23/05/2025, 08:29:49] warn: Localization 2070 was not found for server-side request forgery
[23/05/2025, 08:29:49] warn: Localization 2070 was not found for server-side template injection
[23/05/2025, 08:29:49] warn: Localization 2070 was not found for serverfingerprinting
[23/05/2025, 08:29:49] warn: Localization 2070 was not found for session management weakness
[23/05/2025, 08:29:49] warn: Localization 2070 was not found for shellshock
[23/05/2025, 08:29:49] warn: Localization 2070 was not found for smtp header injection
[23/05/2025, 08:29:49] warn: Localization 2070 was not found for sql injection
[23/05/2025, 08:29:49] warn: Localization 2070 was not found for sqli
[23/05/2025, 08:29:49] warn: Localization 2070 was not found for stack overflow
[23/05/2025, 08:29:49] warn: Localization 2070 was not found for uaf
[23/05/2025, 08:29:49] warn: Localization 2070 was not found for uncontrolled data manipulation
[23/05/2025, 08:29:49] warn: Localization 2070 was not found for uncontrolled env var modification
[23/05/2025, 08:29:49] warn: Localization 2070 was not found for unrestricted file upload
[23/05/2025, 08:29:49] warn: Localization 2070 was not found for use after free
[23/05/2025, 08:29:49] warn: Localization 2070 was not found for webview xss taint
[23/05/2025, 08:29:49] warn: Localization 2070 was not found for xml entity expansion
[23/05/2025, 08:29:49] warn: Localization 2070 was not found for xml external entity
[23/05/2025, 08:29:49] warn: Localization 2070 was not found for xpath injection
[23/05/2025, 08:29:49] warn: Localization 2070 was not found for xquery injection
[23/05/2025, 08:29:49] warn: Localization 2070 was not found for 100
[23/05/2025, 08:29:49] warn: Localization 2070 was not found for 101
[23/05/2025, 08:29:49] warn: Localization 2070 was not found for 102
[23/05/2025, 08:29:49] warn: Localization 2070 was not found for 103
[23/05/2025, 08:29:49] warn: Localization 2070 was not found for 104
[23/05/2025, 08:29:49] warn: Localization 2070 was not found for 105
[23/05/2025, 08:29:49] warn: Localization 2070 was not found for 107
[23/05/2025, 08:29:49] warn: Localization 2070 was not found for 108
[23/05/2025, 08:29:49] warn: Localization 2070 was not found for 109
[23/05/2025, 08:29:49] warn: Localization 2070 was not found for 111
[23/05/2025, 08:29:49] warn: Localization 2070 was not found for 113
[23/05/2025, 08:29:49] warn: Localization 2070 was not found for 114
[23/05/2025, 08:29:49] warn: Localization 2070 was not found for 116
[23/05/2025, 08:29:49] warn: Localization 2070 was not found for 117
[23/05/2025, 08:29:49] warn: Localization 2070 was not found for 118
[23/05/2025, 08:29:49] warn: Localization 2070 was not found for 120
[23/05/2025, 08:29:49] warn: Localization 2070 was not found for 122
[23/05/2025, 08:29:49] warn: Localization 2070 was not found for 123
[23/05/2025, 08:29:49] warn: Localization 2070 was not found for 124
[23/05/2025, 08:29:49] warn: Localization 2070 was not found for 125
[23/05/2025, 08:29:49] warn: Localization 2070 was not found for 127
[23/05/2025, 08:29:49] warn: Localization 2070 was not found for 128
[23/05/2025, 08:29:49] warn: Localization 2070 was not found for 129
[23/05/2025, 08:29:49] warn: Localization 2070 was not found for 130
[23/05/2025, 08:29:49] warn: Localization 2070 was not found for 135
[23/05/2025, 08:29:49] warn: Localization 2070 was not found for 138
[23/05/2025, 08:29:49] warn: Localization 2070 was not found for 139
[23/05/2025, 08:29:49] warn: Localization 2070 was not found for 140
[23/05/2025, 08:29:49] warn: Localization 2070 was not found for 141
[23/05/2025, 08:29:49] warn: Localization 2070 was not found for 142
[23/05/2025, 08:29:49] warn: Localization 2070 was not found for 144
[23/05/2025, 08:29:49] warn: Localization 2070 was not found for 145
[23/05/2025, 08:29:49] warn: Localization 2070 was not found for 146
[23/05/2025, 08:29:49] warn: Localization 2070 was not found for 147
[23/05/2025, 08:29:49] warn: Localization 2070 was not found for 148
[23/05/2025, 08:29:49] warn: Localization 2070 was not found for 149
[23/05/2025, 08:29:49] warn: Localization 2070 was not found for 150
[23/05/2025, 08:29:49] warn: Localization 2070 was not found for 151
[23/05/2025, 08:29:49] warn: Localization 2070 was not found for 152
[23/05/2025, 08:29:49] warn: Localization 2070 was not found for 153
[23/05/2025, 08:29:49] warn: Localization 2070 was not found for 154
[23/05/2025, 08:29:49] warn: Localization 2070 was not found for 156
[23/05/2025, 08:29:49] warn: Localization 2070 was not found for 157
[23/05/2025, 08:29:49] warn: Localization 2070 was not found for 158
[23/05/2025, 08:29:49] warn: Localization 2070 was not found for 159
[23/05/2025, 08:29:49] warn: Localization 2070 was not found for 160
[23/05/2025, 08:29:49] warn: Localization 2070 was not found for 161
[23/05/2025, 08:29:49] warn: Localization 2070 was not found for 162
[23/05/2025, 08:29:49] warn: Localization 2070 was not found for 163
[23/05/2025, 08:29:49] warn: Localization 2070 was not found for 164
[23/05/2025, 08:29:49] warn: Localization 2070 was not found for 165
[23/05/2025, 08:29:49] warn: Localization 2070 was not found for 200
[23/05/2025, 08:29:49] warn: Localization 2070 was not found for 24544
[23/05/2025, 08:29:49] warn: Localization 2070 was not found for 24545
[23/05/2025, 08:29:49] warn: Localization 2070 was not found for 24546
[23/05/2025, 08:29:49] warn: Localization 2070 was not found for 24547
[23/05/2025, 08:29:49] warn: Localization 2070 was not found for 24548
[23/05/2025, 08:29:49] warn: Localization 2070 was not found for 24549
[23/05/2025, 08:29:49] warn: Localization 2070 was not found for 24550
[23/05/2025, 08:29:49] warn: Localization 2070 was not found for 24551
[23/05/2025, 08:29:49] warn: Localization 2070 was not found for 24552
[23/05/2025, 08:29:49] warn: Localization 2070 was not found for 24553
[23/05/2025, 08:29:49] warn: Localization 2070 was not found for 24554
[23/05/2025, 08:29:49] warn: Localization 2070 was not found for 24555
[23/05/2025, 08:29:49] warn: Localization 2070 was not found for 24556
[23/05/2025, 08:29:49] warn: Localization 2070 was not found for 24557
[23/05/2025, 08:29:49] warn: Localization 2070 was not found for 24558
[23/05/2025, 08:29:49] warn: Localization 2070 was not found for 24559
[23/05/2025, 08:29:49] warn: Localization 2070 was not found for 24560
[23/05/2025, 08:29:49] warn: Localization 2070 was not found for 24561
[23/05/2025, 08:29:49] warn: Localization 2070 was not found for 24562
[23/05/2025, 08:29:49] warn: Localization 2070 was not found for 24563
[23/05/2025, 08:29:49] warn: Localization 2070 was not found for 24564
[23/05/2025, 08:29:49] warn: Localization 2070 was not found for 24565
[23/05/2025, 08:29:49] warn: Localization 2070 was not found for 24566
[23/05/2025, 08:29:49] warn: Localization 2070 was not found for 24567
[23/05/2025, 08:29:49] warn: Localization 2070 was not found for 24568
[23/05/2025, 08:29:49] warn: Localization 2070 was not found for 305
[23/05/2025, 08:29:49] warn: Localization 2070 was not found for 96
[23/05/2025, 08:29:49] warn: Localization 2070 was not found for 97
[23/05/2025, 08:29:49] warn: Localization 2070 was not found for 98
[23/05/2025, 08:29:49] warn: Localization 2070 was not found for 99
[23/05/2025, 08:29:49] warn: Localization 2070 was not found for attributes code inside addeventlistener
[23/05/2025, 08:29:49] warn: Localization 2070 was not found for attributes code inside attachevent
[23/05/2025, 08:29:49] warn: Localization 2070 was not found for attributes code inside createattribute
[23/05/2025, 08:29:49] warn: Localization 2070 was not found for attributes code inside element event
[23/05/2025, 08:29:49] warn: Localization 2070 was not found for attributes code inside setattribute
[23/05/2025, 08:29:49] warn: Localization 2070 was not found for attributes code inside setattributens
[23/05/2025, 08:29:49] warn: Localization 2070 was not found for buffer overflow
[23/05/2025, 08:29:49] warn: Localization 2070 was not found for buffer overflow in python
[23/05/2025, 08:29:49] warn: Localization 2070 was not found for buffer overflow pm
[23/05/2025, 08:29:49] warn: Localization 2070 was not found for class defines clone but not implement cloneable
[23/05/2025, 08:29:49] warn: Localization 2070 was not found for csrf protection disabled
[23/05/2025, 08:29:49] warn: Localization 2070 was not found for cursor snarfing plsql
[23/05/2025, 08:29:49] warn: Localization 2070 was not found for cursor snarfing tsql
[23/05/2025, 08:29:49] warn: Localization 2070 was not found for dangerous function plsql
[23/05/2025, 08:29:49] warn: Localization 2070 was not found for dangerous function tsql
[23/05/2025, 08:29:49] warn: Localization 2070 was not found for debug information leakage
[23/05/2025, 08:29:49] warn: Localization 2070 was not found for debug mode python
[23/05/2025, 08:29:49] warn: Localization 2070 was not found for deprecated functions objc
[23/05/2025, 08:29:49] warn: Localization 2070 was not found for deserialization of untrusted data pm
[23/05/2025, 08:29:49] warn: Localization 2070 was not found for deserialization of untrusted data pm python
[23/05/2025, 08:29:49] warn: Localization 2070 was not found for detection of error condition without action
[23/05/2025, 08:29:49] warn: Localization 2070 was not found for direct use of threads
[23/05/2025, 08:29:49] warn: Localization 2070 was not found for directorytraversalcreatereadstream
[23/05/2025, 08:29:49] warn: Localization 2070 was not found for directorytraversalreadfile
[23/05/2025, 08:29:49] warn: Localization 2070 was not found for disabling ssl certificate checks
[23/05/2025, 08:29:49] warn: Localization 2070 was not found for disabling ssl certificate checks c
[23/05/2025, 08:29:49] warn: Localization 2070 was not found for disabling ssl-tls certificate checks go
[23/05/2025, 08:29:49] warn: Localization 2070 was not found for divide by zero
[23/05/2025, 08:29:49] warn: Localization 2070 was not found for dom modification contextual fragment
[23/05/2025, 08:29:49] warn: Localization 2070 was not found for dom modification html tag
[23/05/2025, 08:29:49] warn: Localization 2070 was not found for dom modification selected position
[23/05/2025, 08:29:49] warn: Localization 2070 was not found for dom modification string inside document
[23/05/2025, 08:29:49] warn: Localization 2070 was not found for download of code without integrity check
[23/05/2025, 08:29:49] warn: Localization 2070 was not found for embedded malicious code
[23/05/2025, 08:29:49] warn: Localization 2070 was not found for empty default exception handler
[23/05/2025, 08:29:49] warn: Localization 2070 was not found for erroneous null comparison
[23/05/2025, 08:29:49] warn: Localization 2070 was not found for exposure of data element to wrong session
[23/05/2025, 08:29:49] warn: Localization 2070 was not found for exposure of system data to an unauthorized control sphere
[23/05/2025, 08:29:49] warn: Localization 2070 was not found for external control of file name or path
[23/05/2025, 08:29:49] warn: Localization 2070 was not found for file snarfing plsql
[23/05/2025, 08:29:49] warn: Localization 2070 was not found for format string pm
[23/05/2025, 08:29:49] warn: Localization 2070 was not found for forwarding via location
[23/05/2025, 08:29:49] warn: Localization 2070 was not found for forwarding via location function
[23/05/2025, 08:29:49] warn: Localization 2070 was not found for forwarding via opening new tab
[23/05/2025, 08:29:49] warn: Localization 2070 was not found for ftpusage
[23/05/2025, 08:29:49] warn: Localization 2070 was not found for go weak cryptographic hash
[23/05/2025, 08:29:49] warn: Localization 2070 was not found for hardcoded initialization vector
[23/05/2025, 08:29:49] warn: Localization 2070 was not found for hardcoded key
[23/05/2025, 08:29:49] warn: Localization 2070 was not found for hardcoded password kotlin
[23/05/2025, 08:29:49] warn: Localization 2070 was not found for hardcoded password pm
[23/05/2025, 08:29:49] warn: Localization 2070 was not found for hardcoded pbkdf password
[23/05/2025, 08:29:49] warn: Localization 2070 was not found for headerinjection
[23/05/2025, 08:29:49] warn: Localization 2070 was not found for improper access control
[23/05/2025, 08:29:49] warn: Localization 2070 was not found for improper access control c
[23/05/2025, 08:29:49] warn: Localization 2070 was not found for improper certificate validation
[23/05/2025, 08:29:49] warn: Localization 2070 was not found for improper check for unusual or exceptional conditions
[23/05/2025, 08:29:49] warn: Localization 2070 was not found for improperly implemented security check for standard
[23/05/2025, 08:29:49] warn: Localization 2070 was not found for include interface ssl
[23/05/2025, 08:29:49] warn: Localization 2070 was not found for incorrect permission assignment for critical resource
[23/05/2025, 08:29:49] warn: Localization 2070 was not found for incorrect permission assignment for critical resource 1
[23/05/2025, 08:29:49] warn: Localization 2070 was not found for incorrect permission assignment for critical resource go
[23/05/2025, 08:29:49] warn: Localization 2070 was not found for incorrect permission assignment for critical resource java
[23/05/2025, 08:29:49] warn: Localization 2070 was not found for incorrect unix api using
[23/05/2025, 08:29:49] warn: Localization 2070 was not found for incorrect usage of seeds in pseudo-random number generator
[23/05/2025, 08:29:49] warn: Localization 2070 was not found for incorrectpermissionassignmentphp
[23/05/2025, 08:29:49] warn: Localization 2070 was not found for information exposure pm
[23/05/2025, 08:29:49] warn: Localization 2070 was not found for information exposure through an error message
[23/05/2025, 08:29:49] warn: Localization 2070 was not found for information exposure through comments
[23/05/2025, 08:29:49] warn: Localization 2070 was not found for information exposure through persistent cookies
[23/05/2025, 08:29:49] warn: Localization 2070 was not found for information exposure through persistent cookies 1
[23/05/2025, 08:29:49] warn: Localization 2070 was not found for information exposure through static content
[23/05/2025, 08:29:49] warn: Localization 2070 was not found for informationexposureviaexception
[23/05/2025, 08:29:49] warn: Localization 2070 was not found for insecure cipher key export
[23/05/2025, 08:29:49] warn: Localization 2070 was not found for insecure connection protocol
[23/05/2025, 08:29:49] warn: Localization 2070 was not found for insecure cookie 1
[23/05/2025, 08:29:49] warn: Localization 2070 was not found for insecure cookie 2
[23/05/2025, 08:29:49] warn: Localization 2070 was not found for insecure cookie scope
[23/05/2025, 08:29:49] warn: Localization 2070 was not found for insecure data storage
[23/05/2025, 08:29:49] warn: Localization 2070 was not found for insecure data storage objc simple
[23/05/2025, 08:29:49] warn: Localization 2070 was not found for insecure network binding
[23/05/2025, 08:29:49] warn: Localization 2070 was not found for insecure randomness ojbc
[23/05/2025, 08:29:49] warn: Localization 2070 was not found for insecure randomness plsql
[23/05/2025, 08:29:49] warn: Localization 2070 was not found for insecure randomness tsql
[23/05/2025, 08:29:49] warn: Localization 2070 was not found for insecure rsa padding
[23/05/2025, 08:29:49] warn: Localization 2070 was not found for insecure rsa padding 1
[23/05/2025, 08:29:49] warn: Localization 2070 was not found for insecure ssl connection
[23/05/2025, 08:29:49] warn: Localization 2070 was not found for insecure ssl connection 1
[23/05/2025, 08:29:49] warn: Localization 2070 was not found for insecure ssl protocol
[23/05/2025, 08:29:49] warn: Localization 2070 was not found for insecure transport java
[23/05/2025, 08:29:49] warn: Localization 2070 was not found for insecure usage of jinja templates
[23/05/2025, 08:29:49] warn: Localization 2070 was not found for insecure usage of mako templates
[23/05/2025, 08:29:49] warn: Localization 2070 was not found for insecure validation functions
[23/05/2025, 08:29:49] warn: Localization 2070 was not found for insecure validation functions 1
[23/05/2025, 08:29:49] warn: Localization 2070 was not found for insecure work with temporary files
[23/05/2025, 08:29:49] warn: Localization 2070 was not found for insecureevalpython
[23/05/2025, 08:29:49] warn: Localization 2070 was not found for insufficient cors policy
[23/05/2025, 08:29:49] warn: Localization 2070 was not found for insufficient encryption key length
[23/05/2025, 08:29:49] warn: Localization 2070 was not found for insufficient encryption key length 1
[23/05/2025, 08:29:49] warn: Localization 2070 was not found for insufficient key size go
[23/05/2025, 08:29:49] warn: Localization 2070 was not found for insufficient logging&monitoring
[23/05/2025, 08:29:49] warn: Localization 2070 was not found for insufficient session expiration pm
[23/05/2025, 08:29:49] warn: Localization 2070 was not found for insufficientencryptionkeylength
[23/05/2025, 08:29:49] warn: Localization 2070 was not found for integer overflow pm
[23/05/2025, 08:29:49] warn: Localization 2070 was not found for jquery function that adds element
[23/05/2025, 08:29:49] warn: Localization 2070 was not found for jquery function that replaces element
[23/05/2025, 08:29:49] warn: Localization 2070 was not found for jquery html inside dom
[23/05/2025, 08:29:49] warn: Localization 2070 was not found for jquery unsafe functions for dom
[23/05/2025, 08:29:49] warn: Localization 2070 was not found for jquery wrap element to html
[23/05/2025, 08:29:49] warn: Localization 2070 was not found for json-test
[23/05/2025, 08:29:49] warn: Localization 2070 was not found for lack of the host key verification go
[23/05/2025, 08:29:49] warn: Localization 2070 was not found for least privilege violation
[23/05/2025, 08:29:49] warn: Localization 2070 was not found for leftover debug code
[23/05/2025, 08:29:49] warn: Localization 2070 was not found for marksafepython
[23/05/2025, 08:29:49] warn: Localization 2070 was not found for memory leak
[23/05/2025, 08:29:49] warn: Localization 2070 was not found for method without super clone
[23/05/2025, 08:29:49] warn: Localization 2070 was not found for method without super finalize
[23/05/2025, 08:29:49] warn: Localization 2070 was not found for missing auth localized reason
[23/05/2025, 08:29:49] warn: Localization 2070 was not found for missing encryption of sensitive data
[23/05/2025, 08:29:49] warn: Localization 2070 was not found for none
[23/05/2025, 08:29:49] warn: Localization 2070 was not found for notlsreject
[23/05/2025, 08:29:49] warn: Localization 2070 was not found for nslog using
[23/05/2025, 08:29:49] warn: Localization 2070 was not found for null dereference pattern
[23/05/2025, 08:29:49] warn: Localization 2070 was not found for null pbkdf password
[23/05/2025, 08:29:49] warn: Localization 2070 was not found for obsolete function
[23/05/2025, 08:29:49] warn: Localization 2070 was not found for openredirect
[23/05/2025, 08:29:49] warn: Localization 2070 was not found for overly broad grant
[23/05/2025, 08:29:49] warn: Localization 2070 was not found for override equals method without hashcode
[23/05/2025, 08:29:49] warn: Localization 2070 was not found for pattern matching
[23/05/2025, 08:29:49] warn: Localization 2070 was not found for php pm sensitive cookie in https session without ‘secure’ attribute
[23/05/2025, 08:29:49] warn: Localization 2070 was not found for plaintext storage of a password
[23/05/2025, 08:29:49] warn: Localization 2070 was not found for plaintext storage of a password 1
[23/05/2025, 08:29:49] warn: Localization 2070 was not found for play 1 html xss
[23/05/2025, 08:29:49] warn: Localization 2070 was not found for play 2 html xss
[23/05/2025, 08:29:49] warn: Localization 2070 was not found for poor logging practice logger
[23/05/2025, 08:29:49] warn: Localization 2070 was not found for poor logging practice system
[23/05/2025, 08:29:49] warn: Localization 2070 was not found for possible rce through sql injection
[23/05/2025, 08:29:49] warn: Localization 2070 was not found for private array typed field returned from a public method
[23/05/2025, 08:29:49] warn: Localization 2070 was not found for public data assigned to private array typed field
[23/05/2025, 08:29:49] warn: Localization 2070 was not found for python weak cryptographic hash
[23/05/2025, 08:29:49] warn: Localization 2070 was not found for python2input
[23/05/2025, 08:29:49] warn: Localization 2070 was not found for pythonassertion
[23/05/2025, 08:29:49] warn: Localization 2070 was not found for reflectedcrosssitescripting
[23/05/2025, 08:29:49] warn: Localization 2070 was not found for reliance on dns lookups in a security decision
[23/05/2025, 08:29:49] warn: Localization 2070 was not found for return of stack variable address
[23/05/2025, 08:29:49] warn: Localization 2070 was not found for reversible one way hash
[23/05/2025, 08:29:49] warn: Localization 2070 was not found for sensitive cookie in https session without ‘secure’ attribute
[23/05/2025, 08:29:49] warn: Localization 2070 was not found for sensitive cookie in https session without httponly attribute
[23/05/2025, 08:29:49] warn: Localization 2070 was not found for sensitive cookie in https session without secure attribute
[23/05/2025, 08:29:49] warn: Localization 2070 was not found for serversideinjectioneval
[23/05/2025, 08:29:49] warn: Localization 2070 was not found for serversideinjectionfunction
[23/05/2025, 08:29:49] warn: Localization 2070 was not found for serversideinjectionsetinterval
[23/05/2025, 08:29:49] warn: Localization 2070 was not found for serversideinjectionsettimeout
[23/05/2025, 08:29:49] warn: Localization 2070 was not found for serversideinjectionyaml
[23/05/2025, 08:29:49] warn: Localization 2070 was not found for ssl configuration flaws
[23/05/2025, 08:29:49] warn: Localization 2070 was not found for static random number generator
[23/05/2025, 08:29:49] warn: Localization 2070 was not found for time of check time of use race condition
[23/05/2025, 08:29:49] warn: Localization 2070 was not found for trust boundary violation
[23/05/2025, 08:29:49] warn: Localization 2070 was not found for type confusion
[23/05/2025, 08:29:49] warn: Localization 2070 was not found for uncontrolled memory allocation
[23/05/2025, 08:29:49] warn: Localization 2070 was not found for uncontrolled recursion
[23/05/2025, 08:29:49] warn: Localization 2070 was not found for unreachable code
[23/05/2025, 08:29:49] warn: Localization 2070 was not found for unsafe cross-origin resource sharing
[23/05/2025, 08:29:49] warn: Localization 2070 was not found for unsafe reflection
[23/05/2025, 08:29:49] warn: Localization 2070 was not found for unsalted one way hash
[23/05/2025, 08:29:49] warn: Localization 2070 was not found for unsalted one way hash 1
[23/05/2025, 08:29:49] warn: Localization 2070 was not found for unsaltedonewayhash
[23/05/2025, 08:29:49] warn: Localization 2070 was not found for unused var
[23/05/2025, 08:29:49] warn: Localization 2070 was not found for urllibusagepython
[23/05/2025, 08:29:49] warn: Localization 2070 was not found for use broken crypto
[23/05/2025, 08:29:49] warn: Localization 2070 was not found for use of a broken or risky cryptographic algorithm
[23/05/2025, 08:29:49] warn: Localization 2070 was not found for use of a broken or risky cryptographic algorithm 1
[23/05/2025, 08:29:49] warn: Localization 2070 was not found for use of a broken or risky cryptographic algorithm 2
[23/05/2025, 08:29:49] warn: Localization 2070 was not found for use of a broken or risky cryptographic algorithm 3
[23/05/2025, 08:29:49] warn: Localization 2070 was not found for use of a broken or risky cryptographic algorithm 4
[23/05/2025, 08:29:49] warn: Localization 2070 was not found for use of a broken or risky cryptographic algorithm 5
[23/05/2025, 08:29:49] warn: Localization 2070 was not found for use of a broken or risky cryptographic algorithm 6
[23/05/2025, 08:29:49] warn: Localization 2070 was not found for use of a broken or risky cryptographic algorithm go
[23/05/2025, 08:29:49] warn: Localization 2070 was not found for use of function with inconsistent implementations
[23/05/2025, 08:29:49] warn: Localization 2070 was not found for use of hardcoded cryptographic key
[23/05/2025, 08:29:49] warn: Localization 2070 was not found for use of insufficiently random values
[23/05/2025, 08:29:49] warn: Localization 2070 was not found for use of insufficiently random values 1
[23/05/2025, 08:29:49] warn: Localization 2070 was not found for use of insufficiently random values 2
[23/05/2025, 08:29:49] warn: Localization 2070 was not found for use of nullpointerexception catch
[23/05/2025, 08:29:49] warn: Localization 2070 was not found for use of obsolete function 1
[23/05/2025, 08:29:49] warn: Localization 2070 was not found for use of system exit
[23/05/2025, 08:29:49] warn: Localization 2070 was not found for use of uninitialized variable
[23/05/2025, 08:29:49] warn: Localization 2070 was not found for user driven insecure hash algorithm
[23/05/2025, 08:29:49] warn: Localization 2070 was not found for user driven insecure hash algorithm 1
[23/05/2025, 08:29:49] warn: Localization 2070 was not found for vulnerable template module
[23/05/2025, 08:29:49] warn: Localization 2070 was not found for weak crypto api objc
[23/05/2025, 08:29:49] warn: Localization 2070 was not found for weak crypto hash api objc
[23/05/2025, 08:29:49] warn: Localization 2070 was not found for weak crypto iv objc
[23/05/2025, 08:29:49] warn: Localization 2070 was not found for weak crypto key objc
[23/05/2025, 08:29:49] warn: Localization 2070 was not found for weak cryptographic algorithm 1
[23/05/2025, 08:29:49] warn: Localization 2070 was not found for weak cryptographic hash
[23/05/2025, 08:29:49] warn: Localization 2070 was not found for weak cryptographic hash plsql
[23/05/2025, 08:29:49] warn: Localization 2070 was not found for weak cryptographic hash tsql
[23/05/2025, 08:29:49] warn: Localization 2070 was not found for weak hmac key objc
[23/05/2025, 08:29:49] warn: Localization 2070 was not found for weak password requirements
[23/05/2025, 08:29:49] warn: Localization 2070 was not found for weak pbkdf salt
[23/05/2025, 08:29:49] warn: Localization 2070 was not found for weak rsa objc
[23/05/2025, 08:29:49] warn: Localization 2070 was not found for weakhashcrypto
[23/05/2025, 08:29:49] warn: Localization 2070 was not found for weakhashcryptojs
[23/05/2025, 08:29:49] warn: Localization 2070 was not found for webforms validaterequest
[23/05/2025, 08:29:49] warn: Localization 2070 was not found for webview xss
[23/05/2025, 08:29:49] warn: Localization 2070 was not found for xml external entity pm
[23/05/2025, 08:29:49] warn: Localization 2070 was not found for xss protection disabled
[23/05/2025, 08:29:49] warn: Localization 2070 was not found for yaml load
[23/05/2025, 08:29:49] warn: Localization 2070 was not found for .htaccess addhandler
[23/05/2025, 08:29:49] warn: Localization 2070 was not found for .htaccess addtype
[23/05/2025, 08:29:49] warn: Localization 2070 was not found for .htaccess options
[23/05/2025, 08:29:49] warn: Localization 2070 was not found for .htaccess php_value
[23/05/2025, 08:29:49] warn: Localization 2070 was not found for .htaccess serversignature
[23/05/2025, 08:29:49] warn: Localization 2070 was not found for android_manifest.xml @android:allowbackup
[23/05/2025, 08:29:49] warn: Localization 2070 was not found for android_manifest.xml @android:debuggable
[23/05/2025, 08:29:49] warn: Localization 2070 was not found for android_manifest.xml @android:exported
[23/05/2025, 08:29:49] warn: Localization 2070 was not found for android_manifest.xml @android:exported[provider]
[23/05/2025, 08:29:49] warn: Localization 2070 was not found for android_manifest.xml @android:protectionlevel
[23/05/2025, 08:29:49] warn: Localization 2070 was not found for android_manifest.xml @android:scheme
[23/05/2025, 08:29:49] warn: Localization 2070 was not found for android_networksecurityconfig.xml @src
[23/05/2025, 08:29:49] warn: Localization 2070 was not found for apache.conf addhandler
[23/05/2025, 08:29:49] warn: Localization 2070 was not found for apache.conf addtype
[23/05/2025, 08:29:49] warn: Localization 2070 was not found for apache.conf loadmodule
[23/05/2025, 08:29:49] warn: Localization 2070 was not found for apache.conf options
[23/05/2025, 08:29:49] warn: Localization 2070 was not found for apache.conf php_value
[23/05/2025, 08:29:49] warn: Localization 2070 was not found for apache.conf serversignature
[23/05/2025, 08:29:49] warn: Localization 2070 was not found for apache.conf servertokens
[23/05/2025, 08:29:49] warn: Localization 2070 was not found for apache.conf traceenable
[23/05/2025, 08:29:49] warn: Localization 2070 was not found for applicationhost.config @accesspolicy
[23/05/2025, 08:29:49] warn: Localization 2070 was not found for applicationhost.config @notlistedisapisallowed
[23/05/2025, 08:29:49] warn: Localization 2070 was not found for applicationhost.config @username
[23/05/2025, 08:29:49] warn: Localization 2070 was not found for conf arbitrary file upload file_uploads
[23/05/2025, 08:29:49] warn: Localization 2070 was not found for conf cross site scripting vulnerability http-only
[23/05/2025, 08:29:49] warn: Localization 2070 was not found for conf cross site scripting vulnerability httponlycookies
[23/05/2025, 08:29:49] warn: Localization 2070 was not found for conf cross site scripting vulnerability register_globals
[23/05/2025, 08:29:49] warn: Localization 2070 was not found for conf cross site scripting vulnerability session.cookie_httponly
[23/05/2025, 08:29:49] warn: Localization 2070 was not found for conf cross site scripting vulnerability traceenable
[23/05/2025, 08:29:49] warn: Localization 2070 was not found for conf cross site scripting vulnerability validaterequest
[23/05/2025, 08:29:49] warn: Localization 2070 was not found for conf denial of service loadmodule security2_module
[23/05/2025, 08:29:49] warn: Localization 2070 was not found for conf denial of service max_execution_time
[23/05/2025, 08:29:49] warn: Localization 2070 was not found for conf denial of service max_input_nesting_level
[23/05/2025, 08:29:49] warn: Localization 2070 was not found for conf denial of service max_input_time
[23/05/2025, 08:29:49] warn: Localization 2070 was not found for conf denial of service memory_limit
[23/05/2025, 08:29:49] warn: Localization 2070 was not found for conf denial of service post_max_size
[23/05/2025, 08:29:49] warn: Localization 2070 was not found for conf denial of service upload_max_filesize
[23/05/2025, 08:29:49] warn: Localization 2070 was not found for conf directory indexing autoindex
[23/05/2025, 08:29:49] warn: Localization 2070 was not found for conf directory indexing loadmodule autoindex_module
[23/05/2025, 08:29:49] warn: Localization 2070 was not found for conf directory indexing options
[23/05/2025, 08:29:49] warn: Localization 2070 was not found for conf directory indexing ssi
[23/05/2025, 08:29:49] warn: Localization 2070 was not found for conf information leakage curl.cainfo
[23/05/2025, 08:29:49] warn: Localization 2070 was not found for conf information leakage debug
[23/05/2025, 08:29:49] warn: Localization 2070 was not found for conf information leakage display_errors
[23/05/2025, 08:29:49] warn: Localization 2070 was not found for conf information leakage display_startup_errors
[23/05/2025, 08:29:49] warn: Localization 2070 was not found for conf information leakage error-code
[23/05/2025, 08:29:49] warn: Localization 2070 was not found for conf information leakage errordocument
[23/05/2025, 08:29:49] warn: Localization 2070 was not found for conf information leakage expose_php
[23/05/2025, 08:29:49] warn: Localization 2070 was not found for conf information leakage loadmodule include_module
[23/05/2025, 08:29:49] warn: Localization 2070 was not found for conf information leakage loadmodule info_module
[23/05/2025, 08:29:49] warn: Localization 2070 was not found for conf information leakage loadmodule negotiation_module
[23/05/2025, 08:29:49] warn: Localization 2070 was not found for conf information leakage mode
[23/05/2025, 08:29:49] warn: Localization 2070 was not found for conf information leakage param-name
[23/05/2025, 08:29:49] warn: Localization 2070 was not found for conf information leakage param-name-xsrf
[23/05/2025, 08:29:49] warn: Localization 2070 was not found for conf information leakage request_order
[23/05/2025, 08:29:49] warn: Localization 2070 was not found for conf information leakage server_tokens
[23/05/2025, 08:29:49] warn: Localization 2070 was not found for conf information leakage serversignature
[23/05/2025, 08:29:49] warn: Localization 2070 was not found for conf information leakage servertokens
[23/05/2025, 08:29:49] warn: Localization 2070 was not found for conf information leakage statuscode
[23/05/2025, 08:29:49] warn: Localization 2070 was not found for conf information leakage value
[23/05/2025, 08:29:49] warn: Localization 2070 was not found for conf insufficient authentication enableviewstatemac
[23/05/2025, 08:29:49] warn: Localization 2070 was not found for conf insufficient session expiration session-timeout
[23/05/2025, 08:29:49] warn: Localization 2070 was not found for conf insufficient transport layer protection requiressl
[23/05/2025, 08:29:49] warn: Localization 2070 was not found for conf insufficient transport layer protection secure
[23/05/2025, 08:29:49] warn: Localization 2070 was not found for conf insufficient transport layer protection transport-guarantee
[23/05/2025, 08:29:49] warn: Localization 2070 was not found for conf obsolete option safe_mode
[23/05/2025, 08:29:49] warn: Localization 2070 was not found for conf obsolete option safe_mode_exec_dir
[23/05/2025, 08:29:49] warn: Localization 2070 was not found for conf obsolete option safe_mode_gid
[23/05/2025, 08:29:49] warn: Localization 2070 was not found for conf obsolete option safe_mode_include_dir
[23/05/2025, 08:29:49] warn: Localization 2070 was not found for conf path traversal vulnerability open_basedir
[23/05/2025, 08:29:49] warn: Localization 2070 was not found for conf remote code execution addhandler
[23/05/2025, 08:29:49] warn: Localization 2070 was not found for conf remote code execution addtype
[23/05/2025, 08:29:49] warn: Localization 2070 was not found for conf remote code execution assert.active
[23/05/2025, 08:29:49] warn: Localization 2070 was not found for conf remote code execution auto_append_file
[23/05/2025, 08:29:49] warn: Localization 2070 was not found for conf remote code execution auto_prepend_file
[23/05/2025, 08:29:49] warn: Localization 2070 was not found for conf remote code execution enable_dl
[23/05/2025, 08:29:49] warn: Localization 2070 was not found for conf remote code execution php_value
[23/05/2025, 08:29:49] warn: Localization 2070 was not found for conf remote command execution disable_functions
[23/05/2025, 08:29:49] warn: Localization 2070 was not found for conf remote command execution http-method
[23/05/2025, 08:29:49] warn: Localization 2070 was not found for conf remote command execution loadmodule cgi_module
[23/05/2025, 08:29:49] warn: Localization 2070 was not found for conf remote file inclusion allow_url_fopen
[23/05/2025, 08:29:49] warn: Localization 2070 was not found for conf remote file inclusion allow_url_include
[23/05/2025, 08:29:49] warn: Localization 2070 was not found for conf remote file inclusion cgi.fix_pathinfo
[23/05/2025, 08:29:49] warn: Localization 2070 was not found for conf response splitting enableheaderchecking
[23/05/2025, 08:29:49] warn: Localization 2070 was not found for conf response splitting useunsafeheaderparsing
[23/05/2025, 08:29:49] warn: Localization 2070 was not found for conf session hijacking log_errors
[23/05/2025, 08:29:49] warn: Localization 2070 was not found for conf session hijacking session.cookie_lifetime
[23/05/2025, 08:29:49] warn: Localization 2070 was not found for conf session hijacking session.cookie_secure
[23/05/2025, 08:29:49] warn: Localization 2070 was not found for conf session hijacking session.referer_check
[23/05/2025, 08:29:49] warn: Localization 2070 was not found for conf session hijacking session.save_path
[23/05/2025, 08:29:49] warn: Localization 2070 was not found for conf session hijacking session.use_cookies
[23/05/2025, 08:29:49] warn: Localization 2070 was not found for conf session hijacking session.use_only_cookies
[23/05/2025, 08:29:49] warn: Localization 2070 was not found for conf session hijacking session.use_strict_mode
[23/05/2025, 08:29:49] warn: Localization 2070 was not found for conf session hijacking ssl
[23/05/2025, 08:29:49] warn: Localization 2070 was not found for conf session hijacking ssl_certificate
[23/05/2025, 08:29:49] warn: Localization 2070 was not found for conf session hijacking ssl_certificate_key
[23/05/2025, 08:29:49] warn: Localization 2070 was not found for conf session hijacking ssl_ciphers
[23/05/2025, 08:29:49] warn: Localization 2070 was not found for conf session hijacking ssl_dhparam
[23/05/2025, 08:29:49] warn: Localization 2070 was not found for conf session hijacking ssl_prefer_server_ciphers
[23/05/2025, 08:29:49] warn: Localization 2070 was not found for conf session hijacking ssl_protocols
[23/05/2025, 08:29:49] warn: Localization 2070 was not found for conf session hijacking ssl_session_cache
[23/05/2025, 08:29:49] warn: Localization 2070 was not found for conf session hijacking ssl_session_timeout
[23/05/2025, 08:29:49] warn: Localization 2070 was not found for conf session hijacking ssl_stapling
[23/05/2025, 08:29:49] warn: Localization 2070 was not found for conf session hijacking tracking-mode
[23/05/2025, 08:29:49] warn: Localization 2070 was not found for conf sql injection magic_quotes_gpc
[23/05/2025, 08:29:49] warn: Localization 2070 was not found for conf sql injection magic_quotes_runtime
[23/05/2025, 08:29:49] warn: Localization 2070 was not found for conf sql injection magic_quotes_sybase
[23/05/2025, 08:29:49] warn: Localization 2070 was not found for domain.xml @audit-enabled
[23/05/2025, 08:29:49] warn: Localization 2070 was not found for domain.xml @port
[23/05/2025, 08:29:49] warn: Localization 2070 was not found for domain.xml @value
[23/05/2025, 08:29:49] warn: Localization 2070 was not found for domain.xml @xpowered-by
[23/05/2025, 08:29:49] warn: Localization 2070 was not found for domain.xml jvm-options
[23/05/2025, 08:29:49] warn: Localization 2070 was not found for ios_info.plist cfbundleurltypes
[23/05/2025, 08:29:49] warn: Localization 2070 was not found for ios_info.plist nsexceptionallowsinsecurehttploads
[23/05/2025, 08:29:49] warn: Localization 2070 was not found for ios_info.plist nsexceptionminimumtlsversion
[23/05/2025, 08:29:49] warn: Localization 2070 was not found for ios_info.plist nstemporarythirdpartyexceptionallowsinsecurehttploads
[23/05/2025, 08:29:49] warn: Localization 2070 was not found for ios_info.plist nstemporarythirdpartyexceptionminimumtlsversion
[23/05/2025, 08:29:49] warn: Localization 2070 was not found for lighttpd.conf cgi.assign
[23/05/2025, 08:29:49] warn: Localization 2070 was not found for lighttpd.conf server.dir-listing
[23/05/2025, 08:29:49] warn: Localization 2070 was not found for lighttpd.conf setenv.add-response-header
[23/05/2025, 08:29:49] warn: Localization 2070 was not found for lighttpd.conf status.config-url
[23/05/2025, 08:29:49] warn: Localization 2070 was not found for lighttpd.conf status.status-url
[23/05/2025, 08:29:49] warn: Localization 2070 was not found for lighttpd.conf webdav.is-readonly
[23/05/2025, 08:29:49] warn: Localization 2070 was not found for machine.config @debug
[23/05/2025, 08:29:49] warn: Localization 2070 was not found for machine.config @decryption
[23/05/2025, 08:29:49] warn: Localization 2070 was not found for machine.config @decryptionkey
[23/05/2025, 08:29:49] warn: Localization 2070 was not found for machine.config @passwordformat
[23/05/2025, 08:29:49] warn: Localization 2070 was not found for machine.config @retail
[23/05/2025, 08:29:49] warn: Localization 2070 was not found for machine.config @username[@processmodel]
[23/05/2025, 08:29:49] warn: Localization 2070 was not found for machine.config @validation
[23/05/2025, 08:29:49] warn: Localization 2070 was not found for machine.config @validationkey
[23/05/2025, 08:29:49] warn: Localization 2070 was not found for nginx.conf add_header
[23/05/2025, 08:29:49] warn: Localization 2070 was not found for nginx.conf add_header[inheritance]
[23/05/2025, 08:29:49] warn: Localization 2070 was not found for nginx.conf alias[traversal]
[23/05/2025, 08:29:49] warn: Localization 2070 was not found for nginx.conf autoindex
[23/05/2025, 08:29:49] warn: Localization 2070 was not found for nginx.conf error_log
[23/05/2025, 08:29:49] warn: Localization 2070 was not found for nginx.conf error_page
[23/05/2025, 08:29:49] warn: Localization 2070 was not found for nginx.conf more_set_headers
[23/05/2025, 08:29:49] warn: Localization 2070 was not found for nginx.conf proxy_set_header
[23/05/2025, 08:29:49] warn: Localization 2070 was not found for nginx.conf server_tokens
[23/05/2025, 08:29:49] warn: Localization 2070 was not found for nginx.conf ssi
[23/05/2025, 08:29:49] warn: Localization 2070 was not found for nginx.conf ssl
[23/05/2025, 08:29:49] warn: Localization 2070 was not found for nginx.conf ssl_certificate
[23/05/2025, 08:29:49] warn: Localization 2070 was not found for nginx.conf ssl_certificate_key
[23/05/2025, 08:29:49] warn: Localization 2070 was not found for nginx.conf ssl_ciphers
[23/05/2025, 08:29:49] warn: Localization 2070 was not found for nginx.conf ssl_dhparam
[23/05/2025, 08:29:49] warn: Localization 2070 was not found for nginx.conf ssl_prefer_server_ciphers
[23/05/2025, 08:29:49] warn: Localization 2070 was not found for nginx.conf ssl_protocols
[23/05/2025, 08:29:49] warn: Localization 2070 was not found for nginx.conf ssl_session_cache
[23/05/2025, 08:29:49] warn: Localization 2070 was not found for nginx.conf ssl_session_timeout
[23/05/2025, 08:29:49] warn: Localization 2070 was not found for nginx.conf ssl_stapling
[23/05/2025, 08:29:49] warn: Localization 2070 was not found for nginx.conf valid_referers
[23/05/2025, 08:29:49] warn: Localization 2070 was not found for php.ini allow_url_fopen
[23/05/2025, 08:29:49] warn: Localization 2070 was not found for php.ini allow_url_include
[23/05/2025, 08:29:49] warn: Localization 2070 was not found for php.ini assert.active
[23/05/2025, 08:29:49] warn: Localization 2070 was not found for php.ini auto_append_file
[23/05/2025, 08:29:49] warn: Localization 2070 was not found for php.ini auto_prepend_file
[23/05/2025, 08:29:49] warn: Localization 2070 was not found for php.ini cgi.fix_pathinfo
[23/05/2025, 08:29:49] warn: Localization 2070 was not found for php.ini cgi.force_redirect
[23/05/2025, 08:29:49] warn: Localization 2070 was not found for php.ini disable_functions
[23/05/2025, 08:29:49] warn: Localization 2070 was not found for php.ini display_errors
[23/05/2025, 08:29:49] warn: Localization 2070 was not found for php.ini display_startup_errors
[23/05/2025, 08:29:49] warn: Localization 2070 was not found for php.ini enable_dl
[23/05/2025, 08:29:49] warn: Localization 2070 was not found for php.ini expose_php
[23/05/2025, 08:29:49] warn: Localization 2070 was not found for php.ini log_errors
[23/05/2025, 08:29:49] warn: Localization 2070 was not found for php.ini magic_quotes_gpc
[23/05/2025, 08:29:49] warn: Localization 2070 was not found for php.ini magic_quotes_runtime
[23/05/2025, 08:29:49] warn: Localization 2070 was not found for php.ini magic_quotes_sybase
[23/05/2025, 08:29:49] warn: Localization 2070 was not found for php.ini max_execution_time
[23/05/2025, 08:29:49] warn: Localization 2070 was not found for php.ini max_input_nesting_level
[23/05/2025, 08:29:49] warn: Localization 2070 was not found for php.ini max_input_time
[23/05/2025, 08:29:49] warn: Localization 2070 was not found for php.ini memory_limit
[23/05/2025, 08:29:49] warn: Localization 2070 was not found for php.ini open_basedir
[23/05/2025, 08:29:49] warn: Localization 2070 was not found for php.ini post_max_size
[23/05/2025, 08:29:49] warn: Localization 2070 was not found for php.ini register_globals
[23/05/2025, 08:29:49] warn: Localization 2070 was not found for php.ini request_order
[23/05/2025, 08:29:49] warn: Localization 2070 was not found for php.ini safe_mode
[23/05/2025, 08:29:49] warn: Localization 2070 was not found for php.ini session.cookie_httponly
[23/05/2025, 08:29:49] warn: Localization 2070 was not found for php.ini session.cookie_lifetime
[23/05/2025, 08:29:49] warn: Localization 2070 was not found for php.ini session.cookie_secure
[23/05/2025, 08:29:49] warn: Localization 2070 was not found for php.ini session.save_path
[23/05/2025, 08:29:49] warn: Localization 2070 was not found for php.ini session.use_cookies
[23/05/2025, 08:29:49] warn: Localization 2070 was not found for php.ini session.use_only_cookies
[23/05/2025, 08:29:49] warn: Localization 2070 was not found for php.ini session.use_strict_mode
[23/05/2025, 08:29:49] warn: Localization 2070 was not found for php.ini session.use_trans_sid
[23/05/2025, 08:29:49] warn: Localization 2070 was not found for php.ini upload_max_filesize
[23/05/2025, 08:29:49] warn: Localization 2070 was not found for potential vulnerability
[23/05/2025, 08:29:49] warn: Localization 2070 was not found for server.xml_tomcat @allowtrace
[23/05/2025, 08:29:49] warn: Localization 2070 was not found for server.xml_tomcat @autodeploy
[23/05/2025, 08:29:49] warn: Localization 2070 was not found for server.xml_tomcat @clientauth
[23/05/2025, 08:29:49] warn: Localization 2070 was not found for server.xml_tomcat @connectiontimeout
[23/05/2025, 08:29:49] warn: Localization 2070 was not found for server.xml_tomcat @deployonstartup
[23/05/2025, 08:29:49] warn: Localization 2070 was not found for server.xml_tomcat @maxhttpheadersize
[23/05/2025, 08:29:49] warn: Localization 2070 was not found for server.xml_tomcat @secure
[23/05/2025, 08:29:49] warn: Localization 2070 was not found for server.xml_tomcat @shutdown
[23/05/2025, 08:29:49] warn: Localization 2070 was not found for server.xml_tomcat @xpoweredby
[23/05/2025, 08:29:49] warn: Localization 2070 was not found for server.xml_websphere @allowlogoutpageredirecttoanyhost
[23/05/2025, 08:29:49] warn: Localization 2070 was not found for server.xml_websphere @displayauthenticationrealm
[23/05/2025, 08:29:49] warn: Localization 2070 was not found for server.xml_websphere @preservefullyqualifiedreferrerurl
[23/05/2025, 08:29:49] warn: Localization 2070 was not found for standalone.xml @default-user
[23/05/2025, 08:29:49] warn: Localization 2070 was not found for standalone.xml @display-source-fragment
[23/05/2025, 08:29:49] warn: Localization 2070 was not found for standalone.xml @scan-interval
[23/05/2025, 08:29:49] warn: Localization 2070 was not found for standalone.xml @value
[23/05/2025, 08:29:49] warn: Localization 2070 was not found for standalone.xml @x-powered-by
[23/05/2025, 08:29:49] warn: Localization 2070 was not found for web.config @allowoverride
[23/05/2025, 08:29:49] warn: Localization 2070 was not found for web.config @cacherolesincookie
[23/05/2025, 08:29:49] warn: Localization 2070 was not found for web.config @certificatevalidationmode
[23/05/2025, 08:29:49] warn: Localization 2070 was not found for web.config @connectionprotection
[23/05/2025, 08:29:49] warn: Localization 2070 was not found for web.config @cookieless
[23/05/2025, 08:29:49] warn: Localization 2070 was not found for web.config @cookieprotection
[23/05/2025, 08:29:49] warn: Localization 2070 was not found for web.config @cookierequiressl
[23/05/2025, 08:29:49] warn: Localization 2070 was not found for web.config @cookieslidingexpiration
[23/05/2025, 08:29:49] warn: Localization 2070 was not found for web.config @cookietimeout
[23/05/2025, 08:29:49] warn: Localization 2070 was not found for web.config @createpersistentcookie
[23/05/2025, 08:29:49] warn: Localization 2070 was not found for web.config @debug
[23/05/2025, 08:29:49] warn: Localization 2070 was not found for web.config @decryptionkey
[23/05/2025, 08:29:49] warn: Localization 2070 was not found for web.config @enablecrossappredirects
[23/05/2025, 08:29:49] warn: Localization 2070 was not found for web.config @enabled
[23/05/2025, 08:29:49] warn: Localization 2070 was not found for web.config @enabled[directorybrowse]
[23/05/2025, 08:29:49] warn: Localization 2070 was not found for web.config @enableeventvalidation
[23/05/2025, 08:29:49] warn: Localization 2070 was not found for web.config @enableheaderchecking
[23/05/2025, 08:29:49] warn: Localization 2070 was not found for web.config @enableversionheader
[23/05/2025, 08:29:49] warn: Localization 2070 was not found for web.config @enableviewstatemac
[23/05/2025, 08:29:49] warn: Localization 2070 was not found for web.config @httponlycookies
[23/05/2025, 08:29:49] warn: Localization 2070 was not found for web.config @level
[23/05/2025, 08:29:49] warn: Localization 2070 was not found for web.config @maxeventdetaillength
[23/05/2025, 08:29:49] warn: Localization 2070 was not found for web.config @maxeventlengthforsimplemessage
[23/05/2025, 08:29:49] warn: Localization 2070 was not found for web.config @maxrequestlength
[23/05/2025, 08:29:49] warn: Localization 2070 was not found for web.config @maxsizeforsimplemessage
[23/05/2025, 08:29:49] warn: Localization 2070 was not found for web.config @minrequirednonalphanumericcharacters
[23/05/2025, 08:29:49] warn: Localization 2070 was not found for web.config @minrequiredpasswordlength
[23/05/2025, 08:29:49] warn: Localization 2070 was not found for web.config @mode
[23/05/2025, 08:29:49] warn: Localization 2070 was not found for web.config @name[@credentials]
[23/05/2025, 08:29:49] warn: Localization 2070 was not found for web.config @passwordformat
[23/05/2025, 08:29:49] warn: Localization 2070 was not found for web.config @protection
[23/05/2025, 08:29:49] warn: Localization 2070 was not found for web.config @requestvalidationmode
[23/05/2025, 08:29:49] warn: Localization 2070 was not found for web.config @requiressl
[23/05/2025, 08:29:49] warn: Localization 2070 was not found for web.config @requiressl[@authentication]
[23/05/2025, 08:29:49] warn: Localization 2070 was not found for web.config @slidingexpiration
[23/05/2025, 08:29:49] warn: Localization 2070 was not found for web.config @statuscode
[23/05/2025, 08:29:49] warn: Localization 2070 was not found for web.config @timeout
[23/05/2025, 08:29:49] warn: Localization 2070 was not found for web.config @type
[23/05/2025, 08:29:49] warn: Localization 2070 was not found for web.config @username[@identity]
[23/05/2025, 08:29:49] warn: Localization 2070 was not found for web.config @users
[23/05/2025, 08:29:49] warn: Localization 2070 was not found for web.config @useunsafeheaderparsing
[23/05/2025, 08:29:49] warn: Localization 2070 was not found for web.config @validaterequest
[23/05/2025, 08:29:49] warn: Localization 2070 was not found for web.config @validation
[23/05/2025, 08:29:49] warn: Localization 2070 was not found for web.config @validationkey
[23/05/2025, 08:29:49] warn: Localization 2070 was not found for web.config @value
[23/05/2025, 08:29:49] warn: Localization 2070 was not found for web.config @value[@accesscontrolalloworiginheader]
[23/05/2025, 08:29:49] warn: Localization 2070 was not found for web.config @value[@aspnetcore_environment]
[23/05/2025, 08:29:49] warn: Localization 2070 was not found for web.config @value[uselegacyencryption]
[23/05/2025, 08:29:49] warn: Localization 2070 was not found for web.config @value[x-frame-options]
[23/05/2025, 08:29:49] warn: Localization 2070 was not found for web.config @viewstateencryptionmode
[23/05/2025, 08:29:49] warn: Localization 2070 was not found for web.config ciphervalue[@sessionstate]
[23/05/2025, 08:29:49] warn: Localization 2070 was not found for web.config remove/@name[documentation]
[23/05/2025, 08:29:49] warn: Localization 2070 was not found for web.config remove/@name[x-powered-by]
[23/05/2025, 08:29:49] warn: Localization 2070 was not found for web.xml error-code
[23/05/2025, 08:29:49] warn: Localization 2070 was not found for web.xml http-method
[23/05/2025, 08:29:49] warn: Localization 2070 was not found for web.xml http-only
[23/05/2025, 08:29:49] warn: Localization 2070 was not found for web.xml param-value
[23/05/2025, 08:29:49] warn: Localization 2070 was not found for web.xml secure
[23/05/2025, 08:29:49] warn: Localization 2070 was not found for web.xml session-timeout
[23/05/2025, 08:29:49] warn: Localization 2070 was not found for web.xml tracking-mode
[23/05/2025, 08:29:49] warn: Localization 2070 was not found for web.xml transport-guarantee
[23/05/2025, 08:29:49] info: Clean up logs files was started
[23/05/2025, 08:29:49] info: Clean up logs files was finished
